Log file open, 09/12/17 14:43:59
LogInit:Display: Running engine for game: BossFight
LogPlatformFile: Not using cached read wrapper
LogInit:Display: RandInit(1251969084) SRandInit(1251969084).
LogTaskGraph: Started task graph with 5 named threads and 10 total threads with 1 sets of task threads.
LogStats: Stats thread started at 0.098608
LogInit: Using libcurl 7.47.1
LogInit:  - built for x86_64-pc-win32
LogInit:  - supports SSL with OpenSSL/1.0.2g
LogInit:  - supports HTTP deflate (compression) using libz 1.2.8
LogInit:  - other features:
LogInit:      CURL_VERSION_SSL
LogInit:      CURL_VERSION_LIBZ
LogInit:      CURL_VERSION_IPV6
LogInit:      CURL_VERSION_ASYNCHDNS
LogInit:      CURL_VERSION_LARGEFILE
LogInit:      CURL_VERSION_IDN
LogInit:  CurlRequestOptions (configurable via config and command line):
LogInit:  - bVerifyPeer = false  - Libcurl will NOT verify peer certificate
LogInit:  - bUseHttpProxy = false  - Libcurl will NOT use HTTP proxy
LogInit:  - bDontReuseConnections = false  - Libcurl will reuse connections
LogInit:  - CertBundlePath = nullptr  - Libcurl will use whatever was configured at build time.
LogInit: Build: ++UE4+Release-4.16-CL-3466753
LogInit: Engine Version: 4.16.1-3466753+++UE4+Release-4.16
LogInit: Compatible Engine Version: 4.16.0-3452394+++UE4+Release-4.16
LogInit: Net CL: 3452394
LogDevObjectVersion: Number of dev versions registered: 16
LogDevObjectVersion:   Dev-Blueprints (B0D832E4-1F89-4F0D-ACCF-7EB736FD4AA2): 9
LogDevObjectVersion:   Dev-Build (E1C64328-A22C-4D53-A36C-8E866417BD8C): 0
LogDevObjectVersion:   Dev-Core (375EC13C-06E4-48FB-B500-84F0262A717E): 2
LogDevObjectVersion:   Dev-Editor (E4B068ED-F494-42E9-A231-DA0B2E46BB41): 17
LogDevObjectVersion:   Dev-Framework (CFFC743F-43B0-4480-9391-14DF171D2073): 23
LogDevObjectVersion:   Dev-Mobile (B02B49B5-BB20-44E9-A304-32B752E40360): 0
LogDevObjectVersion:   Dev-Networking (A4E4105C-59A1-49B5-A7C5-40C4547EDFEE): 0
LogDevObjectVersion:   Dev-Online (39C831C9-5AE6-47DC-9A44-9C173E1C8E7C): 0
LogDevObjectVersion:   Dev-Physics (78F01B33-EBEA-4F98-B9B4-84EACCB95AA2): 0
LogDevObjectVersion:   Dev-Platform (6631380F-2D4D-43E0-8009-CF276956A95A): 0
LogDevObjectVersion:   Dev-Rendering (12F88B9F-8875-4AFC-A67C-D90C383ABD29): 15
LogDevObjectVersion:   Dev-Sequencer (7B5AE74C-D270-4C10-A958-57980B212A5A): 4
LogDevObjectVersion:   Dev-VR (D7296918-1DD6-4BDD-9DE2-64A83CC13884): 0
LogDevObjectVersion:   Dev-LoadTimes (C2A15278-BFE7-4AFE-6C17-90FF531DF755): 1
LogDevObjectVersion:   Private-Geometry (6EACA3D4-40EC-4CC1-B786-8BED09428FC5): 1
LogDevObjectVersion:   Dev-AnimPhys (29E575DD-E0A3-4627-9D10-D276232CDCEA): 3
LogInit: Compiled (64-bit): May 31 2017 02:03:30
LogInit: Compiled with Visual C++: 19.00.24215.01
LogInit: Build Configuration: Development
LogInit: Branch Name: ++UE4+Release-4.16
LogInit: Command line:  
LogInit: Base directory: C:/Program Files/Epic Games/UE_4.16/Engine/Binaries/Win64/
LogInit: Installed Engine Build: 1
LogInit: Presizing for max 8388607 objects, including 0 objects not considered by GC, pre-allocating 0 bytes for permanent pool.
LogInit: Object subsystem initialized
[2017.09.12-19.43.59:892][  0]LogInit: Selected Device Profile: [Windows]
[2017.09.12-19.43.59:892][  0]LogInit: Applying CVar settings loaded from the selected device profile: [Windows]
[2017.09.12-19.43.59:917][  0]LogInit: Computer: T250-3
[2017.09.12-19.43.59:917][  0]LogInit: User: student
[2017.09.12-19.43.59:917][  0]LogInit: CPU Page size=4096, Cores=6
[2017.09.12-19.43.59:917][  0]LogInit: High frequency timer resolution =3.312666 MHz
[2017.09.12-19.43.59:918][  0]LogMemory: Memory total: Physical=31.9GB (32GB approx)
[2017.09.12-19.43.59:918][  0]LogMemory: Platform Memory Stats for Windows
[2017.09.12-19.43.59:918][  0]LogMemory: Process Physical Memory: 276.69 MB used, 276.69 MB peak
[2017.09.12-19.43.59:918][  0]LogMemory: Process Virtual Memory: 271.09 MB used, 271.09 MB peak
[2017.09.12-19.43.59:918][  0]LogMemory: Physical Memory: 7842.97 MB used,  24815.04 MB free, 32658.01 MB total
[2017.09.12-19.43.59:918][  0]LogMemory: Virtual Memory: 631.18 MB used,  24815.04 MB free, 8388608.00 MB total
[2017.09.12-19.44.00:031][  0]LogInit: Using OS detected language (en-US).
[2017.09.12-19.44.00:031][  0]LogInit: Using OS detected locale (en-US).
[2017.09.12-19.44.00:035][  0]LogTextLocalizationManager: No specific localization for 'en-US' exists, so the 'en' localization will be used.
[2017.09.12-19.44.01:144][  0]LogD3D11RHI: D3D11 adapters:
[2017.09.12-19.44.01:172][  0]LogD3D11RHI:    0. 'NVIDIA GeForce GTX 1070' (Feature Level 11_0)
[2017.09.12-19.44.01:172][  0]LogD3D11RHI:       8085/0/16073 MB DedicatedVideo/DedicatedSystem/SharedSystem, Outputs:1, VendorId:0x10de
[2017.09.12-19.44.01:172][  0]LogD3D11RHI: Chosen D3D11 Adapter: 0
[2017.09.12-19.44.01:176][  0]LogD3D11RHI: Creating new Direct3DDevice
[2017.09.12-19.44.01:176][  0]LogD3D11RHI:     GPU DeviceId: 0x1b81 (for the marketing name, search the web for "GPU Device Id")
[2017.09.12-19.44.01:176][  0]LogWindows: EnumDisplayDevices:
[2017.09.12-19.44.01:176][  0]LogWindows:    0. 'NVIDIA GeForce GTX 1070' (P:1 D:1)
[2017.09.12-19.44.01:177][  0]LogWindows:    1. 'NVIDIA GeForce GTX 1070' (P:0 D:0)
[2017.09.12-19.44.01:177][  0]LogWindows:    2. 'NVIDIA GeForce GTX 1070' (P:0 D:0)
[2017.09.12-19.44.01:177][  0]LogWindows:    3. 'NVIDIA GeForce GTX 1070' (P:0 D:0)
[2017.09.12-19.44.01:177][  0]LogWindows:    4. 'RDPDD Chained DD' (P:0 D:0)
[2017.09.12-19.44.01:177][  0]LogWindows:    5. 'RDP Encoder Mirror Driver' (P:0 D:0)
[2017.09.12-19.44.01:177][  0]LogWindows:    6. 'RDP Reflector Display Driver' (P:0 D:0)
[2017.09.12-19.44.01:177][  0]LogWindows: DebugString: GetVideoDriverDetailsInvalid PrimaryIsNotTheChoosenAdapter GetVideoDriverDetailsInvalid PrimaryIsNotTheChoosenAdapter GetVideoDriverDetailsInvalid PrimaryIsNotTheChoosenAdapter FoundDriverCount:4 
[2017.09.12-19.44.01:177][  0]LogD3D11RHI:     Adapter Name: NVIDIA GeForce GTX 1070
[2017.09.12-19.44.01:177][  0]LogD3D11RHI:   Driver Version: 382.33 (internal:22.21.13.8233, unified:382.33)
[2017.09.12-19.44.01:177][  0]LogD3D11RHI:      Driver Date: 5-17-2017
[2017.09.12-19.44.01:177][  0]LogRHI: Texture pool is 1361 MB (70% of 1945 MB)
[2017.09.12-19.44.01:188][  0]LogD3D11RHI: Async texture creation enabled
[2017.09.12-19.44.01:202][  0]LogD3D11RHI: GPU Timing Frequency: 1000.000000 (Debug: 2 2)
[2017.09.12-19.44.01:250][  0]LogShaderCompilers: Guid format shader working directory is -16 characters bigger than the processId version (D:/iStepable/Rigging/ProjectBossFight/ProjectBossFight/BossFight/Intermediate/Shaders/WorkingDirectory/5548/).
[2017.09.12-19.44.01:250][  0]LogShaderCompilers: Cleaned the shader compiler working directory 'C:/Users/student/AppData/Local/Temp/UnrealShaderWorkingDir/28F7D22641BCAAF306370DB2F02CD9E3/'.
[2017.09.12-19.44.01:250][  0]LogShaderCompilers:Display: Using Local Shader Compiler.
[2017.09.12-19.44.02:586][  0]LogTemp:Display: Loaded TP AllDesktopTargetPlatform
[2017.09.12-19.44.02:651][  0]LogTemp:Display: Loaded TP MacClientTargetPlatform
[2017.09.12-19.44.02:698][  0]LogTemp:Display: Loaded TP MacNoEditorTargetPlatform
[2017.09.12-19.44.02:746][  0]LogTemp:Display: Loaded TP MacServerTargetPlatform
[2017.09.12-19.44.02:782][  0]LogTemp:Display: Loaded TP MacTargetPlatform
[2017.09.12-19.44.02:818][  0]LogTemp:Display: Loaded TP WindowsClientTargetPlatform
[2017.09.12-19.44.02:854][  0]LogTemp:Display: Loaded TP WindowsNoEditorTargetPlatform
[2017.09.12-19.44.02:890][  0]LogTemp:Display: Loaded TP WindowsServerTargetPlatform
[2017.09.12-19.44.02:927][  0]LogTemp:Display: Loaded TP WindowsTargetPlatform
[2017.09.12-19.44.02:964][  0]LogTemp:Display: Loaded TP AndroidTargetPlatform
[2017.09.12-19.44.03:007][  0]LogTemp:Display: Loaded TP Android_ASTCTargetPlatform
[2017.09.12-19.44.03:043][  0]LogTemp:Display: Loaded TP Android_ATCTargetPlatform
[2017.09.12-19.44.03:083][  0]LogTemp:Display: Loaded TP Android_DXTTargetPlatform
[2017.09.12-19.44.03:117][  0]LogTemp:Display: Loaded TP Android_ETC1TargetPlatform
[2017.09.12-19.44.03:153][  0]LogTemp:Display: Loaded TP Android_ETC2TargetPlatform
[2017.09.12-19.44.03:223][  0]LogTemp:Display: Loaded TP Android_MultiTargetPlatform
[2017.09.12-19.44.03:223][  0]LogTemp:Display: Loaded TP Android_PVRTCTargetPlatform
[2017.09.12-19.44.03:249][  0]LogTemp:Display: Loaded TP HTML5TargetPlatform
[2017.09.12-19.44.03:338][  0]LogTemp:Display: Loaded TP IOSTargetPlatform
[2017.09.12-19.44.03:358][  0]LogTemp:Display: Loaded TP TVOSTargetPlatform
[2017.09.12-19.44.03:393][  0]LogTemp:Display: Loaded TP LinuxClientTargetPlatform
[2017.09.12-19.44.03:428][  0]LogTemp:Display: Loaded TP LinuxNoEditorTargetPlatform
[2017.09.12-19.44.03:476][  0]LogTemp:Display: Loaded TP LinuxServerTargetPlatform
[2017.09.12-19.44.03:511][  0]LogTemp:Display: Loaded TP LinuxTargetPlatform
[2017.09.12-19.44.03:511][  0]LogTargetPlatformManager:Display: Building Assets For Windows
[2017.09.12-19.44.03:912][  0]LogDerivedDataCache:Display: Max Cache Size: 512 MB
[2017.09.12-19.44.04:047][  0]LogDerivedDataCache: Loaded boot cache 0.14s 90MB C:/Users/student/AppData/Local/UnrealEngine/4.16/DerivedDataCache/Boot.ddc.
[2017.09.12-19.44.04:047][  0]LogDerivedDataCache:Display: Loaded Boot cache: C:/Users/student/AppData/Local/UnrealEngine/4.16/DerivedDataCache/Boot.ddc
[2017.09.12-19.44.04:047][  0]LogDerivedDataCache: FDerivedDataBackendGraph:  Pak pak cache file D:/iStepable/Rigging/ProjectBossFight/ProjectBossFight/BossFight/DerivedDataCache/DDC.ddp not found, will not use a pak cache.
[2017.09.12-19.44.04:047][  0]LogDerivedDataCache: Unable to find inner node Pak for hierarchical cache Hierarchy.
[2017.09.12-19.44.04:047][  0]LogDerivedDataCache: FDerivedDataBackendGraph:  CompressedPak pak cache file D:/iStepable/Rigging/ProjectBossFight/ProjectBossFight/BossFight/DerivedDataCache/Compressed.ddp not found, will not use a pak cache.
[2017.09.12-19.44.04:047][  0]LogDerivedDataCache: Unable to find inner node CompressedPak for hierarchical cache Hierarchy.
[2017.09.12-19.44.04:063][  0]LogDerivedDataCache:Display: Pak cache opened for reading ../../../Engine/DerivedDataCache/Compressed.ddp.
[2017.09.12-19.44.04:074][  0]LogDerivedDataCache: Using Local data cache path C:/Users/student/AppData/Local/UnrealEngine/Common/DerivedDataCache: Writable
[2017.09.12-19.44.04:098][  0]LogMaterial: Verifying Global Shaders for PCD3D_SM5
[2017.09.12-19.44.04:098][  0]LogSlate: Using Freetype 2.6.0
[2017.09.12-19.44.04:099][  0]LogSlate: SlateFontCache - WITH_FREETYPE: 1, WITH_HARFBUZZ: 1
[2017.09.12-19.44.04:099][  0]LogSlate: SlateFontCache - WITH_FREETYPE: 1, WITH_HARFBUZZ: 1
[2017.09.12-19.44.04:704][  0]LogInit: Selected Device Profile: [Windows]
[2017.09.12-19.44.04:706][  0]LogContentStreaming: Texture pool size is 0.00 MB
[2017.09.12-19.44.05:017][  0]LogMeshUtilities: Using QuadricMeshReduction for automatic static mesh reduction
[2017.09.12-19.44.05:096][  0]LogSimplygon: Simplygon DLL not present - disabling.
[2017.09.12-19.44.05:179][  0]LogMeshUtilities: Using SimplygonSwarm for distributed automatic mesh merging
[2017.09.12-19.44.05:179][  0]LogMeshUtilities: No automatic skeletal mesh reduction module available
[2017.09.12-19.44.05:179][  0]LogMeshUtilities: No automatic mesh merging module available
[2017.09.12-19.44.05:955][  0]LogNetVersion: BossFight , NetCL: 3452394, EngineNetVer: 2, GameNetVer: 0 (Checksum: 3365732719)
[2017.09.12-19.44.06:013][  0]LogAssetRegistry: FAssetRegistry took 0.0240 seconds to start up
[2017.09.12-19.44.06:082][  0]LogPackageLocalizationCache: Processed 4 localized package path(s) for 2 prioritized culture(s) in 0.035943 seconds
[2017.09.12-19.44.06:087][  0]LogUObjectArray: 34194 objects as part of root set at end of initial load.
[2017.09.12-19.44.06:087][  0]LogUObjectAllocator: 7260424 out of 0 bytes used by permanent object pool.
[2017.09.12-19.44.06:087][  0]LogUObjectArray: CloseDisregardForGC: 0/0 objects in disregard for GC pool
[2017.09.12-19.44.06:150][  0]LogInit: WinSock: version 1.1 (2.2), MaxSocks=32767, MaxUdp=65467
[2017.09.12-19.44.08:511][  0]LogTcpMessaging: Initializing TcpMessaging bridge
[2017.09.12-19.44.08:542][  0]LogUdpMessaging: Initializing bridge on interface 0.0.0.0:0 to multicast group 230.0.0.1:6666.
[2017.09.12-19.44.08:954][  0]LogLinker:Warning: Can't find file '/Game/ThirdPersonCPP/Blueprints/ThirdPersonCharacter'
[2017.09.12-19.44.08:954][  0]LogLinker:Warning: Can't find file '/Game/ThirdPersonCPP/Blueprints/ThirdPersonCharacter'
[2017.09.12-19.44.08:954][  0]LogUObjectGlobals:Warning: Failed to find object 'Class /Game/ThirdPersonCPP/Blueprints/ThirdPersonCharacter.ThirdPersonCharacter_C'
[2017.09.12-19.44.08:954][  0]Error: CDO Constructor (BossFightGameMode): Failed to find /Game/ThirdPersonCPP/Blueprints/ThirdPersonCharacter.ThirdPersonCharacter_C

[2017.09.12-19.44.08:954][  0]LogUObjectBase:Warning: -------------- Default Property warnings and errors:
[2017.09.12-19.44.08:954][  0]LogUObjectBase:Warning: Error: CDO Constructor (BossFightGameMode): Failed to find /Game/ThirdPersonCPP/Blueprints/ThirdPersonCharacter.ThirdPersonCharacter_C

[2017.09.12-19.44.10:611][  0]LogMaterial: Uniform references updated for custom material expression Custom.
[2017.09.12-19.44.11:114][  0]SourceControl: Info Source control is disabled
[2017.09.12-19.44.11:115][  0]SourceControl: Info Source control is disabled
[2017.09.12-19.44.11:157][  0]SourceControl: Info Source control is disabled
[2017.09.12-19.44.11:204][  0]SourceControl: Info Source control is disabled
[2017.09.12-19.44.11:753][  0]LogAndroidPermission: UAndroidPermissionCallbackProxy::GetInstance
[2017.09.12-19.44.12:272][  0]LogEngine: Initializing Engine...
[2017.09.12-19.44.12:272][  0]LogHMD: Failed to initialize OpenVR with code 110
[2017.09.12-19.44.12:696][  0]LogStats: UGameplayTagsManager::ConstructGameplayTagTree: Construct from data asset -  0.000 s
[2017.09.12-19.44.12:697][  0]LogStats: UGameplayTagsManager::ConstructGameplayTagTree: GameplayTagTreeChangedEvent.Broadcast -  0.000 s
[2017.09.12-19.44.12:862][  0]LogAIModule: Creating AISystem for world Untitled
[2017.09.12-19.44.12:880][  0]LogInit: XAudio2 using 'Speakers (Sound Blaster Recon3Di)' : 2 channels at 48 kHz using 32 bits per sample (channel mask 0x3)
[2017.09.12-19.44.12:893][  0]LogInit: FAudioDevice initialized.
[2017.09.12-19.44.12:942][  0]LogDerivedDataCache: Saved boot cache 0.05s 90MB C:/Users/student/AppData/Local/UnrealEngine/4.16/DerivedDataCache/Boot.ddc.
[2017.09.12-19.44.12:960][  0]LogInit: Texture streaming: Enabled
[2017.09.12-19.44.13:020][  0]LogEngineSessionManager: EngineSessionManager initialized
[2017.09.12-19.44.13:213][  0]LogInit: Transaction tracking system initialized
[2017.09.12-19.44.13:748][  0]BlueprintLog: New page: Editor Load
[2017.09.12-19.44.14:443][  0]LocalizationService: Info Localization service is disabled
[2017.09.12-19.44.15:075][  0]LogConsoleResponse:Display: 
[2017.09.12-19.44.15:235][  0]LogCook:Display: Max memory allowance for cook 16384mb min free memory 0mb
[2017.09.12-19.44.15:235][  0]LogCook:Display: Mobile HDR setting 1
[2017.09.12-19.44.16:066][  0]LogFileCache: Scanning file cache for directory 'D:/iStepable/Rigging/ProjectBossFight/ProjectBossFight/BossFight/Content/' took 0.01s
[2017.09.12-19.44.16:124][  0]SourceControl: Info Source control is disabled
[2017.09.12-19.44.16:124][  0]Cmd: MAP LOAD FILE="D:/iStepable/Rigging/ProjectBossFight/ProjectBossFight/BossFight/Content/ThirdPersonCPP/Maps/ThirdPersonExampleMap.umap" TEMPLATE=0 SHOWPROGRESS=1 FEATURELEVEL=3
[2017.09.12-19.44.16:124][  0]LightingResults: New page: Lighting Build
[2017.09.12-19.44.16:162][  0]MapCheck: New page: Map Check
[2017.09.12-19.44.16:162][  0]LightingResults: New page: Lighting Build
[2017.09.12-19.44.16:454][  0]LogAIModule: Creating AISystem for world ThirdPersonExampleMap
[2017.09.12-19.44.16:460][  0]LogEditorServer: Finished looking for orphan Actors (0.000 secs)
[2017.09.12-19.44.16:478][  0]Cmd: MAP CHECKDEP NOCLEARLOG
[2017.09.12-19.44.16:529][  0]MapCheck: Info Map check complete: 0 Error(s), 0 Warning(s), took 51.07ms to complete.
[2017.09.12-19.44.16:529][  0]LogFileHelpers: Loading map 'ThirdPersonExampleMap' took 0.406
[2017.09.12-19.44.16:593][  0]LogWindowsTextInputMethodSystem:Display: IME system now deactivated.
[2017.09.12-19.44.16:742][  0]LogCollectionManager: Loaded 0 collections in 0.002589 seconds
[2017.09.12-19.44.16:838][  0]LogFileCache: Scanning file cache for directory 'D:/iStepable/Rigging/ProjectBossFight/ProjectBossFight/BossFight/Saved/Collections/' took 0.01s
[2017.09.12-19.44.16:838][  0]LogFileCache: Scanning file cache for directory 'D:/iStepable/Rigging/ProjectBossFight/ProjectBossFight/BossFight/Content/Developers/student/Collections/' took 0.01s
[2017.09.12-19.44.16:838][  0]LogFileCache: Scanning file cache for directory 'D:/iStepable/Rigging/ProjectBossFight/ProjectBossFight/BossFight/Content/Collections/' took 0.01s
[2017.09.12-19.44.16:838][  0]LogCollectionManager: Rebuilt the GUID cache for 0 collections in 0.000002 seconds
[2017.09.12-19.44.16:855][  0]LogContentBrowser: Native class hierarchy populated in 0.0173 seconds. Added 2331 classes and 493 folders.
[2017.09.12-19.44.16:909][  0]LogContentBrowser: Native class hierarchy updated for 'WidgetCarousel' in 0.0009 seconds. Added 0 classes and 0 folders.
[2017.09.12-19.44.16:946][  0]LogContentBrowser: Native class hierarchy updated for 'AddContentDialog' in 0.0024 seconds. Added 0 classes and 0 folders.
[2017.09.12-19.44.16:983][  0]LogContentBrowser: Native class hierarchy updated for 'SceneOutliner' in 0.0020 seconds. Added 1 classes and 2 folders.
[2017.09.12-19.44.17:016][  0]LogCrashTracker: Crashtracker disabled due to settings.
[2017.09.12-19.44.17:023][  0]LogUObjectGlobals:Warning: Failed to find object 'Class None.'
[2017.09.12-19.44.17:121][  0]LogContentBrowser: Native class hierarchy updated for 'HierarchicalLODOutliner' in 0.0024 seconds. Added 1 classes and 2 folders.
[2017.09.12-19.44.17:121][  0]LogLoad: (Engine Initialization) Total time: 19.01 seconds
[2017.09.12-19.44.17:121][  0]LogLoad: (Engine Initialization) Total Blueprint compile time: 0.09 seconds
[2017.09.12-19.44.17:121][  0]LogExternalProfiler: Found external profiler: VSPerf
[2017.09.12-19.44.17:121][  0]LogExternalProfiler: Using external profiler: VSPerf
[2017.09.12-19.44.17:131][  0]LogOcInput: OculusInput pre-init called
[2017.09.12-19.44.17:131][  0]LogHMD: Starting GearVRController plugin
[2017.09.12-19.44.17:132][  0]LoadErrors:Warning: Warning CreateExport: Failed to load Outer for resource 'Arrow': ThirdPersonCharacter_C /Game/ThirdPersonCPP/Maps/ThirdPersonExampleMap.ThirdPersonExampleMap:PersistentLevel.ThirdPersonCharacter_2
[2017.09.12-19.44.17:132][  0]LoadErrors:Warning: Warning CreateExport: Failed to load Outer for resource 'FollowCamera': ThirdPersonCharacter_C /Game/ThirdPersonCPP/Maps/ThirdPersonExampleMap.ThirdPersonExampleMap:PersistentLevel.ThirdPersonCharacter_2
[2017.09.12-19.44.17:132][  0]LoadErrors:Warning: Warning CreateExport: Failed to load Outer for resource 'CollisionCylinder': ThirdPersonCharacter_C /Game/ThirdPersonCPP/Maps/ThirdPersonExampleMap.ThirdPersonExampleMap:PersistentLevel.ThirdPersonCharacter_2
[2017.09.12-19.44.17:132][  0]LoadErrors:Warning: Warning CreateExport: Failed to load Outer for resource 'CharMoveComp': ThirdPersonCharacter_C /Game/ThirdPersonCPP/Maps/ThirdPersonExampleMap.ThirdPersonExampleMap:PersistentLevel.ThirdPersonCharacter_2
[2017.09.12-19.44.17:132][  0]LoadErrors:Warning: Warning CreateExport: Failed to load Outer for resource 'CharacterMesh0': ThirdPersonCharacter_C /Game/ThirdPersonCPP/Maps/ThirdPersonExampleMap.ThirdPersonExampleMap:PersistentLevel.ThirdPersonCharacter_2
[2017.09.12-19.44.17:132][  0]LoadErrors:Warning: Warning CreateExport: Failed to load Outer for resource 'CameraBoom': ThirdPersonCharacter_C /Game/ThirdPersonCPP/Maps/ThirdPersonExampleMap.ThirdPersonExampleMap:PersistentLevel.ThirdPersonCharacter_2
[2017.09.12-19.44.17:155][  0]LogContentStreaming: Texture pool size now 1000 MB
[2017.09.12-19.44.17:170][  0]LogSlate: Took 0.000288 seconds to synchronously load lazily loaded font '../../../Engine/Content/Slate/Fonts/Roboto-Regular.ttf' (155K)
[2017.09.12-19.44.17:174][  0]LogSlate: Took 0.000289 seconds to synchronously load lazily loaded font '../../../Engine/Content/Slate/Fonts/Roboto-Bold.ttf' (160K)
[2017.09.12-19.44.17:184][  0]LogSlate: Took 0.000273 seconds to synchronously load lazily loaded font '../../../Engine/Content/Editor/Slate/Fonts/FontAwesome.ttf' (139K)
[2017.09.12-19.44.17:335][  0]LogSlate: Took 0.000259 seconds to synchronously load lazily loaded font '../../../Engine/Content/Slate/Fonts/Roboto-Light.ttf' (159K)
[2017.09.12-19.44.17:376][  1]LogAssetRegistry: Asset discovery search completed in 11.3841 seconds
[2017.09.12-19.44.17:377][  1]LogCollectionManager: Rebuilt the object cache for 0 collections in 0.000001 seconds (found 0 objects)
[2017.09.12-19.44.17:377][  1]LogCollectionManager: Fixed up redirectors for 0 collections in 0.000021 seconds (updated 0 objects)
[2017.09.12-19.44.17:419][  2]LogRenderer: Reallocating scene render targets to support 808x368 NumSamples 1 (Frame:1).
[2017.09.12-19.44.22:065][311]LogRenderer: Reallocating scene render targets to support 808x564 NumSamples 1 (Frame:301).
[2017.09.12-19.44.36:340][907]LogActor:Warning: VREditorButton /Engine/Transient.World_6:PersistentLevel.VREditorButton_0 has natively added scene component(s), but none of them were set as the actor's RootComponent - picking one arbitrarily
[2017.09.12-19.44.46:941][136]LogSlate: Took 0.000129 seconds to synchronously load lazily loaded font '../../../Engine/Content/Slate/Fonts/Roboto-Light.ttf' (159K)
[2017.09.12-19.44.47:249][136]LogContentBrowser: Native class hierarchy updated for 'BlueprintGraph' in 0.0012 seconds. Added 112 classes and 0 folders.
[2017.09.12-19.44.47:760][136]LogSlate: Took 0.000173 seconds to synchronously load lazily loaded font '../../../Engine/Content/Editor/Slate/Fonts/Roboto-BoldCondensed.ttf' (158K)
[2017.09.12-19.44.47:862][137]LogSlate: Took 0.000167 seconds to synchronously load lazily loaded font '../../../Engine/Content/Editor/Slate/Fonts/Roboto-Italic.ttf' (157K)
[2017.09.12-19.45.38:438][719]LogSlate: Only BGRA pngs, bmps or icos are supported in by External Image Picker
[2017.09.12-19.45.38:483][721]LogTemp: Executing iPhonePackager certificates Engine -bundlename com.YourCompany.BossFight
[2017.09.12-19.45.38:483][721]LogTemp: CWD: C:\Program Files\Epic Games\UE_4.16\Engine\Binaries\DotNET\IOS
[2017.09.12-19.45.38:483][721]LogTemp: Initial Dir: C:\Program Files\Epic Games\UE_4.16
[2017.09.12-19.45.38:483][721]LogTemp: Env CWD: C:\Program Files\Epic Games\UE_4.16\Engine\Binaries\DotNET\IOS
[2017.09.12-19.45.38:487][721]LogTemp: BranchPath = T250-3/C/Program Files/Epic Games/UE_4.16/Engine/Binaries --- GameBranchPath = T250-3/C/Program Files/Epic Games/UE_4.16/Engine/Binaries
[2017.09.12-19.45.38:499][721]LogTemp: IPP ERROR: Could not find provision directory 'C:\Users\student\AppData\Local/Apple Computer/MobileDevice/Provisioning Profiles/'.
