Log file open, 09/12/17 19:40:07
LogInit:Display: Running engine for game: BossFight
LogPlatformFile: Not using cached read wrapper
LogInit:Display: RandInit(1435440578) SRandInit(1435440579).
LogTaskGraph: Started task graph with 5 named threads and 8 total threads with 1 sets of task threads.
LogStats: Stats thread started at 3.072116
LogInit: Using libcurl 7.47.1
LogInit:  - built for x86_64-pc-win32
LogInit:  - supports SSL with OpenSSL/1.0.2g
LogInit:  - supports HTTP deflate (compression) using libz 1.2.8
LogInit:  - other features:
LogInit:      CURL_VERSION_SSL
LogInit:      CURL_VERSION_LIBZ
LogInit:      CURL_VERSION_IPV6
LogInit:      CURL_VERSION_ASYNCHDNS
LogInit:      CURL_VERSION_LARGEFILE
LogInit:      CURL_VERSION_IDN
LogInit:  CurlRequestOptions (configurable via config and command line):
LogInit:  - bVerifyPeer = false  - Libcurl will NOT verify peer certificate
LogInit:  - bUseHttpProxy = false  - Libcurl will NOT use HTTP proxy
LogInit:  - bDontReuseConnections = false  - Libcurl will reuse connections
LogInit:  - CertBundlePath = nullptr  - Libcurl will use whatever was configured at build time.
LogInit: Build: ++UE4+Release-4.16-CL-3561208
LogInit: Engine Version: 4.16.3-3561208+++UE4+Release-4.16
LogInit: Compatible Engine Version: 4.16.0-3452394+++UE4+Release-4.16
LogInit: Net CL: 3452394
LogDevObjectVersion: Number of dev versions registered: 16
LogDevObjectVersion:   Dev-Blueprints (B0D832E4-1F89-4F0D-ACCF-7EB736FD4AA2): 9
LogDevObjectVersion:   Dev-Build (E1C64328-A22C-4D53-A36C-8E866417BD8C): 0
LogDevObjectVersion:   Dev-Core (375EC13C-06E4-48FB-B500-84F0262A717E): 2
LogDevObjectVersion:   Dev-Editor (E4B068ED-F494-42E9-A231-DA0B2E46BB41): 17
LogDevObjectVersion:   Dev-Framework (CFFC743F-43B0-4480-9391-14DF171D2073): 23
LogDevObjectVersion:   Dev-Mobile (B02B49B5-BB20-44E9-A304-32B752E40360): 0
LogDevObjectVersion:   Dev-Networking (A4E4105C-59A1-49B5-A7C5-40C4547EDFEE): 0
LogDevObjectVersion:   Dev-Online (39C831C9-5AE6-47DC-9A44-9C173E1C8E7C): 0
LogDevObjectVersion:   Dev-Physics (78F01B33-EBEA-4F98-B9B4-84EACCB95AA2): 0
LogDevObjectVersion:   Dev-Platform (6631380F-2D4D-43E0-8009-CF276956A95A): 0
LogDevObjectVersion:   Dev-Rendering (12F88B9F-8875-4AFC-A67C-D90C383ABD29): 15
LogDevObjectVersion:   Dev-Sequencer (7B5AE74C-D270-4C10-A958-57980B212A5A): 4
LogDevObjectVersion:   Dev-VR (D7296918-1DD6-4BDD-9DE2-64A83CC13884): 0
LogDevObjectVersion:   Dev-LoadTimes (C2A15278-BFE7-4AFE-6C17-90FF531DF755): 1
LogDevObjectVersion:   Private-Geometry (6EACA3D4-40EC-4CC1-B786-8BED09428FC5): 1
LogDevObjectVersion:   Dev-AnimPhys (29E575DD-E0A3-4627-9D10-D276232CDCEA): 3
LogInit: Compiled (64-bit): Jul 28 2017 11:49:47
LogInit: Compiled with Visual C++: 19.00.24215.01
LogInit: Build Configuration: Development
LogInit: Branch Name: ++UE4+Release-4.16
LogInit: Command line:  
LogInit: Base directory: D:/Programs/Epic Games/UE_4.16/Engine/Binaries/Win64/
LogInit: Installed Engine Build: 1
LogInit: Presizing for max 8388607 objects, including 0 objects not considered by GC, pre-allocating 0 bytes for permanent pool.
LogInit: Object subsystem initialized
[2017.09.13-00.40.08:561][  0]LogInit: Selected Device Profile: [Windows]
[2017.09.13-00.40.08:561][  0]LogInit: Applying CVar settings loaded from the selected device profile: [Windows]
[2017.09.13-00.40.08:658][  0]LogInit: Computer: DESKTOP-G90DQBM
[2017.09.13-00.40.08:658][  0]LogInit: User: Ryan
[2017.09.13-00.40.08:658][  0]LogInit: CPU Page size=4096, Cores=4
[2017.09.13-00.40.08:658][  0]LogInit: High frequency timer resolution =2.531255 MHz
[2017.09.13-00.40.08:672][  0]LogMemory: Memory total: Physical=16.0GB (16GB approx)
[2017.09.13-00.40.08:672][  0]LogMemory: Platform Memory Stats for Windows
[2017.09.13-00.40.08:672][  0]LogMemory: Process Physical Memory: 273.71 MB used, 273.71 MB peak
[2017.09.13-00.40.08:672][  0]LogMemory: Process Virtual Memory: 260.73 MB used, 260.73 MB peak
[2017.09.13-00.40.08:672][  0]LogMemory: Physical Memory: 6565.62 MB used,  9774.43 MB free, 16340.05 MB total
[2017.09.13-00.40.08:672][  0]LogMemory: Virtual Memory: 638.71 MB used,  9774.43 MB free, 134217728.00 MB total
[2017.09.13-00.40.09:720][  0]LogInit: Using OS detected language (en-US).
[2017.09.13-00.40.09:720][  0]LogInit: Using OS detected locale (en-US).
[2017.09.13-00.40.09:857][  0]LogTextLocalizationManager: No specific localization for 'en-US' exists, so the 'en' localization will be used.
[2017.09.13-00.40.14:059][  0]LogD3D11RHI: D3D11 adapters:
[2017.09.13-00.40.14:129][  0]LogD3D11RHI:    0. 'NVIDIA GeForce GTX 1060' (Feature Level 11_0)
[2017.09.13-00.40.14:129][  0]LogD3D11RHI:       6084/0/8170 MB DedicatedVideo/DedicatedSystem/SharedSystem, Outputs:1, VendorId:0x10de
[2017.09.13-00.40.14:130][  0]LogD3D11RHI:    1. 'Microsoft Basic Render Driver' (Feature Level 11_0)
[2017.09.13-00.40.14:130][  0]LogD3D11RHI:       0/0/8170 MB DedicatedVideo/DedicatedSystem/SharedSystem, Outputs:0, VendorId:0x1414
[2017.09.13-00.40.14:130][  0]LogD3D11RHI: Chosen D3D11 Adapter: 0
[2017.09.13-00.40.14:146][  0]LogD3D11RHI: Creating new Direct3DDevice
[2017.09.13-00.40.14:146][  0]LogD3D11RHI:     GPU DeviceId: 0x1c60 (for the marketing name, search the web for "GPU Device Id")
[2017.09.13-00.40.14:146][  0]LogWindows: EnumDisplayDevices:
[2017.09.13-00.40.14:146][  0]LogWindows:    0. 'NVIDIA GeForce GTX 1060' (P:1 D:1)
[2017.09.13-00.40.14:146][  0]LogWindows:    1. 'NVIDIA GeForce GTX 1060' (P:0 D:0)
[2017.09.13-00.40.14:146][  0]LogWindows:    2. 'NVIDIA GeForce GTX 1060' (P:0 D:0)
[2017.09.13-00.40.14:146][  0]LogWindows:    3. 'NVIDIA GeForce GTX 1060' (P:0 D:0)
[2017.09.13-00.40.14:146][  0]LogWindows: DebugString: FoundDriverCount:4 
[2017.09.13-00.40.14:146][  0]LogD3D11RHI:     Adapter Name: NVIDIA GeForce GTX 1060
[2017.09.13-00.40.14:146][  0]LogD3D11RHI:   Driver Version: 382.05 (internal:22.21.13.8205, unified:382.05)
[2017.09.13-00.40.14:146][  0]LogD3D11RHI:      Driver Date: 5-1-2017
[2017.09.13-00.40.14:147][  0]LogRHI: Texture pool is 1361 MB (70% of 1945 MB)
[2017.09.13-00.40.14:194][  0]LogD3D11RHI: Async texture creation enabled
[2017.09.13-00.40.14:529][  0]LogD3D11RHI: GPU Timing Frequency: 1000.000000 (Debug: 2 1)
[2017.09.13-00.40.14:660][  0]LogShaderCompilers: Guid format shader working directory is -43 characters bigger than the processId version (../../../../../../Documents/Unreal Projects/ProjectBossFight/ProjectBossFight/BossFight/Intermediate/Shaders/WorkingDirectory/14812/).
[2017.09.13-00.40.14:660][  0]LogShaderCompilers: Cleaned the shader compiler working directory 'C:/Users/Ryan/AppData/Local/Temp/UnrealShaderWorkingDir/E2238697454B5ADF2B4DF3955F31B5E4/'.
[2017.09.13-00.40.14:676][  0]LogShaderCompilers:Display: Using Local Shader Compiler.
[2017.09.13-00.40.17:623][  0]LogTemp:Display: Loaded TP AllDesktopTargetPlatform
[2017.09.13-00.40.17:669][  0]LogTemp:Display: Loaded TP MacClientTargetPlatform
[2017.09.13-00.40.17:716][  0]LogTemp:Display: Loaded TP MacNoEditorTargetPlatform
[2017.09.13-00.40.17:762][  0]LogTemp:Display: Loaded TP MacServerTargetPlatform
[2017.09.13-00.40.17:834][  0]LogTemp:Display: Loaded TP MacTargetPlatform
[2017.09.13-00.40.17:882][  0]LogTemp:Display: Loaded TP WindowsClientTargetPlatform
[2017.09.13-00.40.17:930][  0]LogTemp:Display: Loaded TP WindowsNoEditorTargetPlatform
[2017.09.13-00.40.17:977][  0]LogTemp:Display: Loaded TP WindowsServerTargetPlatform
[2017.09.13-00.40.18:032][  0]LogTemp:Display: Loaded TP WindowsTargetPlatform
[2017.09.13-00.40.18:094][  0]LogTemp:Display: Loaded TP AndroidTargetPlatform
[2017.09.13-00.40.18:140][  0]LogTemp:Display: Loaded TP Android_ASTCTargetPlatform
[2017.09.13-00.40.18:185][  0]LogTemp:Display: Loaded TP Android_ATCTargetPlatform
[2017.09.13-00.40.18:230][  0]LogTemp:Display: Loaded TP Android_DXTTargetPlatform
[2017.09.13-00.40.18:278][  0]LogTemp:Display: Loaded TP Android_ETC1TargetPlatform
[2017.09.13-00.40.18:323][  0]LogTemp:Display: Loaded TP Android_ETC2TargetPlatform
[2017.09.13-00.40.18:414][  0]LogTemp:Display: Loaded TP Android_MultiTargetPlatform
[2017.09.13-00.40.18:414][  0]LogTemp:Display: Loaded TP Android_PVRTCTargetPlatform
[2017.09.13-00.40.18:449][  0]LogTemp:Display: Loaded TP HTML5TargetPlatform
[2017.09.13-00.40.18:654][  0]LogTemp:Display: Loaded TP IOSTargetPlatform
[2017.09.13-00.40.18:680][  0]LogTemp:Display: Loaded TP TVOSTargetPlatform
[2017.09.13-00.40.18:725][  0]LogTemp:Display: Loaded TP LinuxClientTargetPlatform
[2017.09.13-00.40.18:771][  0]LogTemp:Display: Loaded TP LinuxNoEditorTargetPlatform
[2017.09.13-00.40.18:814][  0]LogTemp:Display: Loaded TP LinuxServerTargetPlatform
[2017.09.13-00.40.18:867][  0]LogTemp:Display: Loaded TP LinuxTargetPlatform
[2017.09.13-00.40.18:867][  0]LogTargetPlatformManager:Display: Building Assets For Windows
[2017.09.13-00.40.20:339][  0]LogDerivedDataCache:Display: Max Cache Size: 512 MB
[2017.09.13-00.40.20:339][  0]LogDerivedDataCache:Display: Starting with empty Boot cache
[2017.09.13-00.40.20:339][  0]LogDerivedDataCache: FDerivedDataBackendGraph:  Pak pak cache file ../../../../../../Documents/Unreal Projects/ProjectBossFight/ProjectBossFight/BossFight/DerivedDataCache/DDC.ddp not found, will not use a pak cache.
[2017.09.13-00.40.20:339][  0]LogDerivedDataCache: Unable to find inner node Pak for hierarchical cache Hierarchy.
[2017.09.13-00.40.20:339][  0]LogDerivedDataCache: FDerivedDataBackendGraph:  CompressedPak pak cache file ../../../../../../Documents/Unreal Projects/ProjectBossFight/ProjectBossFight/BossFight/DerivedDataCache/Compressed.ddp not found, will not use a pak cache.
[2017.09.13-00.40.20:339][  0]LogDerivedDataCache: Unable to find inner node CompressedPak for hierarchical cache Hierarchy.
[2017.09.13-00.40.20:410][  0]LogDerivedDataCache:Display: Pak cache opened for reading ../../../Engine/DerivedDataCache/Compressed.ddp.
[2017.09.13-00.40.20:430][  0]LogDerivedDataCache: Using Local data cache path C:/Users/Ryan/AppData/Local/UnrealEngine/Common/DerivedDataCache: Writable
[2017.09.13-00.40.20:577][  0]LogMaterial: Verifying Global Shaders for PCD3D_SM5
[2017.09.13-00.40.20:629][  0]LogSlate: Using Freetype 2.6.0
[2017.09.13-00.40.20:713][  0]LogSlate: SlateFontCache - WITH_FREETYPE: 1, WITH_HARFBUZZ: 1
[2017.09.13-00.40.20:713][  0]LogSlate: SlateFontCache - WITH_FREETYPE: 1, WITH_HARFBUZZ: 1
[2017.09.13-00.40.31:037][  0]LogInit: Selected Device Profile: [Windows]
[2017.09.13-00.40.32:345][  0]LogContentStreaming: Texture pool size is 0.00 MB
[2017.09.13-00.40.33:178][  0]LogMeshUtilities: Using QuadricMeshReduction for automatic static mesh reduction
[2017.09.13-00.40.33:431][  0]LogSimplygon: Simplygon DLL not present - disabling.
[2017.09.13-00.40.33:495][  0]LogMeshUtilities: Using SimplygonSwarm for distributed automatic mesh merging
[2017.09.13-00.40.33:495][  0]LogMeshUtilities: No automatic skeletal mesh reduction module available
[2017.09.13-00.40.33:495][  0]LogMeshUtilities: No automatic mesh merging module available
[2017.09.13-00.40.40:179][  0]LogNetVersion: BossFight , NetCL: 3452394, EngineNetVer: 2, GameNetVer: 0 (Checksum: 3365732719)
[2017.09.13-00.40.40:460][  0]LogAssetRegistry: FAssetRegistry took 0.0554 seconds to start up
[2017.09.13-00.40.40:682][  0]LogPackageLocalizationCache: Processed 4 localized package path(s) for 2 prioritized culture(s) in 0.167841 seconds
[2017.09.13-00.40.40:731][  0]LogUObjectArray: 34194 objects as part of root set at end of initial load.
[2017.09.13-00.40.40:731][  0]LogUObjectAllocator: 7260416 out of 0 bytes used by permanent object pool.
[2017.09.13-00.40.40:731][  0]LogUObjectArray: CloseDisregardForGC: 0/0 objects in disregard for GC pool
[2017.09.13-00.40.40:823][  0]LogInit: WinSock: version 1.1 (2.2), MaxSocks=32767, MaxUdp=65467
[2017.09.13-00.40.58:472][  0]LogTcpMessaging: Initializing TcpMessaging bridge
[2017.09.13-00.40.58:524][  0]LogUdpMessaging: Initializing bridge on interface 0.0.0.0:0 to multicast group 230.0.0.1:6666.
[2017.09.13-00.40.59:071][  0]LogLinker:Warning: Can't find file '/Game/ThirdPersonCPP/Blueprints/ThirdPersonCharacter'
[2017.09.13-00.40.59:081][  0]LogLinker:Warning: Can't find file '/Game/ThirdPersonCPP/Blueprints/ThirdPersonCharacter'
[2017.09.13-00.40.59:093][  0]LogUObjectGlobals:Warning: Failed to find object 'Class /Game/ThirdPersonCPP/Blueprints/ThirdPersonCharacter.ThirdPersonCharacter_C'
[2017.09.13-00.40.59:093][  0]Error: CDO Constructor (BossFightGameMode): Failed to find /Game/ThirdPersonCPP/Blueprints/ThirdPersonCharacter.ThirdPersonCharacter_C

[2017.09.13-00.40.59:093][  0]LogUObjectBase:Warning: -------------- Default Property warnings and errors:
[2017.09.13-00.40.59:093][  0]LogUObjectBase:Warning: Error: CDO Constructor (BossFightGameMode): Failed to find /Game/ThirdPersonCPP/Blueprints/ThirdPersonCharacter.ThirdPersonCharacter_C

[2017.09.13-00.40.59:123][  0]LogWindowsTextInputMethodSystem:Display: IME system now deactivated.
[2017.09.13-00.41.08:899][  0]LogWindowsTextInputMethodSystem:Display: IME system now deactivated.
[2017.09.13-00.41.08:900][  0]LogWindowsTextInputMethodSystem:Display: IME system now deactivated.
[2017.09.13-00.41.09:573][  0]LogMaterial: Uniform references updated for custom material expression Custom.
[2017.09.13-00.41.10:447][  0]SourceControl: Info Source control is disabled
[2017.09.13-00.41.10:454][  0]SourceControl: Info Source control is disabled
[2017.09.13-00.41.10:507][  0]SourceControl: Info Source control is disabled
[2017.09.13-00.41.10:565][  0]SourceControl: Info Source control is disabled
[2017.09.13-00.41.11:409][  0]LogAndroidPermission: UAndroidPermissionCallbackProxy::GetInstance
[2017.09.13-00.41.12:419][  0]LogEngine: Initializing Engine...
[2017.09.13-00.41.12:459][  0]LogHMD: Failed to initialize OpenVR with code 110
[2017.09.13-00.41.13:149][  0]LogStats: UGameplayTagsManager::ConstructGameplayTagTree: Construct from data asset -  0.000 s
[2017.09.13-00.41.13:149][  0]LogStats: UGameplayTagsManager::ConstructGameplayTagTree: GameplayTagTreeChangedEvent.Broadcast -  0.000 s
[2017.09.13-00.41.13:802][  0]LogAIModule: Creating AISystem for world Untitled
[2017.09.13-00.41.14:064][  0]LogInit: XAudio2 using 'Speakers (Realtek High Definition Audio)' : 2 channels at 48 kHz using 32 bits per sample (channel mask 0x3)
[2017.09.13-00.41.14:092][  0]LogInit: FAudioDevice initialized.
[2017.09.13-00.41.14:136][  0]LogDerivedDataCache: Saved boot cache 0.03s 90MB C:/Users/Ryan/AppData/Local/UnrealEngine/4.16/DerivedDataCache/Boot.ddc.
[2017.09.13-00.41.14:146][  0]LogInit: Texture streaming: Enabled
[2017.09.13-00.41.14:313][  0]LogEngineSessionManager: EngineSessionManager initialized
[2017.09.13-00.41.14:933][  0]LogInit: Transaction tracking system initialized
[2017.09.13-00.41.15:520][  0]BlueprintLog: New page: Editor Load
[2017.09.13-00.41.17:582][  0]LocalizationService: Info Localization service is disabled
[2017.09.13-00.41.18:818][  0]LogConsoleResponse:Display: 
[2017.09.13-00.41.19:627][  0]LogFileCache: Scanning file cache for directory 'D:/Documents/Unreal Projects/ProjectBossFight/ProjectBossFight/BossFight/Content/' took 0.05s
[2017.09.13-00.41.19:627][  0]LogCook:Display: Max memory allowance for cook 16384mb min free memory 0mb
[2017.09.13-00.41.19:627][  0]LogCook:Display: Mobile HDR setting 1
[2017.09.13-00.41.21:322][  0]SourceControl: Info Source control is disabled
[2017.09.13-00.41.21:388][  0]Cmd: MAP LOAD FILE="../../../../../../Documents/Unreal Projects/ProjectBossFight/ProjectBossFight/BossFight/Content/ThirdPersonCPP/Maps/ThirdPersonExampleMap.umap" TEMPLATE=0 SHOWPROGRESS=1 FEATURELEVEL=3
[2017.09.13-00.41.21:398][  0]LightingResults: New page: Lighting Build
[2017.09.13-00.41.21:700][  0]MapCheck: New page: Map Check
[2017.09.13-00.41.21:700][  0]LightingResults: New page: Lighting Build
[2017.09.13-00.41.23:736][  0]LogTexture:Display: Building textures: HQ_Lightmap0_1 (AutoDXT, 1024X1024)
[2017.09.13-00.41.23:973][  0]LogTexture:Display: Building textures: HQ_Lightmap0_2 (AutoDXT, 512X512)
[2017.09.13-00.41.24:047][  0]LogTexture:Display: Building textures: HQ_Lightmap0_3 (AutoDXT, 64X64)
[2017.09.13-00.41.24:074][  0]LogTexture:Display: Building textures: LQ_Lightmap_0_1 (DXT1, 1024X1024)
[2017.09.13-00.41.24:159][  0]LogTexture:Display: Building textures: LQ_Lightmap_0_2 (DXT1, 512X512)
[2017.09.13-00.41.24:197][  0]LogTexture:Display: Building textures: LQ_Lightmap_0_3 (DXT1, 64X64)
[2017.09.13-00.41.24:209][  0]LogTexture:Display: Building textures: SkyOcclusion0_1 (AutoDXT, 1024X512)
[2017.09.13-00.41.24:322][  0]LogTexture:Display: Building textures: SkyOcclusion0_2 (AutoDXT, 512X256)
[2017.09.13-00.41.24:353][  0]LogTexture:Display: Building textures: SkyOcclusion0_3 (AutoDXT, 64X32)
[2017.09.13-00.41.24:364][  0]LogTexture:Display: Building textures: ShadowMapTexture2D_0 (G8, 2048X1024)
[2017.09.13-00.41.24:439][  0]LogTexture:Display: Building textures: ShadowMapTexture2D_1 (G8, 64X32)
[2017.09.13-00.41.24:940][  0]LogAIModule: Creating AISystem for world ThirdPersonExampleMap
[2017.09.13-00.41.25:757][  0]LogEditorServer: Finished looking for orphan Actors (0.000 secs)
[2017.09.13-00.41.25:944][  0]Cmd: MAP CHECKDEP NOCLEARLOG
[2017.09.13-00.41.26:013][  0]MapCheck: Info Map check complete: 0 Error(s), 0 Warning(s), took 66.028ms to complete.
[2017.09.13-00.41.26:013][  0]LogFileHelpers: Loading map 'ThirdPersonExampleMap' took 4.663
[2017.09.13-00.41.27:899][  0]LogCollectionManager: Loaded 0 collections in 0.001488 seconds
[2017.09.13-00.41.28:048][  0]LogFileCache: Scanning file cache for directory 'D:/Documents/Unreal Projects/ProjectBossFight/ProjectBossFight/BossFight/Saved/Collections/' took 0.01s
[2017.09.13-00.41.28:048][  0]LogFileCache: Scanning file cache for directory 'D:/Documents/Unreal Projects/ProjectBossFight/ProjectBossFight/BossFight/Content/Developers/Ryan/Collections/' took 0.01s
[2017.09.13-00.41.28:048][  0]LogFileCache: Scanning file cache for directory 'D:/Documents/Unreal Projects/ProjectBossFight/ProjectBossFight/BossFight/Content/Collections/' took 0.01s
[2017.09.13-00.41.28:048][  0]LogCollectionManager: Rebuilt the GUID cache for 0 collections in 0.000002 seconds
[2017.09.13-00.41.28:072][  0]LogContentBrowser: Native class hierarchy populated in 0.0189 seconds. Added 2331 classes and 493 folders.
[2017.09.13-00.41.28:243][  0]LogContentBrowser: Native class hierarchy updated for 'WidgetCarousel' in 0.0018 seconds. Added 0 classes and 0 folders.
[2017.09.13-00.41.28:438][  0]LogContentBrowser: Native class hierarchy updated for 'AddContentDialog' in 0.0017 seconds. Added 0 classes and 0 folders.
[2017.09.13-00.41.28:519][  0]LogContentBrowser: Native class hierarchy updated for 'SceneOutliner' in 0.0019 seconds. Added 1 classes and 2 folders.
[2017.09.13-00.41.29:115][  0]LogCrashTracker: Crashtracker disabled due to settings.
[2017.09.13-00.41.29:546][  0]LogContentBrowser: Native class hierarchy updated for 'HierarchicalLODOutliner' in 0.0025 seconds. Added 1 classes and 2 folders.
[2017.09.13-00.41.29:546][  0]LogLoad: (Engine Initialization) Total time: 89.20 seconds
[2017.09.13-00.41.29:546][  0]LogLoad: (Engine Initialization) Total Blueprint compile time: 0.88 seconds
[2017.09.13-00.41.29:546][  0]LogExternalProfiler: No external profilers were discovered.  External profiling features will not be available.
[2017.09.13-00.41.29:924][  0]LogOcInput: OculusInput pre-init called
[2017.09.13-00.41.29:924][  0]LogHMD: Starting GearVRController plugin
[2017.09.13-00.41.30:231][  0]LogContentStreaming: Texture pool size now 1000 MB
[2017.09.13-00.41.30:366][  0]LogSlate: Took 0.010829 seconds to synchronously load lazily loaded font '../../../Engine/Content/Slate/Fonts/Roboto-Regular.ttf' (155K)
[2017.09.13-00.41.30:385][  0]LogSlate: Took 0.010347 seconds to synchronously load lazily loaded font '../../../Engine/Content/Slate/Fonts/Roboto-Bold.ttf' (160K)
[2017.09.13-00.41.30:435][  0]LogSlate: Took 0.009588 seconds to synchronously load lazily loaded font '../../../Engine/Content/Editor/Slate/Fonts/FontAwesome.ttf' (139K)
[2017.09.13-00.41.30:927][  0]LogSlate: Took 0.009507 seconds to synchronously load lazily loaded font '../../../Engine/Content/Slate/Fonts/Roboto-Light.ttf' (159K)
[2017.09.13-00.41.31:101][  1]LogRenderer: Reallocating scene render targets to support 816x372 NumSamples 1 (Frame:1).
[2017.09.13-00.41.31:325][  1]LogAssetRegistry: Asset discovery search completed in 50.8886 seconds
[2017.09.13-00.41.31:346][  1]LogCollectionManager: Rebuilt the object cache for 0 collections in 0.000000 seconds (found 0 objects)
[2017.09.13-00.41.31:346][  1]LogCollectionManager: Fixed up redirectors for 0 collections in 0.000096 seconds (updated 0 objects)
[2017.09.13-00.41.32:362][  2]LogSlate: Took 0.000557 seconds to synchronously load lazily loaded font '../../../Engine/Content/Slate/Fonts/Roboto-Light.ttf' (159K)
[2017.09.13-00.41.40:822][111]LogRenderer: Reallocating scene render targets to support 964x436 NumSamples 1 (Frame:96).
[2017.09.13-00.41.47:401][475]LogTemp: Repeting last play command: Selected Viewport
[2017.09.13-00.41.47:542][475]LogBlueprintUserMessages: Early PlayInEditor Detection: Level '/Game/ThirdPersonCPP/Maps/ThirdPersonExampleMap.ThirdPersonExampleMap:PersistentLevel' has LevelScriptBlueprint '/Game/ThirdPersonCPP/Maps/ThirdPersonExampleMap.ThirdPersonExampleMap:PersistentLevel.ThirdPersonExampleMap' with GeneratedClass '/Game/ThirdPersonCPP/Maps/ThirdPersonExampleMap.ThirdPersonExampleMap_C' with ClassGeneratedBy '/Game/ThirdPersonCPP/Maps/ThirdPersonExampleMap.ThirdPersonExampleMap:PersistentLevel.ThirdPersonExampleMap'
[2017.09.13-00.41.47:542][475]LogPlayLevel: PlayLevel: No blueprints needed recompiling
[2017.09.13-00.41.47:592][475]PIE: New page: PIE session: ThirdPersonExampleMap (Sep 12, 2017, 2:41:47 PM)
[2017.09.13-00.41.47:599][475]LogPlayLevel: Creating play world package: /Game/ThirdPersonCPP/Maps/UEDPIE_0_ThirdPersonExampleMap
[2017.09.13-00.41.47:690][475]LogPlayLevel: PIE: StaticDuplicateObject took: (0.091289s)
[2017.09.13-00.41.47:691][475]LogAIModule: Creating AISystem for world ThirdPersonExampleMap
[2017.09.13-00.41.47:704][475]LogPlayLevel: PIE: World Init took: (0.014118s)
[2017.09.13-00.41.47:711][475]LogPlayLevel: PIE: Created PIE world by copying editor world from /Game/ThirdPersonCPP/Maps/ThirdPersonExampleMap.ThirdPersonExampleMap to /Game/ThirdPersonCPP/Maps/UEDPIE_0_ThirdPersonExampleMap.ThirdPersonExampleMap (0.112729s)
[2017.09.13-00.41.47:743][475]LogInit: XAudio2 using 'Speakers (Realtek High Definition Audio)' : 2 channels at 48 kHz using 32 bits per sample (channel mask 0x3)
[2017.09.13-00.41.47:748][475]LogInit: FAudioDevice initialized.
[2017.09.13-00.41.47:825][475]LogLoad: Game class is 'BossFightGameMode'
[2017.09.13-00.41.47:940][475]LogWorld: Bringing World /Game/ThirdPersonCPP/Maps/UEDPIE_0_ThirdPersonExampleMap.ThirdPersonExampleMap up for play (max tick rate 60) at 2017.09.12-19.41.47
[2017.09.13-00.41.48:129][475]LogWorld: Bringing up level for play took: 0.188073
[2017.09.13-00.41.48:270][475]LogContentBrowser: Native class hierarchy updated for 'MovieSceneCapture' in 0.0021 seconds. Added 11 classes and 0 folders.
[2017.09.13-00.41.48:372][475]PIE: Info Play in editor start time for /Game/ThirdPersonCPP/Maps/UEDPIE_0_ThirdPersonExampleMap -0.007
[2017.09.13-00.41.48:372][475]LogBlueprintUserMessages: Late PlayInEditor Detection: Level '/Game/ThirdPersonCPP/Maps/ThirdPersonExampleMap.ThirdPersonExampleMap:PersistentLevel' has LevelScriptBlueprint '/Game/ThirdPersonCPP/Maps/ThirdPersonExampleMap.ThirdPersonExampleMap:PersistentLevel.ThirdPersonExampleMap' with GeneratedClass '/Game/ThirdPersonCPP/Maps/ThirdPersonExampleMap.ThirdPersonExampleMap_C' with ClassGeneratedBy '/Game/ThirdPersonCPP/Maps/ThirdPersonExampleMap.ThirdPersonExampleMap:PersistentLevel.ThirdPersonExampleMap'
[2017.09.13-00.41.57:559][ 14]LogBlueprintUserMessages: Early EndPlayMap Detection: Level '/Game/ThirdPersonCPP/Maps/ThirdPersonExampleMap.ThirdPersonExampleMap:PersistentLevel' has LevelScriptBlueprint '/Game/ThirdPersonCPP/Maps/ThirdPersonExampleMap.ThirdPersonExampleMap:PersistentLevel.ThirdPersonExampleMap' with GeneratedClass '/Game/ThirdPersonCPP/Maps/ThirdPersonExampleMap.ThirdPersonExampleMap_C' with ClassGeneratedBy '/Game/ThirdPersonCPP/Maps/ThirdPersonExampleMap.ThirdPersonExampleMap:PersistentLevel.ThirdPersonExampleMap'
[2017.09.13-00.41.57:690][ 14]LogBlueprintUserMessages: Late EndPlayMap Detection: Level '/Game/ThirdPersonCPP/Maps/ThirdPersonExampleMap.ThirdPersonExampleMap:PersistentLevel' has LevelScriptBlueprint '/Game/ThirdPersonCPP/Maps/ThirdPersonExampleMap.ThirdPersonExampleMap:PersistentLevel.ThirdPersonExampleMap' with GeneratedClass '/Game/ThirdPersonCPP/Maps/ThirdPersonExampleMap.ThirdPersonExampleMap_C' with ClassGeneratedBy '/Game/ThirdPersonCPP/Maps/ThirdPersonExampleMap.ThirdPersonExampleMap:PersistentLevel.ThirdPersonExampleMap'
[2017.09.13-00.41.59:819][127]LogSlate: Took 0.000307 seconds to synchronously load lazily loaded font '../../../Engine/Content/Slate/Fonts/Roboto-Light.ttf' (159K)
[2017.09.13-00.42.00:358][127]LogSlate: Took 0.000199 seconds to synchronously load lazily loaded font '../../../Engine/Content/Slate/Fonts/Roboto-Regular.ttf' (155K)
[2017.09.13-00.42.00:641][127]LogContentBrowser: Native class hierarchy updated for 'BlueprintGraph' in 0.0024 seconds. Added 112 classes and 0 folders.
[2017.09.13-00.42.26:026][438]Cmd: MAP LOAD FILE="../../../../../../Documents/Unreal Projects/ProjectBossFight/ProjectBossFight/BossFight/Content/ThirdPersonCPP/Maps/ThirdPersonExampleMap.umap" TEMPLATE=0 SHOWPROGRESS=1 FEATURELEVEL=3
[2017.09.13-00.42.26:026][438]LightingResults: New page: Lighting Build
[2017.09.13-00.42.26:027][438]LoadErrors: New page: Loading map: ThirdPersonExampleMap.umap
[2017.09.13-00.42.26:028][438]MapCheck: New page: Map Check
[2017.09.13-00.42.26:028][438]LightingResults: New page: Lighting Build
[2017.09.13-00.42.26:107][438]LogAIModule: Creating AISystem for world ThirdPersonExampleMap
[2017.09.13-00.42.26:140][438]LogEditorServer: Finished looking for orphan Actors (0.000 secs)
[2017.09.13-00.42.26:199][438]Cmd: MAP CHECKDEP NOCLEARLOG
[2017.09.13-00.42.26:259][438]MapCheck: Info Map check complete: 0 Error(s), 0 Warning(s), took 60.815ms to complete.
[2017.09.13-00.42.26:260][438]LogFileHelpers: Loading map 'ThirdPersonExampleMap' took 0.250
[2017.09.13-00.42.28:285][552]LogEditorViewport: Clicking on Actor (LMB): StaticMeshActor (Wall9)
[2017.09.13-00.42.32:221][760]LogTemp: Repeting last play command: Selected Viewport
[2017.09.13-00.42.32:260][760]LogBlueprintUserMessages: Early PlayInEditor Detection: Level '/Game/ThirdPersonCPP/Maps/ThirdPersonExampleMap.ThirdPersonExampleMap:PersistentLevel' has LevelScriptBlueprint '/Game/ThirdPersonCPP/Maps/ThirdPersonExampleMap.ThirdPersonExampleMap:PersistentLevel.ThirdPersonExampleMap' with GeneratedClass '/Game/ThirdPersonCPP/Maps/ThirdPersonExampleMap.ThirdPersonExampleMap_C' with ClassGeneratedBy '/Game/ThirdPersonCPP/Maps/ThirdPersonExampleMap.ThirdPersonExampleMap:PersistentLevel.ThirdPersonExampleMap'
[2017.09.13-00.42.32:260][760]LogPlayLevel: PlayLevel: No blueprints needed recompiling
[2017.09.13-00.42.32:260][760]PIE: New page: PIE session: ThirdPersonExampleMap (Sep 12, 2017, 2:42:32 PM)
[2017.09.13-00.42.32:260][760]LogPlayLevel: Creating play world package: /Game/ThirdPersonCPP/Maps/UEDPIE_0_ThirdPersonExampleMap
[2017.09.13-00.42.32:289][760]LogPlayLevel: PIE: StaticDuplicateObject took: (0.029304s)
[2017.09.13-00.42.32:290][760]LogAIModule: Creating AISystem for world ThirdPersonExampleMap
[2017.09.13-00.42.32:290][760]LogPlayLevel: PIE: World Init took: (0.000978s)
[2017.09.13-00.42.32:291][760]LogPlayLevel: PIE: Created PIE world by copying editor world from /Game/ThirdPersonCPP/Maps/ThirdPersonExampleMap.ThirdPersonExampleMap to /Game/ThirdPersonCPP/Maps/UEDPIE_0_ThirdPersonExampleMap.ThirdPersonExampleMap (0.030601s)
[2017.09.13-00.42.32:366][760]LogInit: XAudio2 using 'Speakers (Realtek High Definition Audio)' : 2 channels at 48 kHz using 32 bits per sample (channel mask 0x3)
[2017.09.13-00.42.32:370][760]LogInit: FAudioDevice initialized.
[2017.09.13-00.42.32:407][760]LogLoad: Game class is 'BossFightGameMode'
[2017.09.13-00.42.32:411][760]LogWorld: Bringing World /Game/ThirdPersonCPP/Maps/UEDPIE_0_ThirdPersonExampleMap.ThirdPersonExampleMap up for play (max tick rate 60) at 2017.09.12-19.42.32
[2017.09.13-00.42.32:411][760]LogWorld: Bringing up level for play took: 0.003166
[2017.09.13-00.42.32:413][760]PIE: Info Play in editor start time for /Game/ThirdPersonCPP/Maps/UEDPIE_0_ThirdPersonExampleMap 0.035
[2017.09.13-00.42.32:413][760]LogBlueprintUserMessages: Late PlayInEditor Detection: Level '/Game/ThirdPersonCPP/Maps/ThirdPersonExampleMap.ThirdPersonExampleMap:PersistentLevel' has LevelScriptBlueprint '/Game/ThirdPersonCPP/Maps/ThirdPersonExampleMap.ThirdPersonExampleMap:PersistentLevel.ThirdPersonExampleMap' with GeneratedClass '/Game/ThirdPersonCPP/Maps/ThirdPersonExampleMap.ThirdPersonExampleMap_C' with ClassGeneratedBy '/Game/ThirdPersonCPP/Maps/ThirdPersonExampleMap.ThirdPersonExampleMap:PersistentLevel.ThirdPersonExampleMap'
[2017.09.13-00.42.35:214][926]LogBlueprintUserMessages: Early EndPlayMap Detection: Level '/Game/ThirdPersonCPP/Maps/ThirdPersonExampleMap.ThirdPersonExampleMap:PersistentLevel' has LevelScriptBlueprint '/Game/ThirdPersonCPP/Maps/ThirdPersonExampleMap.ThirdPersonExampleMap:PersistentLevel.ThirdPersonExampleMap' with GeneratedClass '/Game/ThirdPersonCPP/Maps/ThirdPersonExampleMap.ThirdPersonExampleMap_C' with ClassGeneratedBy '/Game/ThirdPersonCPP/Maps/ThirdPersonExampleMap.ThirdPersonExampleMap:PersistentLevel.ThirdPersonExampleMap'
[2017.09.13-00.42.35:265][926]LogBlueprintUserMessages: Late EndPlayMap Detection: Level '/Game/ThirdPersonCPP/Maps/ThirdPersonExampleMap.ThirdPersonExampleMap:PersistentLevel' has LevelScriptBlueprint '/Game/ThirdPersonCPP/Maps/ThirdPersonExampleMap.ThirdPersonExampleMap:PersistentLevel.ThirdPersonExampleMap' with GeneratedClass '/Game/ThirdPersonCPP/Maps/ThirdPersonExampleMap.ThirdPersonExampleMap_C' with ClassGeneratedBy '/Game/ThirdPersonCPP/Maps/ThirdPersonExampleMap.ThirdPersonExampleMap:PersistentLevel.ThirdPersonExampleMap'
[2017.09.13-00.42.41:748][274]LogSlate: Took 0.020193 seconds to synchronously load lazily loaded font '../../../Engine/Content/Editor/Slate/Fonts/Roboto-BoldCondensed.ttf' (158K)
[2017.09.13-00.42.42:226][275]LogSlate: Took 0.012974 seconds to synchronously load lazily loaded font '../../../Engine/Content/Editor/Slate/Fonts/Roboto-Italic.ttf' (157K)
[2017.09.13-00.47.36:834][599]LogRenderer: Reallocating scene render targets to support 964x684 NumSamples 1 (Frame:1).
[2017.09.13-00.47.39:576][761]BlueprintLog: New page: Compile ThirdPersonCharacter
[2017.09.13-00.47.46:900][147]LogTemp: Repeting last play command: Selected Viewport
[2017.09.13-00.47.46:924][147]LogBlueprintUserMessages: Early PlayInEditor Detection: Level '/Game/ThirdPersonCPP/Maps/ThirdPersonExampleMap.ThirdPersonExampleMap:PersistentLevel' has LevelScriptBlueprint '/Game/ThirdPersonCPP/Maps/ThirdPersonExampleMap.ThirdPersonExampleMap:PersistentLevel.ThirdPersonExampleMap' with GeneratedClass '/Game/ThirdPersonCPP/Maps/ThirdPersonExampleMap.ThirdPersonExampleMap_C' with ClassGeneratedBy '/Game/ThirdPersonCPP/Maps/ThirdPersonExampleMap.ThirdPersonExampleMap:PersistentLevel.ThirdPersonExampleMap'
[2017.09.13-00.47.46:924][147]LogPlayLevel: PlayLevel: No blueprints needed recompiling
[2017.09.13-00.47.46:924][147]PIE: New page: PIE session: ThirdPersonExampleMap (Sep 12, 2017, 2:47:46 PM)
[2017.09.13-00.47.46:924][147]LogPlayLevel: Creating play world package: /Game/ThirdPersonCPP/Maps/UEDPIE_0_ThirdPersonExampleMap
[2017.09.13-00.47.46:945][147]LogPlayLevel: PIE: StaticDuplicateObject took: (0.020653s)
[2017.09.13-00.47.46:945][147]LogAIModule: Creating AISystem for world ThirdPersonExampleMap
[2017.09.13-00.47.46:946][147]LogPlayLevel: PIE: World Init took: (0.000864s)
[2017.09.13-00.47.46:946][147]LogPlayLevel: PIE: Created PIE world by copying editor world from /Game/ThirdPersonCPP/Maps/ThirdPersonExampleMap.ThirdPersonExampleMap to /Game/ThirdPersonCPP/Maps/UEDPIE_0_ThirdPersonExampleMap.ThirdPersonExampleMap (0.021764s)
[2017.09.13-00.47.47:071][147]LogInit: XAudio2 using 'Speakers (Realtek High Definition Audio)' : 2 channels at 48 kHz using 32 bits per sample (channel mask 0x3)
[2017.09.13-00.47.47:075][147]LogInit: FAudioDevice initialized.
[2017.09.13-00.47.47:110][147]LogLoad: Game class is 'BossFightGameMode'
[2017.09.13-00.47.47:114][147]LogWorld: Bringing World /Game/ThirdPersonCPP/Maps/UEDPIE_0_ThirdPersonExampleMap.ThirdPersonExampleMap up for play (max tick rate 60) at 2017.09.12-19.47.47
[2017.09.13-00.47.47:114][147]LogWorld: Bringing up level for play took: 0.002755
[2017.09.13-00.47.47:116][147]PIE: Info Play in editor start time for /Game/ThirdPersonCPP/Maps/UEDPIE_0_ThirdPersonExampleMap 0.737
[2017.09.13-00.47.47:116][147]LogBlueprintUserMessages: Late PlayInEditor Detection: Level '/Game/ThirdPersonCPP/Maps/ThirdPersonExampleMap.ThirdPersonExampleMap:PersistentLevel' has LevelScriptBlueprint '/Game/ThirdPersonCPP/Maps/ThirdPersonExampleMap.ThirdPersonExampleMap:PersistentLevel.ThirdPersonExampleMap' with GeneratedClass '/Game/ThirdPersonCPP/Maps/ThirdPersonExampleMap.ThirdPersonExampleMap_C' with ClassGeneratedBy '/Game/ThirdPersonCPP/Maps/ThirdPersonExampleMap.ThirdPersonExampleMap:PersistentLevel.ThirdPersonExampleMap'
[2017.09.13-00.47.52:398][461]LogBlueprintUserMessages: Early EndPlayMap Detection: Level '/Game/ThirdPersonCPP/Maps/ThirdPersonExampleMap.ThirdPersonExampleMap:PersistentLevel' has LevelScriptBlueprint '/Game/ThirdPersonCPP/Maps/ThirdPersonExampleMap.ThirdPersonExampleMap:PersistentLevel.ThirdPersonExampleMap' with GeneratedClass '/Game/ThirdPersonCPP/Maps/ThirdPersonExampleMap.ThirdPersonExampleMap_C' with ClassGeneratedBy '/Game/ThirdPersonCPP/Maps/ThirdPersonExampleMap.ThirdPersonExampleMap:PersistentLevel.ThirdPersonExampleMap'
[2017.09.13-00.47.52:469][461]LogBlueprintUserMessages: Late EndPlayMap Detection: Level '/Game/ThirdPersonCPP/Maps/ThirdPersonExampleMap.ThirdPersonExampleMap:PersistentLevel' has LevelScriptBlueprint '/Game/ThirdPersonCPP/Maps/ThirdPersonExampleMap.ThirdPersonExampleMap:PersistentLevel.ThirdPersonExampleMap' with GeneratedClass '/Game/ThirdPersonCPP/Maps/ThirdPersonExampleMap.ThirdPersonExampleMap_C' with ClassGeneratedBy '/Game/ThirdPersonCPP/Maps/ThirdPersonExampleMap.ThirdPersonExampleMap:PersistentLevel.ThirdPersonExampleMap'
[2017.09.13-00.49.03:132][526]LogSavePackage: Save=214.60ms
[2017.09.13-00.49.03:132][526]LogSavePackage: Moving '../../../../../../Documents/Unreal Projects/ProjectBossFight/ProjectBossFight/BossFight/Saved/ThirdPersonCharacter4FBF6AF6461909DD2CA27CB9DDC456BC.tmp' to '../../../../../../Documents/Unreal Projects/ProjectBossFight/ProjectBossFight/BossFight/Content/ThirdPersonBP/Blueprints/ThirdPersonCharacter.uasset'
[2017.09.13-00.49.03:136][526]LogSavePackage:Display: Finished SavePackage ../../../../../../Documents/Unreal Projects/ProjectBossFight/ProjectBossFight/BossFight/Content/ThirdPersonBP/Blueprints/ThirdPersonCharacter.uasset
[2017.09.13-00.49.05:067][642]LogTemp: Repeting last play command: Selected Viewport
[2017.09.13-00.49.05:085][642]LogBlueprintUserMessages: Early PlayInEditor Detection: Level '/Game/ThirdPersonCPP/Maps/ThirdPersonExampleMap.ThirdPersonExampleMap:PersistentLevel' has LevelScriptBlueprint '/Game/ThirdPersonCPP/Maps/ThirdPersonExampleMap.ThirdPersonExampleMap:PersistentLevel.ThirdPersonExampleMap' with GeneratedClass '/Game/ThirdPersonCPP/Maps/ThirdPersonExampleMap.ThirdPersonExampleMap_C' with ClassGeneratedBy '/Game/ThirdPersonCPP/Maps/ThirdPersonExampleMap.ThirdPersonExampleMap:PersistentLevel.ThirdPersonExampleMap'
[2017.09.13-00.49.05:085][642]LogPlayLevel: PlayLevel: No blueprints needed recompiling
[2017.09.13-00.49.05:085][642]PIE: New page: PIE session: ThirdPersonExampleMap (Sep 12, 2017, 2:49:05 PM)
[2017.09.13-00.49.05:085][642]LogPlayLevel: Creating play world package: /Game/ThirdPersonCPP/Maps/UEDPIE_0_ThirdPersonExampleMap
[2017.09.13-00.49.05:105][642]LogPlayLevel: PIE: StaticDuplicateObject took: (0.020027s)
[2017.09.13-00.49.05:106][642]LogAIModule: Creating AISystem for world ThirdPersonExampleMap
[2017.09.13-00.49.05:106][642]LogPlayLevel: PIE: World Init took: (0.000928s)
[2017.09.13-00.49.05:106][642]LogPlayLevel: PIE: Created PIE world by copying editor world from /Game/ThirdPersonCPP/Maps/ThirdPersonExampleMap.ThirdPersonExampleMap to /Game/ThirdPersonCPP/Maps/UEDPIE_0_ThirdPersonExampleMap.ThirdPersonExampleMap (0.021211s)
[2017.09.13-00.49.05:156][642]LogInit: XAudio2 using 'Speakers (Realtek High Definition Audio)' : 2 channels at 48 kHz using 32 bits per sample (channel mask 0x3)
[2017.09.13-00.49.05:161][642]LogInit: FAudioDevice initialized.
[2017.09.13-00.49.05:197][642]LogLoad: Game class is 'BossFightGameMode'
[2017.09.13-00.49.05:200][642]LogWorld: Bringing World /Game/ThirdPersonCPP/Maps/UEDPIE_0_ThirdPersonExampleMap.ThirdPersonExampleMap up for play (max tick rate 60) at 2017.09.12-19.49.05
[2017.09.13-00.49.05:200][642]LogWorld: Bringing up level for play took: 0.002144
[2017.09.13-00.49.05:202][642]PIE: Info Play in editor start time for /Game/ThirdPersonCPP/Maps/UEDPIE_0_ThirdPersonExampleMap 0.823
[2017.09.13-00.49.05:202][642]LogBlueprintUserMessages: Late PlayInEditor Detection: Level '/Game/ThirdPersonCPP/Maps/ThirdPersonExampleMap.ThirdPersonExampleMap:PersistentLevel' has LevelScriptBlueprint '/Game/ThirdPersonCPP/Maps/ThirdPersonExampleMap.ThirdPersonExampleMap:PersistentLevel.ThirdPersonExampleMap' with GeneratedClass '/Game/ThirdPersonCPP/Maps/ThirdPersonExampleMap.ThirdPersonExampleMap_C' with ClassGeneratedBy '/Game/ThirdPersonCPP/Maps/ThirdPersonExampleMap.ThirdPersonExampleMap:PersistentLevel.ThirdPersonExampleMap'
[2017.09.13-00.49.08:533][840]LogBlueprintUserMessages: Early EndPlayMap Detection: Level '/Game/ThirdPersonCPP/Maps/ThirdPersonExampleMap.ThirdPersonExampleMap:PersistentLevel' has LevelScriptBlueprint '/Game/ThirdPersonCPP/Maps/ThirdPersonExampleMap.ThirdPersonExampleMap:PersistentLevel.ThirdPersonExampleMap' with GeneratedClass '/Game/ThirdPersonCPP/Maps/ThirdPersonExampleMap.ThirdPersonExampleMap_C' with ClassGeneratedBy '/Game/ThirdPersonCPP/Maps/ThirdPersonExampleMap.ThirdPersonExampleMap:PersistentLevel.ThirdPersonExampleMap'
[2017.09.13-00.49.08:611][840]LogBlueprintUserMessages: Late EndPlayMap Detection: Level '/Game/ThirdPersonCPP/Maps/ThirdPersonExampleMap.ThirdPersonExampleMap:PersistentLevel' has LevelScriptBlueprint '/Game/ThirdPersonCPP/Maps/ThirdPersonExampleMap.ThirdPersonExampleMap:PersistentLevel.ThirdPersonExampleMap' with GeneratedClass '/Game/ThirdPersonCPP/Maps/ThirdPersonExampleMap.ThirdPersonExampleMap_C' with ClassGeneratedBy '/Game/ThirdPersonCPP/Maps/ThirdPersonExampleMap.ThirdPersonExampleMap:PersistentLevel.ThirdPersonExampleMap'
[2017.09.13-00.52.38:674][828]LogSavePackage: Save=167.82ms
[2017.09.13-00.52.38:674][828]LogSavePackage: Moving '../../../../../../Documents/Unreal Projects/ProjectBossFight/ProjectBossFight/BossFight/Saved/ThirdPersonExampleMap_Auto10EE318C344EBC950B34BC9919AB729EE.tmp' to '../../../../../../Documents/Unreal Projects/ProjectBossFight/ProjectBossFight/BossFight/Saved/Autosaves/Game/ThirdPersonCPP/Maps/ThirdPersonExampleMap_Auto1.umap'
[2017.09.13-00.52.38:676][828]LogSavePackage:Display: Finished SavePackage ../../../../../../Documents/Unreal Projects/ProjectBossFight/ProjectBossFight/BossFight/Saved/Autosaves/Game/ThirdPersonCPP/Maps/ThirdPersonExampleMap_Auto1.umap
[2017.09.13-00.52.38:688][828]LogFileHelpers: Editor autosave (incl. sublevels) for '/Game/ThirdPersonCPP/Maps/ThirdPersonExampleMap' took 0.267
[2017.09.13-00.52.38:688][828]LogFileHelpers: Editor autosave (incl. sublevels) for all levels took 0.267
[2017.09.13-01.26.37:159][480]LogEditorViewport: Clicking on Actor (LMB): StaticMeshActor (Floor)
[2017.09.13-01.26.37:433][491]LogEditorViewport: Clicking on Component (LMB): StaticMeshComponent (StaticMeshComponent0)
[2017.09.13-01.27.53:614][711]LogSavePackage: Save=148.19ms
[2017.09.13-01.27.53:614][711]LogSavePackage: Moving '../../../../../../Documents/Unreal Projects/ProjectBossFight/ProjectBossFight/BossFight/Saved/ThirdPersonExampleMap294B6C2A4CCC026329D966B2EEDC16BA.tmp' to '../../../../../../Documents/Unreal Projects/ProjectBossFight/ProjectBossFight/BossFight/Content/ThirdPersonCPP/Maps/ThirdPersonExampleMap.umap'
[2017.09.13-01.27.53:618][711]LogSavePackage:Display: Finished SavePackage ../../../../../../Documents/Unreal Projects/ProjectBossFight/ProjectBossFight/BossFight/Content/ThirdPersonCPP/Maps/ThirdPersonExampleMap.umap
[2017.09.13-01.27.53:658][711]LogFileHelpers: Saving map 'ThirdPersonExampleMap' took 0.303
[2017.09.13-01.27.53:680][711]Cmd: MAP LOAD FILE="../../../../../../Documents/Unreal Projects/ProjectBossFight/ProjectBossFight/BossFight/Content/ThirdPersonCPP/Maps/ThirdPersonExampleMap.umap" TEMPLATE=0 SHOWPROGRESS=1 FEATURELEVEL=3
[2017.09.13-01.27.53:680][711]LightingResults: New page: Lighting Build
[2017.09.13-01.27.53:681][711]LoadErrors: New page: Loading map: ThirdPersonExampleMap.umap
[2017.09.13-01.27.53:709][711]MapCheck: New page: Map Check
[2017.09.13-01.27.53:709][711]LightingResults: New page: Lighting Build
[2017.09.13-01.27.53:757][711]LogAIModule: Creating AISystem for world ThirdPersonExampleMap
[2017.09.13-01.27.53:764][711]LogEditorServer: Finished looking for orphan Actors (0.000 secs)
[2017.09.13-01.27.53:881][711]Cmd: MAP CHECKDEP NOCLEARLOG
[2017.09.13-01.27.53:957][711]MapCheck: Info Map check complete: 0 Error(s), 0 Warning(s), took 76.346ms to complete.
[2017.09.13-01.27.53:958][711]LogFileHelpers: Loading map 'ThirdPersonExampleMap' took 0.289
[2017.09.13-01.27.56:606][868]LogTemp: Repeting last play command: Selected Viewport
[2017.09.13-01.27.56:624][868]LogBlueprintUserMessages: Early PlayInEditor Detection: Level '/Game/ThirdPersonCPP/Maps/ThirdPersonExampleMap.ThirdPersonExampleMap:PersistentLevel' has LevelScriptBlueprint '/Game/ThirdPersonCPP/Maps/ThirdPersonExampleMap.ThirdPersonExampleMap:PersistentLevel.ThirdPersonExampleMap' with GeneratedClass '/Game/ThirdPersonCPP/Maps/ThirdPersonExampleMap.ThirdPersonExampleMap_C' with ClassGeneratedBy '/Game/ThirdPersonCPP/Maps/ThirdPersonExampleMap.ThirdPersonExampleMap:PersistentLevel.ThirdPersonExampleMap'
[2017.09.13-01.27.56:624][868]LogPlayLevel: PlayLevel: No blueprints needed recompiling
[2017.09.13-01.27.56:625][868]PIE: New page: PIE session: ThirdPersonExampleMap (Sep 12, 2017, 3:27:56 PM)
[2017.09.13-01.27.56:625][868]LogPlayLevel: Creating play world package: /Game/ThirdPersonCPP/Maps/UEDPIE_0_ThirdPersonExampleMap
[2017.09.13-01.27.56:655][868]LogPlayLevel: PIE: StaticDuplicateObject took: (0.030828s)
[2017.09.13-01.27.56:657][868]LogAIModule: Creating AISystem for world ThirdPersonExampleMap
[2017.09.13-01.27.56:657][868]LogPlayLevel: PIE: World Init took: (0.001084s)
[2017.09.13-01.27.56:657][868]LogPlayLevel: PIE: Created PIE world by copying editor world from /Game/ThirdPersonCPP/Maps/ThirdPersonExampleMap.ThirdPersonExampleMap to /Game/ThirdPersonCPP/Maps/UEDPIE_0_ThirdPersonExampleMap.ThirdPersonExampleMap (0.032205s)
[2017.09.13-01.27.56:690][868]LogInit: XAudio2 using 'Speakers (Realtek High Definition Audio)' : 2 channels at 48 kHz using 32 bits per sample (channel mask 0x3)
[2017.09.13-01.27.56:695][868]LogInit: FAudioDevice initialized.
[2017.09.13-01.27.56:727][868]LogLoad: Game class is 'BossFightGameMode'
[2017.09.13-01.27.56:731][868]LogWorld: Bringing World /Game/ThirdPersonCPP/Maps/UEDPIE_0_ThirdPersonExampleMap.ThirdPersonExampleMap up for play (max tick rate 60) at 2017.09.12-20.27.56
[2017.09.13-01.27.56:731][868]LogWorld: Bringing up level for play took: 0.002216
[2017.09.13-01.27.56:733][868]PIE: Info Play in editor start time for /Game/ThirdPersonCPP/Maps/UEDPIE_0_ThirdPersonExampleMap 0.354
[2017.09.13-01.27.56:733][868]LogBlueprintUserMessages: Late PlayInEditor Detection: Level '/Game/ThirdPersonCPP/Maps/ThirdPersonExampleMap.ThirdPersonExampleMap:PersistentLevel' has LevelScriptBlueprint '/Game/ThirdPersonCPP/Maps/ThirdPersonExampleMap.ThirdPersonExampleMap:PersistentLevel.ThirdPersonExampleMap' with GeneratedClass '/Game/ThirdPersonCPP/Maps/ThirdPersonExampleMap.ThirdPersonExampleMap_C' with ClassGeneratedBy '/Game/ThirdPersonCPP/Maps/ThirdPersonExampleMap.ThirdPersonExampleMap:PersistentLevel.ThirdPersonExampleMap'
[2017.09.13-01.27.59:178][ 13]LogBlueprintUserMessages: Early EndPlayMap Detection: Level '/Game/ThirdPersonCPP/Maps/ThirdPersonExampleMap.ThirdPersonExampleMap:PersistentLevel' has LevelScriptBlueprint '/Game/ThirdPersonCPP/Maps/ThirdPersonExampleMap.ThirdPersonExampleMap:PersistentLevel.ThirdPersonExampleMap' with GeneratedClass '/Game/ThirdPersonCPP/Maps/ThirdPersonExampleMap.ThirdPersonExampleMap_C' with ClassGeneratedBy '/Game/ThirdPersonCPP/Maps/ThirdPersonExampleMap.ThirdPersonExampleMap:PersistentLevel.ThirdPersonExampleMap'
[2017.09.13-01.27.59:211][ 13]LogBlueprintUserMessages: Late EndPlayMap Detection: Level '/Game/ThirdPersonCPP/Maps/ThirdPersonExampleMap.ThirdPersonExampleMap:PersistentLevel' has LevelScriptBlueprint '/Game/ThirdPersonCPP/Maps/ThirdPersonExampleMap.ThirdPersonExampleMap:PersistentLevel.ThirdPersonExampleMap' with GeneratedClass '/Game/ThirdPersonCPP/Maps/ThirdPersonExampleMap.ThirdPersonExampleMap_C' with ClassGeneratedBy '/Game/ThirdPersonCPP/Maps/ThirdPersonExampleMap.ThirdPersonExampleMap:PersistentLevel.ThirdPersonExampleMap'
[2017.09.13-01.28.00:213][ 72]LogEditorViewport: Clicking on Actor (LMB): DocumentationActor (DocumentationActor1)
[2017.09.13-01.28.07:806][519]LogEditorViewport: Clicking on Actor (LMB): StaticMeshActor (Floor)
[2017.09.13-01.28.20:195][222]LogTemp: Repeting last play command: Selected Viewport
[2017.09.13-01.28.20:215][222]LogBlueprintUserMessages: Early PlayInEditor Detection: Level '/Game/ThirdPersonCPP/Maps/ThirdPersonExampleMap.ThirdPersonExampleMap:PersistentLevel' has LevelScriptBlueprint '/Game/ThirdPersonCPP/Maps/ThirdPersonExampleMap.ThirdPersonExampleMap:PersistentLevel.ThirdPersonExampleMap' with GeneratedClass '/Game/ThirdPersonCPP/Maps/ThirdPersonExampleMap.ThirdPersonExampleMap_C' with ClassGeneratedBy '/Game/ThirdPersonCPP/Maps/ThirdPersonExampleMap.ThirdPersonExampleMap:PersistentLevel.ThirdPersonExampleMap'
[2017.09.13-01.28.20:216][222]LogPlayLevel: PlayLevel: No blueprints needed recompiling
[2017.09.13-01.28.20:216][222]PIE: New page: PIE session: ThirdPersonExampleMap (Sep 12, 2017, 3:28:20 PM)
[2017.09.13-01.28.20:216][222]LogPlayLevel: Creating play world package: /Game/ThirdPersonCPP/Maps/UEDPIE_0_ThirdPersonExampleMap
[2017.09.13-01.28.20:240][222]LogPlayLevel: PIE: StaticDuplicateObject took: (0.024075s)
[2017.09.13-01.28.20:241][222]LogAIModule: Creating AISystem for world ThirdPersonExampleMap
[2017.09.13-01.28.20:241][222]LogPlayLevel: PIE: World Init took: (0.001372s)
[2017.09.13-01.28.20:241][222]LogPlayLevel: PIE: Created PIE world by copying editor world from /Game/ThirdPersonCPP/Maps/ThirdPersonExampleMap.ThirdPersonExampleMap to /Game/ThirdPersonCPP/Maps/UEDPIE_0_ThirdPersonExampleMap.ThirdPersonExampleMap (0.025675s)
[2017.09.13-01.28.20:320][222]LogInit: XAudio2 using 'Speakers (Realtek High Definition Audio)' : 2 channels at 48 kHz using 32 bits per sample (channel mask 0x3)
[2017.09.13-01.28.20:324][222]LogInit: FAudioDevice initialized.
[2017.09.13-01.28.20:364][222]LogLoad: Game class is 'BossFightGameMode'
[2017.09.13-01.28.20:367][222]LogWorld: Bringing World /Game/ThirdPersonCPP/Maps/UEDPIE_0_ThirdPersonExampleMap.ThirdPersonExampleMap up for play (max tick rate 60) at 2017.09.12-20.28.20
[2017.09.13-01.28.20:367][222]LogWorld: Bringing up level for play took: 0.002225
[2017.09.13-01.28.20:369][222]PIE: Info Play in editor start time for /Game/ThirdPersonCPP/Maps/UEDPIE_0_ThirdPersonExampleMap -0.01
[2017.09.13-01.28.20:369][222]LogBlueprintUserMessages: Late PlayInEditor Detection: Level '/Game/ThirdPersonCPP/Maps/ThirdPersonExampleMap.ThirdPersonExampleMap:PersistentLevel' has LevelScriptBlueprint '/Game/ThirdPersonCPP/Maps/ThirdPersonExampleMap.ThirdPersonExampleMap:PersistentLevel.ThirdPersonExampleMap' with GeneratedClass '/Game/ThirdPersonCPP/Maps/ThirdPersonExampleMap.ThirdPersonExampleMap_C' with ClassGeneratedBy '/Game/ThirdPersonCPP/Maps/ThirdPersonExampleMap.ThirdPersonExampleMap:PersistentLevel.ThirdPersonExampleMap'
[2017.09.13-01.28.23:849][429]LogBlueprintUserMessages: Early EndPlayMap Detection: Level '/Game/ThirdPersonCPP/Maps/ThirdPersonExampleMap.ThirdPersonExampleMap:PersistentLevel' has LevelScriptBlueprint '/Game/ThirdPersonCPP/Maps/ThirdPersonExampleMap.ThirdPersonExampleMap:PersistentLevel.ThirdPersonExampleMap' with GeneratedClass '/Game/ThirdPersonCPP/Maps/ThirdPersonExampleMap.ThirdPersonExampleMap_C' with ClassGeneratedBy '/Game/ThirdPersonCPP/Maps/ThirdPersonExampleMap.ThirdPersonExampleMap:PersistentLevel.ThirdPersonExampleMap'
[2017.09.13-01.28.23:907][429]LogBlueprintUserMessages: Late EndPlayMap Detection: Level '/Game/ThirdPersonCPP/Maps/ThirdPersonExampleMap.ThirdPersonExampleMap:PersistentLevel' has LevelScriptBlueprint '/Game/ThirdPersonCPP/Maps/ThirdPersonExampleMap.ThirdPersonExampleMap:PersistentLevel.ThirdPersonExampleMap' with GeneratedClass '/Game/ThirdPersonCPP/Maps/ThirdPersonExampleMap.ThirdPersonExampleMap_C' with ClassGeneratedBy '/Game/ThirdPersonCPP/Maps/ThirdPersonExampleMap.ThirdPersonExampleMap:PersistentLevel.ThirdPersonExampleMap'
[2017.09.13-01.29.47:484][721]LogUProjectInfo: Found projects:
[2017.09.13-01.30.17:647][509]LogGameProjectGeneration:Verbose: 'D:/Programs/Epic Games/UE_4.16/Templates/TP_ThirdPerson/Media/TP_ThirdPerson.png': Skipping as it is in an ignored folder 'Media'
[2017.09.13-01.30.17:647][509]LogGameProjectGeneration:Verbose: 'D:/Programs/Epic Games/UE_4.16/Templates/TP_ThirdPerson/Media/TP_ThirdPerson_Preview.png': Skipping as it is in an ignored folder 'Media'
[2017.09.13-01.30.17:647][509]LogGameProjectGeneration:Verbose: 'D:/Programs/Epic Games/UE_4.16/Templates/TP_ThirdPerson/Source/TP_ThirdPerson.Target.cs': Renaming to 'Source//ThirdPersonCharacter.Target' as it matched file rename ('TP_ThirdPerson'->'ThirdPersonCharacter')
[2017.09.13-01.30.17:654][509]LogGameProjectGeneration:Verbose: 'D:/Programs/Epic Games/UE_4.16/Templates/TP_ThirdPerson/Source/TP_ThirdPersonEditor.Target.cs': Renaming to 'Source//ThirdPersonCharacterEditor.Target' as it matched file rename ('TP_ThirdPerson'->'ThirdPersonCharacter')
[2017.09.13-01.30.17:660][509]LogGameProjectGeneration:Verbose: 'D:/Programs/Epic Games/UE_4.16/Templates/TP_ThirdPerson/Source/TP_ThirdPerson/TP_ThirdPerson.Build.cs': Moving to 'Source/ThirdPersonCharacter/' as it matched folder rename ('Source/TP_ThirdPerson'->'Source/ThirdPersonCharacter')
[2017.09.13-01.30.17:660][509]LogGameProjectGeneration:Verbose: 'D:/Programs/Epic Games/UE_4.16/Templates/TP_ThirdPerson/Source/TP_ThirdPerson/TP_ThirdPerson.Build.cs': Renaming to 'Source/ThirdPersonCharacter//ThirdPersonCharacter.Build' as it matched file rename ('TP_ThirdPerson'->'ThirdPersonCharacter')
[2017.09.13-01.30.17:662][509]LogGameProjectGeneration:Verbose: 'D:/Programs/Epic Games/UE_4.16/Templates/TP_ThirdPerson/Source/TP_ThirdPerson/TP_ThirdPerson.cpp': Moving to 'Source/ThirdPersonCharacter/' as it matched folder rename ('Source/TP_ThirdPerson'->'Source/ThirdPersonCharacter')
[2017.09.13-01.30.17:662][509]LogGameProjectGeneration:Verbose: 'D:/Programs/Epic Games/UE_4.16/Templates/TP_ThirdPerson/Source/TP_ThirdPerson/TP_ThirdPerson.cpp': Renaming to 'Source/ThirdPersonCharacter//ThirdPersonCharacter' as it matched file rename ('TP_ThirdPerson'->'ThirdPersonCharacter')
[2017.09.13-01.30.17:666][509]LogGameProjectGeneration:Verbose: 'D:/Programs/Epic Games/UE_4.16/Templates/TP_ThirdPerson/Source/TP_ThirdPerson/TP_ThirdPerson.h': Moving to 'Source/ThirdPersonCharacter/' as it matched folder rename ('Source/TP_ThirdPerson'->'Source/ThirdPersonCharacter')
[2017.09.13-01.30.17:666][509]LogGameProjectGeneration:Verbose: 'D:/Programs/Epic Games/UE_4.16/Templates/TP_ThirdPerson/Source/TP_ThirdPerson/TP_ThirdPerson.h': Renaming to 'Source/ThirdPersonCharacter//ThirdPersonCharacter' as it matched file rename ('TP_ThirdPerson'->'ThirdPersonCharacter')
[2017.09.13-01.30.17:670][509]LogGameProjectGeneration:Verbose: 'D:/Programs/Epic Games/UE_4.16/Templates/TP_ThirdPerson/Source/TP_ThirdPerson/TP_ThirdPersonCharacter.cpp': Moving to 'Source/ThirdPersonCharacter/' as it matched folder rename ('Source/TP_ThirdPerson'->'Source/ThirdPersonCharacter')
[2017.09.13-01.30.17:670][509]LogGameProjectGeneration:Verbose: 'D:/Programs/Epic Games/UE_4.16/Templates/TP_ThirdPerson/Source/TP_ThirdPerson/TP_ThirdPersonCharacter.cpp': Renaming to 'Source/ThirdPersonCharacter//ThirdPersonCharacterCharacter' as it matched file rename ('TP_ThirdPerson'->'ThirdPersonCharacter')
[2017.09.13-01.30.17:677][509]LogGameProjectGeneration:Verbose: 'D:/Programs/Epic Games/UE_4.16/Templates/TP_ThirdPerson/Source/TP_ThirdPerson/TP_ThirdPersonCharacter.h': Moving to 'Source/ThirdPersonCharacter/' as it matched folder rename ('Source/TP_ThirdPerson'->'Source/ThirdPersonCharacter')
[2017.09.13-01.30.17:677][509]LogGameProjectGeneration:Verbose: 'D:/Programs/Epic Games/UE_4.16/Templates/TP_ThirdPerson/Source/TP_ThirdPerson/TP_ThirdPersonCharacter.h': Renaming to 'Source/ThirdPersonCharacter//ThirdPersonCharacterCharacter' as it matched file rename ('TP_ThirdPerson'->'ThirdPersonCharacter')
[2017.09.13-01.30.17:682][509]LogGameProjectGeneration:Verbose: 'D:/Programs/Epic Games/UE_4.16/Templates/TP_ThirdPerson/Source/TP_ThirdPerson/TP_ThirdPersonGameMode.cpp': Moving to 'Source/ThirdPersonCharacter/' as it matched folder rename ('Source/TP_ThirdPerson'->'Source/ThirdPersonCharacter')
[2017.09.13-01.30.17:682][509]LogGameProjectGeneration:Verbose: 'D:/Programs/Epic Games/UE_4.16/Templates/TP_ThirdPerson/Source/TP_ThirdPerson/TP_ThirdPersonGameMode.cpp': Renaming to 'Source/ThirdPersonCharacter//ThirdPersonCharacterGameMode' as it matched file rename ('TP_ThirdPerson'->'ThirdPersonCharacter')
[2017.09.13-01.30.17:687][509]LogGameProjectGeneration:Verbose: 'D:/Programs/Epic Games/UE_4.16/Templates/TP_ThirdPerson/Source/TP_ThirdPerson/TP_ThirdPersonGameMode.h': Moving to 'Source/ThirdPersonCharacter/' as it matched folder rename ('Source/TP_ThirdPerson'->'Source/ThirdPersonCharacter')
[2017.09.13-01.30.17:687][509]LogGameProjectGeneration:Verbose: 'D:/Programs/Epic Games/UE_4.16/Templates/TP_ThirdPerson/Source/TP_ThirdPerson/TP_ThirdPersonGameMode.h': Renaming to 'Source/ThirdPersonCharacter//ThirdPersonCharacterGameMode' as it matched file rename ('TP_ThirdPerson'->'ThirdPersonCharacter')
[2017.09.13-01.30.18:128][509]Running D:/Programs/Epic Games/UE_4.16/Engine/Binaries/DotNET/UnrealBuildTool.exe  -projectfiles -project="C:/Users/Ryan/Documents/Unreal Projects/ThirdPersonCharacter/ThirdPersonCharacter.uproject" -game -rocket -progress
[2017.09.13-01.30.18:432][509]Discovering modules, targets and source code for project...
[2017.09.13-01.30.22:565][509]Running D:/Programs/Epic Games/UE_4.16/Engine/Binaries/DotNET/UnrealBuildTool.exe ThirdPersonCharacter Development Win64 -project="C:/Users/Ryan/Documents/Unreal Projects/ThirdPersonCharacter/ThirdPersonCharacter.uproject" -editorrecompile -progress -NoHotReloadFromIDE
[2017.09.13-01.30.22:963][509]Performing full C++ include scan (building a new target)
[2017.09.13-01.30.22:963][509]Creating makefile for ThirdPersonCharacter (no existing makefile)
[2017.09.13-01.31.04:922][509]@progress push 5%
[2017.09.13-01.31.06:031][509]Parsing headers for ThirdPersonCharacterEditor
[2017.09.13-01.31.06:031][509]  Running UnrealHeaderTool "C:\Users\Ryan\Documents\Unreal Projects\ThirdPersonCharacter\ThirdPersonCharacter.uproject" "C:\Users\Ryan\Documents\Unreal Projects\ThirdPersonCharacter\Intermediate\Build\Win64\ThirdPersonCharacterEditor\Development\ThirdPersonCharacterEditor.uhtmanifest" -LogCmds="loginit warning, logexit warning, logdatabase error" -Unattended -WarningsAsErrors -installed
[2017.09.13-01.31.16:067][509]Reflection code generated for ThirdPersonCharacterEditor in 10.006413 seconds
[2017.09.13-01.31.16:268][509]@progress pop
[2017.09.13-01.31.19:681][509]Performing 9 actions (4 in parallel)
[2017.09.13-01.31.19:682][509][2/9] Resource ModuleVersionResource.rc.inl
[2017.09.13-01.31.19:682][509][3/9] Resource PCLaunch.rc
[2017.09.13-01.31.19:883][509]SharedPCH.Engine.cpp
[2017.09.13-01.31.49:290][509]ThirdPersonCharacterCharacter.cpp
[2017.09.13-01.31.49:290][509]ThirdPersonCharacterGameMode.cpp
[2017.09.13-01.31.49:290][509]ThirdPersonCharacter.generated.cpp
[2017.09.13-01.31.49:390][509]ThirdPersonCharacter.cpp
[2017.09.13-01.31.50:196][509][8/9] Link UE4Editor-ThirdPersonCharacter.dll
[2017.09.13-01.31.50:196][509][9/9] Link UE4Editor-ThirdPersonCharacter.lib
[2017.09.13-01.31.50:397][509]   Creating library C:\Users\Ryan\Documents\Unreal Projects\ThirdPersonCharacter\Intermediate\Build\Win64\UE4Editor\Development\UE4Editor-ThirdPersonCharacter.lib and object C:\Users\Ryan\Documents\Unreal Projects\ThirdPersonCharacter\Intermediate\Build\Win64\UE4Editor\Development\UE4Editor-ThirdPersonCharacter.exp
[2017.09.13-01.31.50:899][509]   Creating library C:\Users\Ryan\Documents\Unreal Projects\ThirdPersonCharacter\Intermediate\Build\Win64\UE4Editor\Development\UE4Editor-ThirdPersonCharacter.suppressed.lib and object C:\Users\Ryan\Documents\Unreal Projects\ThirdPersonCharacter\Intermediate\Build\Win64\UE4Editor\Development\UE4Editor-ThirdPersonCharacter.suppressed.exp
[2017.09.13-01.31.51:201][509]Total build time: 88.32 seconds (Local executor: 32.63 seconds)
[2017.09.13-01.31.51:451][509]LogWindows: LaunchFileInExternalEditor C:/Users/Ryan/Documents/Unreal Projects/ThirdPersonCharacter/ThirdPersonCharacter.sln 
[2017.09.13-01.31.51:757][509]LogWindows: Launch application code for C:/Users/Ryan/Documents/Unreal Projects/ThirdPersonCharacter/ThirdPersonCharacter.sln : 42
[2017.09.13-01.31.51:830][510]Cmd: CLOSE_SLATE_MAINFRAME
[2017.09.13-01.31.52:105][510]LogWindowsTextInputMethodSystem:Display: IME system now deactivated.
[2017.09.13-01.31.52:578][511]Cmd: QUIT_EDITOR
[2017.09.13-01.31.54:506][511]LogExit: Preparing to exit.
[2017.09.13-01.31.56:090][511]LogDirectoryWatcher: A directory notification for 'D:/Documents/Unreal Projects/ProjectBossFight/ProjectBossFight/BossFight/Content/' was aborted.
[2017.09.13-01.31.56:249][511]LogExit: Editor shut down
[2017.09.13-01.31.56:258][511]LogExit: Transaction tracking system shut down
[2017.09.13-01.31.57:590][511]LogObj: Freed 0b from 0 cluster array pools.
[2017.09.13-01.31.57:590][511]LogExit: Object subsystem successfully closed.
[2017.09.13-01.31.57:753][511]LogD3D11RHI: Shutdown
[2017.09.13-01.31.57:753][511]LogD3D11RHI: CleanupD3DDevice
[2017.09.13-01.31.57:875][511]LogD3D11RHI: ~FD3D11DynamicRHI
[2017.09.13-01.31.58:817][511]LogModuleManager: Shutting down and abandoning module BlueprintGraph (532)
[2017.09.13-01.31.58:827][511]LogModuleManager: Shutting down and abandoning module BlueprintProfiler (530)
[2017.09.13-01.31.58:842][511]LogModuleManager: Shutting down and abandoning module MovieSceneCapture (528)
[2017.09.13-01.31.58:842][511]LogModuleManager: Shutting down and abandoning module HierarchicalLODOutliner (526)
[2017.09.13-01.31.58:849][511]LogModuleManager: Shutting down and abandoning module CrashTracker (524)
[2017.09.13-01.31.58:849][511]LogModuleManager: Shutting down and abandoning module SceneOutliner (522)
[2017.09.13-01.31.58:849][511]LogModuleManager: Shutting down and abandoning module AddContentDialog (520)
[2017.09.13-01.31.58:859][511]LogDirectoryWatcher: A directory notification for 'D:/Programs/Epic Games/UE_4.16/FeaturePacks/' was aborted.
[2017.09.13-01.31.58:860][511]LogModuleManager: Shutting down and abandoning module WidgetCarousel (519)
[2017.09.13-01.31.58:860][511]LogModuleManager: Shutting down and abandoning module EditorWidgets (516)
[2017.09.13-01.31.58:860][511]LogModuleManager: Shutting down and abandoning module CollectionManager (514)
[2017.09.13-01.31.58:860][511]LogDirectoryWatcher: A directory notification for 'D:/Documents/Unreal Projects/ProjectBossFight/ProjectBossFight/BossFight/Content/Collections/' was aborted.
[2017.09.13-01.31.58:860][511]LogDirectoryWatcher: A directory notification for 'D:/Documents/Unreal Projects/ProjectBossFight/ProjectBossFight/BossFight/Content/Developers/Ryan/Collections/' was aborted.
[2017.09.13-01.31.58:860][511]LogDirectoryWatcher: A directory notification for 'D:/Documents/Unreal Projects/ProjectBossFight/ProjectBossFight/BossFight/Saved/Collections/' was aborted.
[2017.09.13-01.31.58:860][511]LogModuleManager: Shutting down and abandoning module StatsViewer (512)
[2017.09.13-01.31.58:870][511]LogModuleManager: Shutting down and abandoning module FoliageEdit (510)
[2017.09.13-01.31.58:870][511]LogModuleManager: Shutting down and abandoning module LandscapeEditor (508)
[2017.09.13-01.31.58:892][511]LogModuleManager: Shutting down and abandoning module MeshPaintMode (506)
[2017.09.13-01.31.58:892][511]LogModuleManager: Shutting down and abandoning module SceneDepthPickerMode (504)
[2017.09.13-01.31.58:892][511]LogModuleManager: Shutting down and abandoning module ActorPickerMode (502)
[2017.09.13-01.31.58:892][511]LogModuleManager: Shutting down and abandoning module GeometryMode (500)
[2017.09.13-01.31.58:892][511]LogModuleManager: Shutting down and abandoning module TextureAlignMode (498)
[2017.09.13-01.31.58:892][511]LogModuleManager: Shutting down and abandoning module BspMode (496)
[2017.09.13-01.31.58:915][511]LogModuleManager: Shutting down and abandoning module HardwareSurvey (494)
[2017.09.13-01.31.58:915][511]LogModuleManager: Shutting down and abandoning module SequenceRecorderSections (492)
[2017.09.13-01.31.58:915][511]LogModuleManager: Shutting down and abandoning module AutomationWorker (490)
[2017.09.13-01.31.58:939][511]LogModuleManager: Shutting down and abandoning module MatineeToLevelSequence (488)
[2017.09.13-01.31.58:939][511]LogModuleManager: Shutting down and abandoning module LevelSequenceEditor (486)
[2017.09.13-01.31.58:993][511]LogModuleManager: Shutting down and abandoning module PlacementMode (485)
[2017.09.13-01.31.58:993][511]LogModuleManager: Shutting down and abandoning module WmfMediaFactory (482)
[2017.09.13-01.31.58:993][511]LogModuleManager: Shutting down and abandoning module WmfMediaEditor (480)
[2017.09.13-01.31.58:993][511]LogModuleManager: Shutting down and abandoning module AvfMediaFactory (478)
[2017.09.13-01.31.58:993][511]LogModuleManager: Shutting down and abandoning module AvfMediaEditor (476)
[2017.09.13-01.31.58:993][511]LogModuleManager: Shutting down and abandoning module AndroidMediaFactory (474)
[2017.09.13-01.31.58:993][511]LogModuleManager: Shutting down and abandoning module Media (473)
[2017.09.13-01.31.58:993][511]LogModuleManager: Shutting down and abandoning module AndroidMediaEditor (470)
[2017.09.13-01.31.58:993][511]LogModuleManager: Shutting down and abandoning module CharacterAI (468)
[2017.09.13-01.31.58:994][511]LogModuleManager: Shutting down and abandoning module AudioCapture (466)
[2017.09.13-01.31.58:998][511]LogModuleManager: Shutting down and abandoning module SequenceRecorder (465)
[2017.09.13-01.31.58:999][511]LogModuleManager: Shutting down and abandoning module SmartSnapping (462)
[2017.09.13-01.31.58:999][511]LogModuleManager: Shutting down and abandoning module SessionServices (460)
[2017.09.13-01.31.58:999][511]LogModuleManager: Shutting down and abandoning module ViewportSnapping (458)
[2017.09.13-01.31.58:999][511]LogModuleManager: Shutting down and abandoning module ViewportInteraction (456)
[2017.09.13-01.31.58:999][511]LogModuleManager: Shutting down and abandoning module ClothPainter (454)
[2017.09.13-01.31.59:025][511]LogModuleManager: Shutting down and abandoning module LogVisualizer (452)
[2017.09.13-01.31.59:033][511]LogModuleManager: Shutting down and abandoning module IntroTutorials (450)
[2017.09.13-01.31.59:053][511]LogModuleManager: Shutting down and abandoning module GameProjectGeneration (449)
[2017.09.13-01.31.59:053][511]LogModuleManager: Shutting down and abandoning module EditorLiveStreaming (446)
[2017.09.13-01.31.59:053][511]LogModuleManager: Shutting down and abandoning module IOSPlatformEditor (444)
[2017.09.13-01.31.59:065][511]LogModuleManager: Shutting down and abandoning module HTML5PlatformEditor (442)
[2017.09.13-01.31.59:065][511]LogModuleManager: Shutting down and abandoning module AndroidPlatformEditor (440)
[2017.09.13-01.31.59:065][511]LogModuleManager: Shutting down and abandoning module AndroidDeviceDetection (439)
[2017.09.13-01.31.59:312][511]LogModuleManager: Shutting down and abandoning module IOSRuntimeSettings (436)
[2017.09.13-01.31.59:312][511]LogModuleManager: Shutting down and abandoning module AndroidRuntimeSettings (434)
[2017.09.13-01.31.59:312][511]LogModuleManager: Shutting down and abandoning module InputBindingEditor (432)
[2017.09.13-01.31.59:327][511]LogModuleManager: Shutting down and abandoning module MergeActors (430)
[2017.09.13-01.31.59:333][511]LogModuleManager: Shutting down and abandoning module SizeMap (428)
[2017.09.13-01.31.59:333][511]LogModuleManager: Shutting down and abandoning module TreeMap (426)
[2017.09.13-01.31.59:340][511]LogModuleManager: Shutting down and abandoning module ReferenceViewer (424)
[2017.09.13-01.31.59:348][511]LogModuleManager: Shutting down and abandoning module LocalizationDashboard (422)
[2017.09.13-01.31.59:367][511]LogModuleManager: Shutting down and abandoning module LocalizationService (421)
[2017.09.13-01.31.59:380][511]LogModuleManager: Shutting down and abandoning module HardwareTargeting (418)
[2017.09.13-01.31.59:380][511]LogModuleManager: Shutting down and abandoning module DeviceProfileEditor (416)
[2017.09.13-01.31.59:399][511]LogModuleManager: Shutting down and abandoning module UndoHistory (414)
[2017.09.13-01.31.59:410][511]LogModuleManager: Shutting down and abandoning module UserFeedback (412)
[2017.09.13-01.31.59:410][511]LogModuleManager: Shutting down and abandoning module XmlParser (410)
[2017.09.13-01.31.59:410][511]LogModuleManager: Shutting down and abandoning module Blutility (408)
[2017.09.13-01.31.59:417][511]LogModuleManager: Shutting down and abandoning module ProjectSettingsViewer (406)
[2017.09.13-01.31.59:417][511]LogModuleManager: Shutting down and abandoning module ProjectTargetPlatformEditor (405)
[2017.09.13-01.31.59:417][511]LogModuleManager: Shutting down and abandoning module EditorSettingsViewer (402)
[2017.09.13-01.31.59:417][511]LogModuleManager: Shutting down and abandoning module SettingsEditor (400)
[2017.09.13-01.31.59:426][511]LogModuleManager: Shutting down and abandoning module ProjectLauncher (398)
[2017.09.13-01.31.59:437][511]LogModuleManager: Shutting down and abandoning module SessionFrontend (396)
[2017.09.13-01.31.59:455][511]LogModuleManager: Shutting down and abandoning module ProfilerClient (394)
[2017.09.13-01.31.59:474][511]LogModuleManager: Shutting down and abandoning module DeviceManager (392)
[2017.09.13-01.31.59:481][511]LogModuleManager: Shutting down and abandoning module TargetDeviceServices (391)
[2017.09.13-01.31.59:534][511]LogModuleManager: Shutting down and abandoning module AutomationController (388)
[2017.09.13-01.31.59:572][511]LogModuleManager: Shutting down and abandoning module AutomationWindow (386)
[2017.09.13-01.31.59:597][511]LogModuleManager: Shutting down and abandoning module Layers (384)
[2017.09.13-01.31.59:614][511]LogModuleManager: Shutting down and abandoning module ComponentVisualizers (382)
[2017.09.13-01.31.59:614][511]LogModuleManager: Shutting down and abandoning module DetailCustomizations (380)
[2017.09.13-01.31.59:617][511]LogModuleManager: Shutting down and abandoning module PackagesDialog (378)
[2017.09.13-01.31.59:617][511]LogModuleManager: Shutting down and abandoning module Persona (376)
[2017.09.13-01.31.59:669][511]LogModuleManager: Shutting down and abandoning module AdvancedPreviewScene (375)
[2017.09.13-01.31.59:669][511]LogModuleManager: Shutting down and abandoning module AnimGraph (373)
[2017.09.13-01.31.59:669][511]LogModuleManager: Shutting down and abandoning module Kismet (370)
[2017.09.13-01.31.59:681][511]LogModuleManager: Shutting down and abandoning module ClassViewer (368)
[2017.09.13-01.31.59:681][511]LogModuleManager: Shutting down and abandoning module Toolbox (366)
[2017.09.13-01.31.59:681][511]LogModuleManager: Shutting down and abandoning module ModuleUI (364)
[2017.09.13-01.31.59:701][511]LogModuleManager: Shutting down and abandoning module MovieSceneTools (362)
[2017.09.13-01.31.59:717][511]LogModuleManager: Shutting down and abandoning module OutputLog (360)
[2017.09.13-01.31.59:727][511]LogModuleManager: Shutting down and abandoning module GammaUI (358)
[2017.09.13-01.31.59:732][511]LogModuleManager: Shutting down and abandoning module Documentation (356)
[2017.09.13-01.31.59:733][511]LogModuleManager: Shutting down and abandoning module MovieSceneTracks (354)
[2017.09.13-01.31.59:733][511]LogModuleManager: Shutting down and abandoning module MovieScene (352)
[2017.09.13-01.31.59:733][511]LogModuleManager: Shutting down and abandoning module Niagara (350)
[2017.09.13-01.31.59:733][511]LogModuleManager: Shutting down and abandoning module NiagaraEditor (349)
[2017.09.13-01.31.59:762][511]LogModuleManager: Shutting down and abandoning module StreamingPauseRendering (346)
[2017.09.13-01.31.59:762][511]LogModuleManager: Shutting down and abandoning module AnalyticsET (344)
[2017.09.13-01.31.59:762][511]LogModuleManager: Shutting down and abandoning module PortalServices (342)
[2017.09.13-01.31.59:762][511]LogModuleManager: Shutting down and abandoning module PortalRpc (340)
[2017.09.13-01.31.59:762][511]LogModuleManager: Shutting down and abandoning module MessagingRpc (338)
[2017.09.13-01.31.59:762][511]LogModuleManager: Shutting down and abandoning module AIModule (336)
[2017.09.13-01.31.59:772][511]LogModuleManager: Shutting down and abandoning module GameplayDebugger (335)
[2017.09.13-01.31.59:772][511]LogModuleManager: Shutting down and abandoning module AITestSuite (333)
[2017.09.13-01.31.59:781][511]LogModuleManager: Shutting down and abandoning module ProfilerService (330)
[2017.09.13-01.31.59:912][511]LogModuleManager: Shutting down and abandoning module TaskGraph (328)
[2017.09.13-01.31.59:942][511]LogModuleManager: Shutting down and abandoning module SteamVRController (326)
[2017.09.13-01.31.59:942][511]LogModuleManager: Shutting down and abandoning module SteamVR (324)
[2017.09.13-01.31.59:942][511]LogModuleManager: Shutting down and abandoning module ProceduralMeshComponentEditor (322)
[2017.09.13-01.31.59:942][511]LogModuleManager: Shutting down and abandoning module ProceduralMeshComponent (320)
[2017.09.13-01.31.59:957][511]LogModuleManager: Shutting down and abandoning module OculusLibrary (318)
[2017.09.13-01.31.59:957][511]LogModuleManager: Shutting down and abandoning module OculusInput (316)
[2017.09.13-01.31.59:957][511]LogModuleManager: Shutting down and abandoning module MobilePatchingUtils (314)
[2017.09.13-01.31.59:957][511]LogModuleManager: Shutting down and abandoning module CustomMeshComponent (312)
[2017.09.13-01.31.59:957][511]LogModuleManager: Shutting down and abandoning module CableComponent (310)
[2017.09.13-01.31.59:957][511]LogModuleManager: Shutting down and abandoning module ArchVisCharacter (308)
[2017.09.13-01.31.59:957][511]LogModuleManager: Shutting down and abandoning module AndroidPermission (306)
[2017.09.13-01.31.59:957][511]LogModuleManager: Shutting down and abandoning module MediaPlayerEditor (302)
[2017.09.13-01.31.59:978][511]LogModuleManager: Shutting down and abandoning module HTML5Networking (300)
[2017.09.13-01.31.59:979][511]LogModuleManager: Shutting down and abandoning module AlembicImporter (298)
[2017.09.13-01.31.59:984][511]LogModuleManager: Shutting down and abandoning module AlembicLibrary (297)
[2017.09.13-01.31.59:984][511]LogModuleManager: Shutting down and abandoning module GeometryCache (296)
[2017.09.13-01.31.59:984][511]LogModuleManager: Shutting down and abandoning module GeometryCacheEd (295)
[2017.09.13-01.31.59:984][511]LogModuleManager: Shutting down and abandoning module SuperSearchEditor (290)
[2017.09.13-01.31.59:984][511]LogModuleManager: Shutting down and abandoning module SuperSearch (289)
[2017.09.13-01.31.59:984][511]LogModuleManager: Shutting down and abandoning module SpeedTreeImporter (286)
[2017.09.13-01.31.59:984][511]LogModuleManager: Shutting down and abandoning module PluginBrowser (284)
[2017.09.13-01.32.00:005][511]LogModuleManager: Shutting down and abandoning module MobileLauncherProfileWizard (282)
[2017.09.13-01.32.00:013][511]LogModuleManager: Shutting down and abandoning module VisualStudioSourceCodeAccess (280)
[2017.09.13-01.32.00:013][511]LogModuleManager: Shutting down and abandoning module DesktopPlatform (279)
[2017.09.13-01.32.00:013][511]LogModuleManager: Shutting down and abandoning module UObjectPlugin (276)
[2017.09.13-01.32.00:013][511]LogModuleManager: Shutting down and abandoning module SubversionSourceControl (274)
[2017.09.13-01.32.00:039][511]LogModuleManager: Shutting down and abandoning module PerforceSourceControl (272)
[2017.09.13-01.32.00:053][511]LogModuleManager: Shutting down and abandoning module GitSourceControl (270)
[2017.09.13-01.32.00:061][511]LogModuleManager: Shutting down and abandoning module SourceControl (269)
[2017.09.13-01.32.00:069][511]LogModuleManager: Shutting down and abandoning module LightPropagationVolumeEditor (266)
[2017.09.13-01.32.00:069][511]LogModuleManager: Shutting down and abandoning module PaperTiledImporter (264)
[2017.09.13-01.32.00:069][511]LogModuleManager: Shutting down and abandoning module PaperSpriteSheetImporter (262)
[2017.09.13-01.32.00:069][511]LogModuleManager: Shutting down and abandoning module Paper2DEditor (260)
[2017.09.13-01.32.00:077][511]LogModuleManager: Shutting down and abandoning module MeshPaint (259)
[2017.09.13-01.32.00:092][511]LogModuleManager: Shutting down and abandoning module LevelEditor (257)
[2017.09.13-01.32.00:105][511]LogModuleManager: Shutting down and abandoning module PixelInspectorModule (256)
[2017.09.13-01.32.00:116][511]LogModuleManager: Shutting down and abandoning module MainFrame (254)
[2017.09.13-01.32.00:116][511]LogModuleManager: Shutting down and abandoning module HotReload (253)
[2017.09.13-01.32.00:119][511]LogDirectoryWatcher: A directory notification for 'D:/Documents/Unreal Projects/ProjectBossFight/ProjectBossFight/BossFight/Binaries/Win64' was aborted.
[2017.09.13-01.32.00:130][511]LogModuleManager: Shutting down and abandoning module BossFight (248)
[2017.09.13-01.32.00:130][511]LogModuleManager: Shutting down and abandoning module PhysXVehiclesEditor (246)
[2017.09.13-01.32.00:141][511]LogModuleManager: Shutting down and abandoning module PhysXVehicles (244)
[2017.09.13-01.32.00:141][511]LogModuleManager: Shutting down and abandoning module LocationServicesBPLibrary (242)
[2017.09.13-01.32.00:141][511]LogModuleManager: Shutting down and abandoning module ImmediatePhysicsEditor (240)
[2017.09.13-01.32.00:141][511]LogModuleManager: Shutting down and abandoning module ImmediatePhysics (238)
[2017.09.13-01.32.00:171][511]LogModuleManager: Shutting down and abandoning module UdpMessaging (236)
[2017.09.13-01.32.00:271][511]LogModuleManager: Shutting down and abandoning module TcpMessaging (234)
[2017.09.13-01.32.00:371][511]LogModuleManager: Shutting down and abandoning module GameplayTagsEditor (232)
[2017.09.13-01.32.00:419][511]LogModuleManager: Shutting down and abandoning module FacialAnimationEditor (230)
[2017.09.13-01.32.00:419][511]LogModuleManager: Shutting down and abandoning module FacialAnimation (228)
[2017.09.13-01.32.00:419][511]LogModuleManager: Shutting down and abandoning module AssetManagerEditor (226)
[2017.09.13-01.32.00:427][511]LogModuleManager: Shutting down and abandoning module GraphEditor (225)
[2017.09.13-01.32.00:427][511]LogModuleManager: Shutting down and abandoning module ContentBrowser (223)
[2017.09.13-01.32.00:428][511]LogModuleManager: Shutting down and abandoning module LightPropagationVolumeRuntime (220)
[2017.09.13-01.32.00:428][511]LogModuleManager: Shutting down and abandoning module Paper2D (218)
[2017.09.13-01.32.00:436][511]LogModuleManager: Shutting down and abandoning module WindowsMoviePlayer (216)
[2017.09.13-01.32.00:436][511]LogModuleManager: Shutting down and abandoning module WmfMedia (214)
[2017.09.13-01.32.00:436][511]LogModuleManager: Shutting down and abandoning module ClothingSystemEditor (212)
[2017.09.13-01.32.00:436][511]LogModuleManager: Shutting down and abandoning module ClothingSystemRuntime (210)
[2017.09.13-01.32.00:452][511]LogModuleManager: Shutting down and abandoning module MediaAssets (208)
[2017.09.13-01.32.00:452][511]LogModuleManager: Shutting down and abandoning module GameLiveStreaming (206)
[2017.09.13-01.32.00:467][511]LogModuleManager: Shutting down and abandoning module VREditor (204)
[2017.09.13-01.32.00:480][511]LogModuleManager: Shutting down and abandoning module StringTableEditor (202)
[2017.09.13-01.32.00:516][511]LogModuleManager: Shutting down and abandoning module GameplayTasksEditor (200)
[2017.09.13-01.32.00:516][511]LogModuleManager: Shutting down and abandoning module BehaviorTreeEditor (198)
[2017.09.13-01.32.00:547][511]LogModuleManager: Shutting down and abandoning module FunctionalTesting (196)
[2017.09.13-01.32.00:547][511]LogModuleManager: Shutting down and abandoning module CollisionAnalyzer (194)
[2017.09.13-01.32.00:561][511]LogModuleManager: Shutting down and abandoning module UMG (192)
[2017.09.13-01.32.00:572][511]LogModuleManager: Shutting down and abandoning module UMGEditor (191)
[2017.09.13-01.32.00:596][511]LogModuleManager: Shutting down and abandoning module Sequencer (190)
[2017.09.13-01.32.00:618][511]LogModuleManager: Shutting down and abandoning module AssetTools (188)
[2017.09.13-01.32.00:647][511]LogModuleManager: Shutting down and abandoning module MessageLog (187)
[2017.09.13-01.32.00:647][511]LogModuleManager: Shutting down and abandoning module WorkspaceMenuStructure (186)
[2017.09.13-01.32.00:647][511]LogModuleManager: Shutting down and abandoning module SlateReflector (180)
[2017.09.13-01.32.00:669][511]LogModuleManager: Shutting down and abandoning module Slate (178)
[2017.09.13-01.32.00:669][511]LogModuleManager: Shutting down and abandoning module EditorStyle (176)
[2017.09.13-01.32.00:672][511]LogModuleManager: Shutting down and abandoning module SourceCodeAccess (174)
[2017.09.13-01.32.00:672][511]LogModuleManager: Shutting down and abandoning module HeadMountedDisplay (172)
[2017.09.13-01.32.00:672][511]LogModuleManager: Shutting down and abandoning module XAudio2 (170)
[2017.09.13-01.32.00:672][511]LogModuleManager: Shutting down and abandoning module Networking (168)
[2017.09.13-01.32.00:672][511]LogModuleManager: Shutting down and abandoning module Core (164)
[2017.09.13-01.32.00:672][511]LogModuleManager: Shutting down and abandoning module AssetRegistry (162)
[2017.09.13-01.32.00:834][511]LogDirectoryWatcher: A directory notification for '../../../Engine/Content/' was aborted.
[2017.09.13-01.32.00:834][511]LogDirectoryWatcher: A directory notification for '../../../../../../Documents/Unreal Projects/ProjectBossFight/ProjectBossFight/BossFight/Content/' was aborted.
[2017.09.13-01.32.00:834][511]LogDirectoryWatcher: A directory notification for '../../../Engine/Plugins/2D/Paper2D/Content/' was aborted.
[2017.09.13-01.32.00:834][511]LogDirectoryWatcher: A directory notification for '../../../Engine/Plugins/Runtime/GearVR/Content/' was aborted.
[2017.09.13-01.32.00:892][511]LogModuleManager: Shutting down and abandoning module DirectoryWatcher (161)
[2017.09.13-01.32.00:893][511]LogModuleManager: Shutting down and abandoning module KismetCompiler (158)
[2017.09.13-01.32.00:893][511]LogModuleManager: Shutting down and abandoning module LevelSequence (156)
[2017.09.13-01.32.00:893][511]LogModuleManager: Shutting down and abandoning module PhysXFormats (154)
[2017.09.13-01.32.00:893][511]LogModuleManager: Shutting down and abandoning module MeshUtilities (152)
[2017.09.13-01.32.00:919][511]LogModuleManager: Shutting down and abandoning module SimplygonSwarm (151)
[2017.09.13-01.32.00:923][511]LogModuleManager: Shutting down and abandoning module SimplygonMeshReduction (149)
[2017.09.13-01.32.00:923][511]LogModuleManager: Shutting down and abandoning module QuadricMeshReduction (147)
[2017.09.13-01.32.00:929][511]LogModuleManager: Shutting down and abandoning module DerivedDataCache (144)
[2017.09.13-01.32.00:973][511]LogDerivedDataCache: Shutdown
[2017.09.13-01.32.00:973][511]LogModuleManager: Shutting down and abandoning module TargetPlatform (142)
[2017.09.13-01.32.00:973][511]LogModuleManager: Shutting down and abandoning module VulkanShaderFormat (141)
[2017.09.13-01.32.00:993][511]LogModuleManager: Shutting down and abandoning module ShaderFormatVectorVM (139)
[2017.09.13-01.32.00:999][511]LogModuleManager: Shutting down and abandoning module ShaderFormatOpenGL (137)
[2017.09.13-01.32.01:005][511]LogModuleManager: Shutting down and abandoning module ShaderFormatD3D (135)
[2017.09.13-01.32.01:005][511]LogModuleManager: Shutting down and abandoning module MetalShaderFormat (133)
[2017.09.13-01.32.01:016][511]LogModuleManager: Shutting down and abandoning module TextureFormatUncompressed (131)
[2017.09.13-01.32.01:017][511]LogModuleManager: Shutting down and abandoning module TextureFormatPVR (129)
[2017.09.13-01.32.01:017][511]LogModuleManager: Shutting down and abandoning module TextureFormatDXT (127)
[2017.09.13-01.32.01:017][511]LogModuleManager: Shutting down and abandoning module TextureFormatIntelISPCTexComp (125)
[2017.09.13-01.32.01:017][511]LogModuleManager: Shutting down and abandoning module TextureFormatASTC (123)
[2017.09.13-01.32.01:017][511]LogModuleManager: Shutting down and abandoning module ImageWrapper (122)
[2017.09.13-01.32.01:017][511]LogModuleManager: Shutting down and abandoning module TextureFormatAndroid (119)
[2017.09.13-01.32.01:017][511]LogModuleManager: Shutting down and abandoning module AudioFormatOpus (117)
[2017.09.13-01.32.01:017][511]LogModuleManager: Shutting down and abandoning module AudioFormatOgg (115)
[2017.09.13-01.32.01:017][511]LogModuleManager: Shutting down and abandoning module AudioFormatADPCM (113)
[2017.09.13-01.32.01:017][511]LogModuleManager: Shutting down and abandoning module LinuxTargetPlatform (111)
[2017.09.13-01.32.01:017][511]LogModuleManager: Shutting down and abandoning module LinuxServerTargetPlatform (109)
[2017.09.13-01.32.01:017][511]LogModuleManager: Shutting down and abandoning module LinuxNoEditorTargetPlatform (107)
[2017.09.13-01.32.01:017][511]LogModuleManager: Shutting down and abandoning module LinuxClientTargetPlatform (105)
[2017.09.13-01.32.01:017][511]LogModuleManager: Shutting down and abandoning module TVOSTargetPlatform (103)
[2017.09.13-01.32.01:017][511]LogModuleManager: Shutting down and abandoning module Messaging (101)
[2017.09.13-01.32.01:017][511]LogModuleManager: Shutting down and abandoning module IOSTargetPlatform (99)
[2017.09.13-01.32.01:017][511]LogModuleManager: Shutting down and abandoning module HTML5TargetPlatform (97)
[2017.09.13-01.32.01:017][511]LogModuleManager: Shutting down and abandoning module Android_PVRTCTargetPlatform (95)
[2017.09.13-01.32.01:017][511]LogModuleManager: Shutting down and abandoning module Android_MultiTargetPlatform (93)
[2017.09.13-01.32.01:017][511]LogModuleManager: Shutting down and abandoning module Android_ETC2TargetPlatform (91)
[2017.09.13-01.32.01:017][511]LogModuleManager: Shutting down and abandoning module Android_ETC1TargetPlatform (89)
[2017.09.13-01.32.01:017][511]LogModuleManager: Shutting down and abandoning module Android_DXTTargetPlatform (87)
[2017.09.13-01.32.01:017][511]LogModuleManager: Shutting down and abandoning module Android_ATCTargetPlatform (85)
[2017.09.13-01.32.01:017][511]LogModuleManager: Shutting down and abandoning module Android_ASTCTargetPlatform (83)
[2017.09.13-01.32.01:017][511]LogModuleManager: Shutting down and abandoning module AndroidTargetPlatform (81)
[2017.09.13-01.32.01:017][511]LogModuleManager: Shutting down and abandoning module WindowsTargetPlatform (79)
[2017.09.13-01.32.01:017][511]LogModuleManager: Shutting down and abandoning module WindowsServerTargetPlatform (77)
[2017.09.13-01.32.01:017][511]LogModuleManager: Shutting down and abandoning module WindowsNoEditorTargetPlatform (75)
[2017.09.13-01.32.01:017][511]LogModuleManager: Shutting down and abandoning module WindowsClientTargetPlatform (73)
[2017.09.13-01.32.01:017][511]LogModuleManager: Shutting down and abandoning module MacTargetPlatform (71)
[2017.09.13-01.32.01:018][511]LogModuleManager: Shutting down and abandoning module MacServerTargetPlatform (69)
[2017.09.13-01.32.01:018][511]LogModuleManager: Shutting down and abandoning module MacNoEditorTargetPlatform (67)
[2017.09.13-01.32.01:018][511]LogModuleManager: Shutting down and abandoning module MacClientTargetPlatform (65)
[2017.09.13-01.32.01:018][511]LogModuleManager: Shutting down and abandoning module AllDesktopTargetPlatform (63)
[2017.09.13-01.32.01:018][511]LogModuleManager: Shutting down and abandoning module InputCore (60)
[2017.09.13-01.32.01:018][511]LogModuleManager: Shutting down and abandoning module Settings (58)
[2017.09.13-01.32.01:018][511]LogModuleManager: Shutting down and abandoning module OculusRift (56)
[2017.09.13-01.32.01:029][511]LogModuleManager: Shutting down and abandoning module GearVRController (54)
[2017.09.13-01.32.01:029][511]LogModuleManager: Shutting down and abandoning module GearVR (52)
[2017.09.13-01.32.01:039][511]LogModuleManager: Shutting down and abandoning module ExampleDeviceProfileSelector (50)
[2017.09.13-01.32.01:039][511]LogModuleManager: Shutting down and abandoning module OnlineBlueprintSupport (48)
[2017.09.13-01.32.01:039][511]LogModuleManager: Shutting down and abandoning module OnlineSubsystem (44)
[2017.09.13-01.32.01:039][511]LogOnline:Display: Unloading online subsystem: NULL
[2017.09.13-01.32.01:079][511]LogModuleManager: Shutting down and abandoning module XMPP (43)
[2017.09.13-01.32.01:110][511]LogModuleManager: Shutting down and abandoning module HTTP (41)
[2017.09.13-01.32.01:110][511]LogHttp:Display: Http module shutting down, but needs to wait on 2 outstanding Http requests:
[2017.09.13-01.32.01:118][511]LogHttp:Display: 	verb=[POST] url=[https://datarouter.ol.epicgames.com/datarouter/api/v1/public/data?SessionID=%7BAD6E2D60-4331-F0C9-F00F-B2B27C923F4E%7D&AppID=UEEditor.Rocket.Release&AppVersion=4.16.3-3561208%2B%2B%2BUE4%2BRelease-4.16&UserID=02b136094978f9d91aa85bbc4a3fbd92%7Cdd8084c3db1641baa524b21e1013a847%7C52227f0e-bbea-4755-a895-b10d598cf2e9&AppEnvironment=datacollector-binary&UploadType=eteventstream] status=Processing
[2017.09.13-01.32.01:118][511]LogHttp:Display: 	verb=[POST] url=[https://datarouter.ol.epicgames.com/datarouter/api/v1/public/data?SessionID=%7BAD6E2D60-4331-F0C9-F00F-B2B27C923F4E%7D&AppID=UEEditor.Rocket.Release&AppVersion=4.16.3-3561208%2B%2B%2BUE4%2BRelease-4.16&UserID=02b136094978f9d91aa85bbc4a3fbd92%7Cdd8084c3db1641baa524b21e1013a847%7C52227f0e-bbea-4755-a895-b10d598cf2e9&AppEnvironment=datacollector-binary&UploadType=eteventstream] status=Processing
[2017.09.13-01.32.01:124][511]LogModuleManager: Shutting down and abandoning module SSL (40)
[2017.09.13-01.32.01:149][511]LogModuleManager: Shutting down and abandoning module HTTPChunkInstaller (36)
[2017.09.13-01.32.01:185][511]LogModuleManager: Shutting down and abandoning module AnimationModifiers (34)
[2017.09.13-01.32.01:207][511]LogModuleManager: Shutting down and abandoning module PropertyEditor (33)
[2017.09.13-01.32.01:207][511]LogModuleManager: Shutting down and abandoning module AudioEditor (30)
[2017.09.13-01.32.01:240][511]LogModuleManager: Shutting down and abandoning module TextureCompressor (28)
[2017.09.13-01.32.01:240][511]LogModuleManager: Shutting down and abandoning module ShaderCore (26)
[2017.09.13-01.32.01:240][511]LogModuleManager: Shutting down and abandoning module Landscape (24)
[2017.09.13-01.32.01:240][511]LogModuleManager: Shutting down and abandoning module SlateRHIRenderer (22)
[2017.09.13-01.32.01:250][511]LogModuleManager: Shutting down and abandoning module OpenGLDrv (20)
[2017.09.13-01.32.01:270][511]LogModuleManager: Shutting down and abandoning module D3D11RHI (18)
[2017.09.13-01.32.01:270][511]LogModuleManager: Shutting down and abandoning module AnimGraphRuntime (16)
[2017.09.13-01.32.01:279][511]LogModuleManager: Shutting down and abandoning module Renderer (14)
[2017.09.13-01.32.01:279][511]LogModuleManager: Shutting down and abandoning module Engine (12)
[2017.09.13-01.32.01:279][511]LogModuleManager: Shutting down and abandoning module CoreUObject (10)
[2017.09.13-01.32.01:279][511]LogModuleManager: Shutting down and abandoning module NetworkFile (8)
[2017.09.13-01.32.01:279][511]LogModuleManager: Shutting down and abandoning module StreamingFile (6)
[2017.09.13-01.32.01:279][511]LogModuleManager: Shutting down and abandoning module SandboxFile (4)
[2017.09.13-01.32.01:279][511]LogModuleManager: Shutting down and abandoning module PakFile (2)
[2017.09.13-01.32.01:291][511]LogExit: Exiting.
[2017.09.13-01.32.01:315][511]Log file closed, 09/12/17 20:32:01
