Log file open, 09/15/17 11:10:08
LogInit:Display: Running engine for game: ProjectBossFight
LogPlatformFile: Not using cached read wrapper
LogInit:Display: RandInit(-397281859) SRandInit(-397281859).
LogTaskGraph: Started task graph with 5 named threads and 10 total threads with 1 sets of task threads.
LogStats: Stats thread started at 0.099907
LogInit: Using libcurl 7.47.1
LogInit:  - built for x86_64-pc-win32
LogInit:  - supports SSL with OpenSSL/1.0.2g
LogInit:  - supports HTTP deflate (compression) using libz 1.2.8
LogInit:  - other features:
LogInit:      CURL_VERSION_SSL
LogInit:      CURL_VERSION_LIBZ
LogInit:      CURL_VERSION_IPV6
LogInit:      CURL_VERSION_ASYNCHDNS
LogInit:      CURL_VERSION_LARGEFILE
LogInit:      CURL_VERSION_IDN
LogInit:  CurlRequestOptions (configurable via config and command line):
LogInit:  - bVerifyPeer = false  - Libcurl will NOT verify peer certificate
LogInit:  - bUseHttpProxy = false  - Libcurl will NOT use HTTP proxy
LogInit:  - bDontReuseConnections = false  - Libcurl will reuse connections
LogInit:  - CertBundlePath = nullptr  - Libcurl will use whatever was configured at build time.
LogInit: Build: ++UE4+Release-4.16-CL-3466753
LogInit: Engine Version: 4.16.1-3466753+++UE4+Release-4.16
LogInit: Compatible Engine Version: 4.16.0-3452394+++UE4+Release-4.16
LogInit: Net CL: 3452394
LogDevObjectVersion: Number of dev versions registered: 16
LogDevObjectVersion:   Dev-Blueprints (B0D832E4-1F89-4F0D-ACCF-7EB736FD4AA2): 9
LogDevObjectVersion:   Dev-Build (E1C64328-A22C-4D53-A36C-8E866417BD8C): 0
LogDevObjectVersion:   Dev-Core (375EC13C-06E4-48FB-B500-84F0262A717E): 2
LogDevObjectVersion:   Dev-Editor (E4B068ED-F494-42E9-A231-DA0B2E46BB41): 17
LogDevObjectVersion:   Dev-Framework (CFFC743F-43B0-4480-9391-14DF171D2073): 23
LogDevObjectVersion:   Dev-Mobile (B02B49B5-BB20-44E9-A304-32B752E40360): 0
LogDevObjectVersion:   Dev-Networking (A4E4105C-59A1-49B5-A7C5-40C4547EDFEE): 0
LogDevObjectVersion:   Dev-Online (39C831C9-5AE6-47DC-9A44-9C173E1C8E7C): 0
LogDevObjectVersion:   Dev-Physics (78F01B33-EBEA-4F98-B9B4-84EACCB95AA2): 0
LogDevObjectVersion:   Dev-Platform (6631380F-2D4D-43E0-8009-CF276956A95A): 0
LogDevObjectVersion:   Dev-Rendering (12F88B9F-8875-4AFC-A67C-D90C383ABD29): 15
LogDevObjectVersion:   Dev-Sequencer (7B5AE74C-D270-4C10-A958-57980B212A5A): 4
LogDevObjectVersion:   Dev-VR (D7296918-1DD6-4BDD-9DE2-64A83CC13884): 0
LogDevObjectVersion:   Dev-LoadTimes (C2A15278-BFE7-4AFE-6C17-90FF531DF755): 1
LogDevObjectVersion:   Private-Geometry (6EACA3D4-40EC-4CC1-B786-8BED09428FC5): 1
LogDevObjectVersion:   Dev-AnimPhys (29E575DD-E0A3-4627-9D10-D276232CDCEA): 3
LogInit: Compiled (64-bit): May 31 2017 02:03:30
LogInit: Compiled with Visual C++: 19.00.24215.01
LogInit: Build Configuration: Development
LogInit: Branch Name: ++UE4+Release-4.16
LogInit: Command line:  
LogInit: Base directory: C:/Program Files/Epic Games/UE_4.16/Engine/Binaries/Win64/
LogInit: Installed Engine Build: 1
LogInit: Presizing for max 8388607 objects, including 0 objects not considered by GC, pre-allocating 0 bytes for permanent pool.
LogInit: Object subsystem initialized
[2017.09.15-16.10.08:588][  0]LogInit: Selected Device Profile: [Windows]
[2017.09.15-16.10.08:588][  0]LogInit: Applying CVar settings loaded from the selected device profile: [Windows]
[2017.09.15-16.10.08:602][  0]LogInit: Computer: T250-12
[2017.09.15-16.10.08:602][  0]LogInit: User: student
[2017.09.15-16.10.08:602][  0]LogInit: CPU Page size=4096, Cores=6
[2017.09.15-16.10.08:602][  0]LogInit: High frequency timer resolution =3.312685 MHz
[2017.09.15-16.10.08:603][  0]LogMemory: Memory total: Physical=31.9GB (32GB approx)
[2017.09.15-16.10.08:603][  0]LogMemory: Platform Memory Stats for Windows
[2017.09.15-16.10.08:603][  0]LogMemory: Process Physical Memory: 276.43 MB used, 276.43 MB peak
[2017.09.15-16.10.08:603][  0]LogMemory: Process Virtual Memory: 271.02 MB used, 271.02 MB peak
[2017.09.15-16.10.08:603][  0]LogMemory: Physical Memory: 5805.96 MB used,  26852.05 MB free, 32658.01 MB total
[2017.09.15-16.10.08:603][  0]LogMemory: Virtual Memory: 631.18 MB used,  26852.05 MB free, 8388608.00 MB total
[2017.09.15-16.10.08:699][  0]LogInit: Using OS detected language (en-US).
[2017.09.15-16.10.08:699][  0]LogInit: Using OS detected locale (en-US).
[2017.09.15-16.10.08:701][  0]LogTextLocalizationManager: No specific localization for 'en-US' exists, so the 'en' localization will be used.
[2017.09.15-16.10.09:603][  0]LogD3D11RHI: D3D11 adapters:
[2017.09.15-16.10.09:639][  0]LogD3D11RHI:    0. 'NVIDIA GeForce GTX 1070' (Feature Level 11_0)
[2017.09.15-16.10.09:639][  0]LogD3D11RHI:       8085/0/16073 MB DedicatedVideo/DedicatedSystem/SharedSystem, Outputs:1, VendorId:0x10de
[2017.09.15-16.10.09:639][  0]LogD3D11RHI: Chosen D3D11 Adapter: 0
[2017.09.15-16.10.09:646][  0]LogD3D11RHI: Creating new Direct3DDevice
[2017.09.15-16.10.09:646][  0]LogD3D11RHI:     GPU DeviceId: 0x1b81 (for the marketing name, search the web for "GPU Device Id")
[2017.09.15-16.10.09:646][  0]LogWindows: EnumDisplayDevices:
[2017.09.15-16.10.09:646][  0]LogWindows:    0. 'NVIDIA GeForce GTX 1070' (P:1 D:1)
[2017.09.15-16.10.09:646][  0]LogWindows:    1. 'NVIDIA GeForce GTX 1070' (P:0 D:0)
[2017.09.15-16.10.09:647][  0]LogWindows:    2. 'NVIDIA GeForce GTX 1070' (P:0 D:0)
[2017.09.15-16.10.09:647][  0]LogWindows:    3. 'NVIDIA GeForce GTX 1070' (P:0 D:0)
[2017.09.15-16.10.09:647][  0]LogWindows:    4. 'RDPDD Chained DD' (P:0 D:0)
[2017.09.15-16.10.09:647][  0]LogWindows:    5. 'RDP Encoder Mirror Driver' (P:0 D:0)
[2017.09.15-16.10.09:647][  0]LogWindows:    6. 'RDP Reflector Display Driver' (P:0 D:0)
[2017.09.15-16.10.09:647][  0]LogWindows: DebugString: GetVideoDriverDetailsInvalid PrimaryIsNotTheChoosenAdapter GetVideoDriverDetailsInvalid PrimaryIsNotTheChoosenAdapter GetVideoDriverDetailsInvalid PrimaryIsNotTheChoosenAdapter FoundDriverCount:4 
[2017.09.15-16.10.09:647][  0]LogD3D11RHI:     Adapter Name: NVIDIA GeForce GTX 1070
[2017.09.15-16.10.09:647][  0]LogD3D11RHI:   Driver Version: 382.33 (internal:22.21.13.8233, unified:382.33)
[2017.09.15-16.10.09:647][  0]LogD3D11RHI:      Driver Date: 5-17-2017
[2017.09.15-16.10.09:647][  0]LogRHI: Texture pool is 1361 MB (70% of 1945 MB)
[2017.09.15-16.10.09:661][  0]LogD3D11RHI: Async texture creation enabled
[2017.09.15-16.10.09:677][  0]LogD3D11RHI: GPU Timing Frequency: 1000.000000 (Debug: 2 2)
[2017.09.15-16.10.09:725][  0]LogShaderCompilers: Guid format shader working directory is -9 characters bigger than the processId version (D:/iStepable/ProjectDev/ProjectBossFight/ProjectBossFight/Intermediate/Shaders/WorkingDirectory/9460/).
[2017.09.15-16.10.09:725][  0]LogShaderCompilers: Cleaned the shader compiler working directory 'C:/Users/student/AppData/Local/Temp/UnrealShaderWorkingDir/D8C55A5440F075F1EA77998E76361B87/'.
[2017.09.15-16.10.09:725][  0]LogShaderCompilers:Display: Using Local Shader Compiler.
[2017.09.15-16.10.10:896][  0]LogTemp:Display: Loaded TP AllDesktopTargetPlatform
[2017.09.15-16.10.10:945][  0]LogTemp:Display: Loaded TP MacClientTargetPlatform
[2017.09.15-16.10.10:985][  0]LogTemp:Display: Loaded TP MacNoEditorTargetPlatform
[2017.09.15-16.10.11:022][  0]LogTemp:Display: Loaded TP MacServerTargetPlatform
[2017.09.15-16.10.11:061][  0]LogTemp:Display: Loaded TP MacTargetPlatform
[2017.09.15-16.10.11:098][  0]LogTemp:Display: Loaded TP WindowsClientTargetPlatform
[2017.09.15-16.10.11:136][  0]LogTemp:Display: Loaded TP WindowsNoEditorTargetPlatform
[2017.09.15-16.10.11:172][  0]LogTemp:Display: Loaded TP WindowsServerTargetPlatform
[2017.09.15-16.10.11:224][  0]LogTemp:Display: Loaded TP WindowsTargetPlatform
[2017.09.15-16.10.11:262][  0]LogTemp:Display: Loaded TP AndroidTargetPlatform
[2017.09.15-16.10.11:322][  0]LogTemp:Display: Loaded TP Android_ASTCTargetPlatform
[2017.09.15-16.10.11:358][  0]LogTemp:Display: Loaded TP Android_ATCTargetPlatform
[2017.09.15-16.10.11:393][  0]LogTemp:Display: Loaded TP Android_DXTTargetPlatform
[2017.09.15-16.10.11:429][  0]LogTemp:Display: Loaded TP Android_ETC1TargetPlatform
[2017.09.15-16.10.11:464][  0]LogTemp:Display: Loaded TP Android_ETC2TargetPlatform
[2017.09.15-16.10.11:536][  0]LogTemp:Display: Loaded TP Android_MultiTargetPlatform
[2017.09.15-16.10.11:536][  0]LogTemp:Display: Loaded TP Android_PVRTCTargetPlatform
[2017.09.15-16.10.11:563][  0]LogTemp:Display: Loaded TP HTML5TargetPlatform
[2017.09.15-16.10.11:632][  0]LogTemp:Display: Loaded TP IOSTargetPlatform
[2017.09.15-16.10.11:659][  0]LogTemp:Display: Loaded TP TVOSTargetPlatform
[2017.09.15-16.10.11:694][  0]LogTemp:Display: Loaded TP LinuxClientTargetPlatform
[2017.09.15-16.10.11:730][  0]LogTemp:Display: Loaded TP LinuxNoEditorTargetPlatform
[2017.09.15-16.10.11:765][  0]LogTemp:Display: Loaded TP LinuxServerTargetPlatform
[2017.09.15-16.10.11:800][  0]LogTemp:Display: Loaded TP LinuxTargetPlatform
[2017.09.15-16.10.11:800][  0]LogTargetPlatformManager:Display: Building Assets For Windows
[2017.09.15-16.10.12:207][  0]LogDerivedDataCache:Display: Max Cache Size: 512 MB
[2017.09.15-16.10.12:300][  0]LogDerivedDataCache: Loaded boot cache 0.09s 90MB C:/Users/student/AppData/Local/UnrealEngine/4.16/DerivedDataCache/Boot.ddc.
[2017.09.15-16.10.12:300][  0]LogDerivedDataCache:Display: Loaded Boot cache: C:/Users/student/AppData/Local/UnrealEngine/4.16/DerivedDataCache/Boot.ddc
[2017.09.15-16.10.12:300][  0]LogDerivedDataCache: FDerivedDataBackendGraph:  Pak pak cache file D:/iStepable/ProjectDev/ProjectBossFight/ProjectBossFight/DerivedDataCache/DDC.ddp not found, will not use a pak cache.
[2017.09.15-16.10.12:300][  0]LogDerivedDataCache: Unable to find inner node Pak for hierarchical cache Hierarchy.
[2017.09.15-16.10.12:300][  0]LogDerivedDataCache: FDerivedDataBackendGraph:  CompressedPak pak cache file D:/iStepable/ProjectDev/ProjectBossFight/ProjectBossFight/DerivedDataCache/Compressed.ddp not found, will not use a pak cache.
[2017.09.15-16.10.12:300][  0]LogDerivedDataCache: Unable to find inner node CompressedPak for hierarchical cache Hierarchy.
[2017.09.15-16.10.12:315][  0]LogDerivedDataCache:Display: Pak cache opened for reading ../../../Engine/DerivedDataCache/Compressed.ddp.
[2017.09.15-16.10.12:326][  0]LogDerivedDataCache: Using Local data cache path C:/Users/student/AppData/Local/UnrealEngine/Common/DerivedDataCache: Writable
[2017.09.15-16.10.12:334][  0]LogMaterial: Verifying Global Shaders for PCD3D_SM5
[2017.09.15-16.10.12:334][  0]LogSlate: Using Freetype 2.6.0
[2017.09.15-16.10.12:335][  0]LogSlate: SlateFontCache - WITH_FREETYPE: 1, WITH_HARFBUZZ: 1
[2017.09.15-16.10.12:335][  0]LogSlate: SlateFontCache - WITH_FREETYPE: 1, WITH_HARFBUZZ: 1
[2017.09.15-16.10.12:724][  0]LogInit: Selected Device Profile: [Windows]
[2017.09.15-16.10.12:727][  0]LogContentStreaming: Texture pool size is 0.00 MB
[2017.09.15-16.10.12:963][  0]LogMeshUtilities: Using QuadricMeshReduction for automatic static mesh reduction
[2017.09.15-16.10.13:000][  0]LogSimplygon: Simplygon DLL not present - disabling.
[2017.09.15-16.10.13:031][  0]LogMeshUtilities: Using SimplygonSwarm for distributed automatic mesh merging
[2017.09.15-16.10.13:031][  0]LogMeshUtilities: No automatic skeletal mesh reduction module available
[2017.09.15-16.10.13:031][  0]LogMeshUtilities: No automatic mesh merging module available
[2017.09.15-16.10.13:827][  0]LogNetVersion: ProjectBossFight , NetCL: 3452394, EngineNetVer: 2, GameNetVer: 0 (Checksum: 351899695)
[2017.09.15-16.10.13:918][  0]LogAssetRegistry: FAssetRegistry took 0.0271 seconds to start up
[2017.09.15-16.10.13:988][  0]LogPackageLocalizationCache: Processed 4 localized package path(s) for 2 prioritized culture(s) in 0.034775 seconds
[2017.09.15-16.10.13:993][  0]LogUObjectArray: 34194 objects as part of root set at end of initial load.
[2017.09.15-16.10.13:993][  0]LogUObjectAllocator: 7260416 out of 0 bytes used by permanent object pool.
[2017.09.15-16.10.13:993][  0]LogUObjectArray: CloseDisregardForGC: 0/0 objects in disregard for GC pool
[2017.09.15-16.10.14:035][  0]LogInit: WinSock: version 1.1 (2.2), MaxSocks=32767, MaxUdp=65467
[2017.09.15-16.10.16:435][  0]LogTcpMessaging: Initializing TcpMessaging bridge
[2017.09.15-16.10.16:473][  0]LogUdpMessaging: Initializing bridge on interface 0.0.0.0:0 to multicast group 230.0.0.1:6666.
[2017.09.15-16.10.16:974][  0]LogMaterial: Uniform references updated for custom material expression Custom.
[2017.09.15-16.10.17:381][  0]SourceControl: Info Source control is disabled
[2017.09.15-16.10.17:382][  0]SourceControl: Info Source control is disabled
[2017.09.15-16.10.17:424][  0]SourceControl: Info Source control is disabled
[2017.09.15-16.10.17:456][  0]SourceControl: Info Source control is disabled
[2017.09.15-16.10.17:916][  0]LogAndroidPermission: UAndroidPermissionCallbackProxy::GetInstance
[2017.09.15-16.10.18:453][  0]LogEngine: Initializing Engine...
[2017.09.15-16.10.18:453][  0]LogHMD: Failed to initialize OpenVR with code 110
[2017.09.15-16.10.18:883][  0]LogStats: UGameplayTagsManager::ConstructGameplayTagTree: Construct from data asset -  0.000 s
[2017.09.15-16.10.18:883][  0]LogStats: UGameplayTagsManager::ConstructGameplayTagTree: GameplayTagTreeChangedEvent.Broadcast -  0.000 s
[2017.09.15-16.10.19:009][  0]LogAIModule: Creating AISystem for world Untitled
[2017.09.15-16.10.19:021][  0]LogInit: XAudio2 using 'Speakers (Sound Blaster Recon3Di)' : 2 channels at 48 kHz using 32 bits per sample (channel mask 0x3)
[2017.09.15-16.10.19:050][  0]LogInit: FAudioDevice initialized.
[2017.09.15-16.10.19:104][  0]LogDerivedDataCache: Saved boot cache 0.05s 90MB C:/Users/student/AppData/Local/UnrealEngine/4.16/DerivedDataCache/Boot.ddc.
[2017.09.15-16.10.19:123][  0]LogInit: Texture streaming: Enabled
[2017.09.15-16.10.19:197][  0]LogEngineSessionManager: EngineSessionManager initialized
[2017.09.15-16.10.19:353][  0]LogInit: Transaction tracking system initialized
[2017.09.15-16.10.19:601][  0]BlueprintLog: New page: Editor Load
[2017.09.15-16.10.20:473][  0]LocalizationService: Info Localization service is disabled
[2017.09.15-16.10.21:198][  0]LogConsoleResponse:Display: 
[2017.09.15-16.10.21:446][  0]LogCook:Display: Max memory allowance for cook 16384mb min free memory 0mb
[2017.09.15-16.10.21:446][  0]LogCook:Display: Mobile HDR setting 1
[2017.09.15-16.10.21:596][  0]LogFileCache: Scanning file cache for directory 'D:/iStepable/ProjectDev/ProjectBossFight/ProjectBossFight/Content/' took 0.02s
[2017.09.15-16.10.22:319][  0]SourceControl: Info Source control is disabled
[2017.09.15-16.10.22:319][  0]Cmd: MAP LOAD FILE="D:/iStepable/ProjectDev/ProjectBossFight/ProjectBossFight/Content/ThirdPersonBP/Maps/ThirdPersonExampleMap.umap" TEMPLATE=0 SHOWPROGRESS=1 FEATURELEVEL=3
[2017.09.15-16.10.22:320][  0]LightingResults: New page: Lighting Build
[2017.09.15-16.10.22:395][  0]MapCheck: New page: Map Check
[2017.09.15-16.10.22:395][  0]LightingResults: New page: Lighting Build
[2017.09.15-16.10.22:975][  0]LogAIModule: Creating AISystem for world ThirdPersonExampleMap
[2017.09.15-16.10.22:984][  0]LogEditorServer: Finished looking for orphan Actors (0.000 secs)
[2017.09.15-16.10.23:020][  0]Cmd: MAP CHECKDEP NOCLEARLOG
[2017.09.15-16.10.23:069][  0]MapCheck: Info Map check complete: 0 Error(s), 0 Warning(s), took 48.891ms to complete.
[2017.09.15-16.10.23:069][  0]LogFileHelpers: Loading map 'ThirdPersonExampleMap' took 0.750
[2017.09.15-16.10.23:207][  0]LogCollectionManager: Loaded 0 collections in 0.000814 seconds
[2017.09.15-16.10.23:274][  0]LogFileCache: Scanning file cache for directory 'D:/iStepable/ProjectDev/ProjectBossFight/ProjectBossFight/Saved/Collections/' took 0.01s
[2017.09.15-16.10.23:274][  0]LogFileCache: Scanning file cache for directory 'D:/iStepable/ProjectDev/ProjectBossFight/ProjectBossFight/Content/Developers/student/Collections/' took 0.01s
[2017.09.15-16.10.23:274][  0]LogFileCache: Scanning file cache for directory 'D:/iStepable/ProjectDev/ProjectBossFight/ProjectBossFight/Content/Collections/' took 0.01s
[2017.09.15-16.10.23:274][  0]LogCollectionManager: Rebuilt the GUID cache for 0 collections in 0.000002 seconds
[2017.09.15-16.10.23:290][  0]LogContentBrowser: Native class hierarchy populated in 0.0156 seconds. Added 2329 classes and 491 folders.
[2017.09.15-16.10.23:354][  0]LogContentBrowser: Native class hierarchy updated for 'WidgetCarousel' in 0.0005 seconds. Added 0 classes and 0 folders.
[2017.09.15-16.10.23:397][  0]LogContentBrowser: Native class hierarchy updated for 'AddContentDialog' in 0.0005 seconds. Added 0 classes and 0 folders.
[2017.09.15-16.10.23:428][  0]LogContentBrowser: Native class hierarchy updated for 'SceneOutliner' in 0.0005 seconds. Added 1 classes and 2 folders.
[2017.09.15-16.10.23:456][  0]LogCrashTracker: Crashtracker disabled due to settings.
[2017.09.15-16.10.23:460][  0]LogSlate: Took 0.000139 seconds to synchronously load lazily loaded font '../../../Engine/Content/Slate/Fonts/Roboto-Regular.ttf' (155K)
[2017.09.15-16.10.23:461][  0]LogSlate: Took 0.000116 seconds to synchronously load lazily loaded font '../../../Engine/Content/Slate/Fonts/Roboto-Bold.ttf' (160K)
[2017.09.15-16.10.23:471][  0]LogSlate: Took 0.000278 seconds to synchronously load lazily loaded font '../../../Engine/Content/Editor/Slate/Fonts/FontAwesome.ttf' (139K)
[2017.09.15-16.10.23:579][  0]LogRenderer: Reallocating scene render targets to support 2172x808 NumSamples 1 (Frame:1).
[2017.09.15-16.10.23:807][  0]LogUObjectGlobals:Warning: Failed to find object 'Class None.'
[2017.09.15-16.10.23:910][  0]LogContentBrowser: Native class hierarchy updated for 'HierarchicalLODOutliner' in 0.0013 seconds. Added 1 classes and 2 folders.
[2017.09.15-16.10.23:911][  0]LogLoad: (Engine Initialization) Total time: 16.66 seconds
[2017.09.15-16.10.23:911][  0]LogLoad: (Engine Initialization) Total Blueprint compile time: 0.18 seconds
[2017.09.15-16.10.23:911][  0]LogExternalProfiler: Found external profiler: VSPerf
[2017.09.15-16.10.23:911][  0]LogExternalProfiler: Using external profiler: VSPerf
[2017.09.15-16.10.24:250][  0]LogOcInput: OculusInput pre-init called
[2017.09.15-16.10.24:250][  0]LogHMD: Starting GearVRController plugin
[2017.09.15-16.10.24:277][  0]LogContentStreaming: Texture pool size now 1000 MB
[2017.09.15-16.10.24:925][  2]LogAssetRegistry: Asset discovery search completed in 11.0282 seconds
[2017.09.15-16.10.24:929][  2]LogCollectionManager: Rebuilt the object cache for 0 collections in 0.000002 seconds (found 0 objects)
[2017.09.15-16.10.24:929][  2]LogCollectionManager: Fixed up redirectors for 0 collections in 0.000063 seconds (updated 0 objects)
[2017.09.15-16.10.26:742][125]LogEditorViewport: Clicking on Actor (LMB): StaticMeshActor (Floor)
[2017.09.15-16.10.27:272][165]LogEditorViewport: Clicking on Actor (LMB): ThirdPersonCharacter_C (ThirdPersonCharacter)
[2017.09.15-16.10.27:915][213]LogSlate: Took 0.000188 seconds to synchronously load lazily loaded font '../../../Engine/Content/Editor/Slate/Fonts/Roboto-Italic.ttf' (157K)
[2017.09.15-16.10.33:698][799]LogSlate: Took 0.000313 seconds to synchronously load lazily loaded font '../../../Engine/Content/Slate/Fonts/Roboto-Light.ttf' (159K)
[2017.09.15-16.10.34:150][799]LogContentBrowser: Native class hierarchy updated for 'BlueprintGraph' in 0.0008 seconds. Added 112 classes and 0 folders.
[2017.09.15-16.10.34:660][799]LogSlate: Took 0.000120 seconds to synchronously load lazily loaded font '../../../Engine/Content/Slate/Fonts/Roboto-Light.ttf' (159K)
[2017.09.15-16.10.34:660][799]LogSlate: Took 0.000112 seconds to synchronously load lazily loaded font '../../../Engine/Content/Editor/Slate/Fonts/Roboto-BoldCondensed.ttf' (158K)
[2017.09.15-16.10.41:978][410]BlueprintLog: New page: Compile BossHUD
[2017.09.15-16.10.41:985][410]LogBlueprint:Error: [Compiler BossHUD] Error Binding: Property ' PercentDelegate ' on Widget ' BossBar ': Binding: 'Boss.BossHealth' : 'BossHealth' was not found on 'Third Person Character'.
[2017.09.15-16.10.42:139][410]BlueprintEditorCompileResults:Error: Error Binding: Property ' PercentDelegate ' on Widget ' BossBar ': Binding: 'Boss.BossHealth' : 'BossHealth' was not found on 'Third Person Character'.
[2017.09.15-16.10.42:139][410]BlueprintEditorCompileResults: Info Fast Template Successfully Created.
[2017.09.15-16.10.42:139][410]LogBlueprint:Warning: [Compiler BossHUD] Warning [0034.89] Compile of BossHUD failed. 1 Fatal Issue(s) 0 Warning(s) [in 160 ms] (/Game/Blueprints/BossHUD.BossHUD)
[2017.09.15-16.11.01:944][650]LogSlate: Took 0.000178 seconds to synchronously load lazily loaded font '../../../Engine/Content/Editor/Slate/Fonts/Roboto-BoldCondensedItalic.ttf' (160K)
[2017.09.15-16.11.05:554][ 73]BlueprintLog: New page: Compile ThirdPersonCharacter
[2017.09.15-16.11.09:383][468]BlueprintLog: New page: Compile ThirdPersonCharacter
[2017.09.15-16.11.09:998][503]LogSavePackage: Save=85.40ms
[2017.09.15-16.11.09:998][503]LogSavePackage: Moving 'D:/iStepable/ProjectDev/ProjectBossFight/ProjectBossFight/Saved/ThirdPersonCharacter99ACD1FE4F44F3BF6D39E9ACAF5CE699.tmp' to 'D:/iStepable/ProjectDev/ProjectBossFight/ProjectBossFight/Content/ThirdPersonBP/Blueprints/ThirdPersonCharacter.uasset'
[2017.09.15-16.11.10:000][503]LogSavePackage:Display: Finished SavePackage D:/iStepable/ProjectDev/ProjectBossFight/ProjectBossFight/Content/ThirdPersonBP/Blueprints/ThirdPersonCharacter.uasset
[2017.09.15-16.11.12:461][796]BlueprintLog: New page: Compile BossHUD
[2017.09.15-16.11.12:561][796]BlueprintEditorCompileResults: Info Fast Template Successfully Created.
[2017.09.15-16.11.53:866][170]BlueprintLog: New page: Compile ThirdPersonCharacter
[2017.09.15-16.11.55:311][318]LogTemp: Repeting last play command: Selected Viewport
[2017.09.15-16.11.55:394][318]LogBlueprintUserMessages: Early PlayInEditor Detection: Level '/Game/ThirdPersonBP/Maps/ThirdPersonExampleMap.ThirdPersonExampleMap:PersistentLevel' has LevelScriptBlueprint '/Game/ThirdPersonBP/Maps/ThirdPersonExampleMap.ThirdPersonExampleMap:PersistentLevel.ThirdPersonExampleMap' with GeneratedClass '/Game/ThirdPersonBP/Maps/ThirdPersonExampleMap.ThirdPersonExampleMap_C' with ClassGeneratedBy '/Game/ThirdPersonBP/Maps/ThirdPersonExampleMap.ThirdPersonExampleMap:PersistentLevel.ThirdPersonExampleMap'
[2017.09.15-16.11.55:394][318]LogPlayLevel: PlayLevel: No blueprints needed recompiling
[2017.09.15-16.11.55:394][318]PIE: New page: PIE session: ThirdPersonExampleMap (Sep 15, 2017, 6:11:55 AM)
[2017.09.15-16.11.55:394][318]LogPlayLevel: Creating play world package: /Game/ThirdPersonBP/Maps/UEDPIE_0_ThirdPersonExampleMap
[2017.09.15-16.11.55:411][318]LogPlayLevel: PIE: StaticDuplicateObject took: (0.016817s)
[2017.09.15-16.11.55:411][318]LogAIModule: Creating AISystem for world ThirdPersonExampleMap
[2017.09.15-16.11.55:412][318]LogPlayLevel: PIE: World Init took: (0.000588s)
[2017.09.15-16.11.55:412][318]LogPlayLevel: PIE: Created PIE world by copying editor world from /Game/ThirdPersonBP/Maps/ThirdPersonExampleMap.ThirdPersonExampleMap to /Game/ThirdPersonBP/Maps/UEDPIE_0_ThirdPersonExampleMap.ThirdPersonExampleMap (0.017605s)
[2017.09.15-16.11.55:473][318]LogInit: XAudio2 using 'Speakers (Sound Blaster Recon3Di)' : 2 channels at 48 kHz using 32 bits per sample (channel mask 0x3)
[2017.09.15-16.11.55:481][318]LogInit: FAudioDevice initialized.
[2017.09.15-16.11.55:539][318]LogLoad: Game class is 'ThirdPersonGameMode_C'
[2017.09.15-16.11.55:542][318]LogWorld: Bringing World /Game/ThirdPersonBP/Maps/UEDPIE_0_ThirdPersonExampleMap.ThirdPersonExampleMap up for play (max tick rate 0) at 2017.09.15-11.11.55
[2017.09.15-16.11.55:542][318]LogWorld: Bringing up level for play took: 0.001613
[2017.09.15-16.11.55:576][318]LogContentBrowser: Native class hierarchy updated for 'MovieSceneCapture' in 0.0005 seconds. Added 11 classes and 0 folders.
[2017.09.15-16.11.55:579][318]PIE: Info Play in editor start time for /Game/ThirdPersonBP/Maps/UEDPIE_0_ThirdPersonExampleMap -0.506
[2017.09.15-16.11.55:579][318]LogBlueprintUserMessages: Late PlayInEditor Detection: Level '/Game/ThirdPersonBP/Maps/ThirdPersonExampleMap.ThirdPersonExampleMap:PersistentLevel' has LevelScriptBlueprint '/Game/ThirdPersonBP/Maps/ThirdPersonExampleMap.ThirdPersonExampleMap:PersistentLevel.ThirdPersonExampleMap' with GeneratedClass '/Game/ThirdPersonBP/Maps/ThirdPersonExampleMap.ThirdPersonExampleMap_C' with ClassGeneratedBy '/Game/ThirdPersonBP/Maps/ThirdPersonExampleMap.ThirdPersonExampleMap:PersistentLevel.ThirdPersonExampleMap'
[2017.09.15-16.11.57:369][517]LogBlueprintUserMessages: Early EndPlayMap Detection: Level '/Game/ThirdPersonBP/Maps/ThirdPersonExampleMap.ThirdPersonExampleMap:PersistentLevel' has LevelScriptBlueprint '/Game/ThirdPersonBP/Maps/ThirdPersonExampleMap.ThirdPersonExampleMap:PersistentLevel.ThirdPersonExampleMap' with GeneratedClass '/Game/ThirdPersonBP/Maps/ThirdPersonExampleMap.ThirdPersonExampleMap_C' with ClassGeneratedBy '/Game/ThirdPersonBP/Maps/ThirdPersonExampleMap.ThirdPersonExampleMap:PersistentLevel.ThirdPersonExampleMap'
[2017.09.15-16.11.57:449][517]LogBlueprintUserMessages: Late EndPlayMap Detection: Level '/Game/ThirdPersonBP/Maps/ThirdPersonExampleMap.ThirdPersonExampleMap:PersistentLevel' has LevelScriptBlueprint '/Game/ThirdPersonBP/Maps/ThirdPersonExampleMap.ThirdPersonExampleMap:PersistentLevel.ThirdPersonExampleMap' with GeneratedClass '/Game/ThirdPersonBP/Maps/ThirdPersonExampleMap.ThirdPersonExampleMap_C' with ClassGeneratedBy '/Game/ThirdPersonBP/Maps/ThirdPersonExampleMap.ThirdPersonExampleMap:PersistentLevel.ThirdPersonExampleMap'
[2017.09.15-16.12.43:459][982]BlueprintLog: New page: Compile ThirdPersonCharacter
[2017.09.15-16.12.44:398][ 70]LogTemp: Repeting last play command: Selected Viewport
[2017.09.15-16.12.44:417][ 70]LogBlueprintUserMessages: Early PlayInEditor Detection: Level '/Game/ThirdPersonBP/Maps/ThirdPersonExampleMap.ThirdPersonExampleMap:PersistentLevel' has LevelScriptBlueprint '/Game/ThirdPersonBP/Maps/ThirdPersonExampleMap.ThirdPersonExampleMap:PersistentLevel.ThirdPersonExampleMap' with GeneratedClass '/Game/ThirdPersonBP/Maps/ThirdPersonExampleMap.ThirdPersonExampleMap_C' with ClassGeneratedBy '/Game/ThirdPersonBP/Maps/ThirdPersonExampleMap.ThirdPersonExampleMap:PersistentLevel.ThirdPersonExampleMap'
[2017.09.15-16.12.44:417][ 70]LogPlayLevel: PlayLevel: No blueprints needed recompiling
[2017.09.15-16.12.44:417][ 70]PIE: New page: PIE session: ThirdPersonExampleMap (Sep 15, 2017, 6:12:44 AM)
[2017.09.15-16.12.44:417][ 70]LogPlayLevel: Creating play world package: /Game/ThirdPersonBP/Maps/UEDPIE_0_ThirdPersonExampleMap
[2017.09.15-16.12.44:433][ 70]LogPlayLevel: PIE: StaticDuplicateObject took: (0.016224s)
[2017.09.15-16.12.44:434][ 70]LogAIModule: Creating AISystem for world ThirdPersonExampleMap
[2017.09.15-16.12.44:434][ 70]LogPlayLevel: PIE: World Init took: (0.000568s)
[2017.09.15-16.12.44:434][ 70]LogPlayLevel: PIE: Created PIE world by copying editor world from /Game/ThirdPersonBP/Maps/ThirdPersonExampleMap.ThirdPersonExampleMap to /Game/ThirdPersonBP/Maps/UEDPIE_0_ThirdPersonExampleMap.ThirdPersonExampleMap (0.016973s)
[2017.09.15-16.12.44:491][ 70]LogInit: XAudio2 using 'Speakers (Sound Blaster Recon3Di)' : 2 channels at 48 kHz using 32 bits per sample (channel mask 0x3)
[2017.09.15-16.12.44:502][ 70]LogInit: FAudioDevice initialized.
[2017.09.15-16.12.44:550][ 70]LogLoad: Game class is 'ThirdPersonGameMode_C'
[2017.09.15-16.12.44:555][ 70]LogWorld: Bringing World /Game/ThirdPersonBP/Maps/UEDPIE_0_ThirdPersonExampleMap.ThirdPersonExampleMap up for play (max tick rate 0) at 2017.09.15-11.12.44
[2017.09.15-16.12.44:555][ 70]LogWorld: Bringing up level for play took: 0.003314
[2017.09.15-16.12.44:561][ 70]PIE: Info Play in editor start time for /Game/ThirdPersonBP/Maps/UEDPIE_0_ThirdPersonExampleMap 0.475
[2017.09.15-16.12.44:562][ 70]LogBlueprintUserMessages: Late PlayInEditor Detection: Level '/Game/ThirdPersonBP/Maps/ThirdPersonExampleMap.ThirdPersonExampleMap:PersistentLevel' has LevelScriptBlueprint '/Game/ThirdPersonBP/Maps/ThirdPersonExampleMap.ThirdPersonExampleMap:PersistentLevel.ThirdPersonExampleMap' with GeneratedClass '/Game/ThirdPersonBP/Maps/ThirdPersonExampleMap.ThirdPersonExampleMap_C' with ClassGeneratedBy '/Game/ThirdPersonBP/Maps/ThirdPersonExampleMap.ThirdPersonExampleMap:PersistentLevel.ThirdPersonExampleMap'
[2017.09.15-16.12.48:985][587]LogBlueprintUserMessages: Early EndPlayMap Detection: Level '/Game/ThirdPersonBP/Maps/ThirdPersonExampleMap.ThirdPersonExampleMap:PersistentLevel' has LevelScriptBlueprint '/Game/ThirdPersonBP/Maps/ThirdPersonExampleMap.ThirdPersonExampleMap:PersistentLevel.ThirdPersonExampleMap' with GeneratedClass '/Game/ThirdPersonBP/Maps/ThirdPersonExampleMap.ThirdPersonExampleMap_C' with ClassGeneratedBy '/Game/ThirdPersonBP/Maps/ThirdPersonExampleMap.ThirdPersonExampleMap:PersistentLevel.ThirdPersonExampleMap'
[2017.09.15-16.12.49:052][587]LogBlueprintUserMessages: Late EndPlayMap Detection: Level '/Game/ThirdPersonBP/Maps/ThirdPersonExampleMap.ThirdPersonExampleMap:PersistentLevel' has LevelScriptBlueprint '/Game/ThirdPersonBP/Maps/ThirdPersonExampleMap.ThirdPersonExampleMap:PersistentLevel.ThirdPersonExampleMap' with GeneratedClass '/Game/ThirdPersonBP/Maps/ThirdPersonExampleMap.ThirdPersonExampleMap_C' with ClassGeneratedBy '/Game/ThirdPersonBP/Maps/ThirdPersonExampleMap.ThirdPersonExampleMap:PersistentLevel.ThirdPersonExampleMap'
[2017.09.15-16.14.41:852][254]BlueprintLog: New page: Compile ThirdPersonCharacter
[2017.09.15-16.14.47:174][831]BlueprintLog: New page: Compile ThirdPersonCharacter
[2017.09.15-16.14.49:348][ 10]LogSavePackage: Save=121.31ms
[2017.09.15-16.14.49:348][ 10]LogSavePackage: Moving 'D:/iStepable/ProjectDev/ProjectBossFight/ProjectBossFight/Saved/ThirdPersonExampleMap0809E6FF42D5A3D9FFC31D98E4C893DD.tmp' to 'D:/iStepable/ProjectDev/ProjectBossFight/ProjectBossFight/Content/ThirdPersonBP/Maps/ThirdPersonExampleMap.umap'
[2017.09.15-16.14.49:351][ 10]LogSavePackage:Display: Finished SavePackage D:/iStepable/ProjectDev/ProjectBossFight/ProjectBossFight/Content/ThirdPersonBP/Maps/ThirdPersonExampleMap.umap
[2017.09.15-16.14.49:375][ 10]LogFileHelpers: Saving map 'ThirdPersonExampleMap' took 0.224
[2017.09.15-16.14.49:489][ 10]LogSavePackage: Save=63.72ms
[2017.09.15-16.14.49:489][ 10]LogSavePackage: Moving 'D:/iStepable/ProjectDev/ProjectBossFight/ProjectBossFight/Saved/ThirdPersonCharacterAF90E1B5436F82A4B78F128DE515A422.tmp' to 'D:/iStepable/ProjectDev/ProjectBossFight/ProjectBossFight/Content/ThirdPersonBP/Blueprints/ThirdPersonCharacter.uasset'
[2017.09.15-16.14.49:491][ 10]LogSavePackage:Display: Finished SavePackage D:/iStepable/ProjectDev/ProjectBossFight/ProjectBossFight/Content/ThirdPersonBP/Blueprints/ThirdPersonCharacter.uasset
