Log file open, 11/02/17 12:26:36
LogInit:Display: Running engine for game: ProjectBossFight
LogPlatformFile: Not using cached read wrapper
LogInit:Display: RandInit(545203236) SRandInit(545203236).
LogTaskGraph: Started task graph with 5 named threads and 10 total threads with 1 sets of task threads.
LogStats: Stats thread started at 0.107704
LogInit: Using libcurl 7.47.1
LogInit:  - built for x86_64-pc-win32
LogInit:  - supports SSL with OpenSSL/1.0.2g
LogInit:  - supports HTTP deflate (compression) using libz 1.2.8
LogInit:  - other features:
LogInit:      CURL_VERSION_SSL
LogInit:      CURL_VERSION_LIBZ
LogInit:      CURL_VERSION_IPV6
LogInit:      CURL_VERSION_ASYNCHDNS
LogInit:      CURL_VERSION_LARGEFILE
LogInit:      CURL_VERSION_IDN
LogInit:  CurlRequestOptions (configurable via config and command line):
LogInit:  - bVerifyPeer = false  - Libcurl will NOT verify peer certificate
LogInit:  - bUseHttpProxy = false  - Libcurl will NOT use HTTP proxy
LogInit:  - bDontReuseConnections = false  - Libcurl will reuse connections
LogInit:  - CertBundlePath = nullptr  - Libcurl will use whatever was configured at build time.
LogInit: Build: ++UE4+Release-4.16-CL-3466753
LogInit: Engine Version: 4.16.1-3466753+++UE4+Release-4.16
LogInit: Compatible Engine Version: 4.16.0-3452394+++UE4+Release-4.16
LogInit: Net CL: 3452394
LogDevObjectVersion: Number of dev versions registered: 16
LogDevObjectVersion:   Dev-Blueprints (B0D832E4-1F89-4F0D-ACCF-7EB736FD4AA2): 9
LogDevObjectVersion:   Dev-Build (E1C64328-A22C-4D53-A36C-8E866417BD8C): 0
LogDevObjectVersion:   Dev-Core (375EC13C-06E4-48FB-B500-84F0262A717E): 2
LogDevObjectVersion:   Dev-Editor (E4B068ED-F494-42E9-A231-DA0B2E46BB41): 17
LogDevObjectVersion:   Dev-Framework (CFFC743F-43B0-4480-9391-14DF171D2073): 23
LogDevObjectVersion:   Dev-Mobile (B02B49B5-BB20-44E9-A304-32B752E40360): 0
LogDevObjectVersion:   Dev-Networking (A4E4105C-59A1-49B5-A7C5-40C4547EDFEE): 0
LogDevObjectVersion:   Dev-Online (39C831C9-5AE6-47DC-9A44-9C173E1C8E7C): 0
LogDevObjectVersion:   Dev-Physics (78F01B33-EBEA-4F98-B9B4-84EACCB95AA2): 0
LogDevObjectVersion:   Dev-Platform (6631380F-2D4D-43E0-8009-CF276956A95A): 0
LogDevObjectVersion:   Dev-Rendering (12F88B9F-8875-4AFC-A67C-D90C383ABD29): 15
LogDevObjectVersion:   Dev-Sequencer (7B5AE74C-D270-4C10-A958-57980B212A5A): 4
LogDevObjectVersion:   Dev-VR (D7296918-1DD6-4BDD-9DE2-64A83CC13884): 0
LogDevObjectVersion:   Dev-LoadTimes (C2A15278-BFE7-4AFE-6C17-90FF531DF755): 1
LogDevObjectVersion:   Private-Geometry (6EACA3D4-40EC-4CC1-B786-8BED09428FC5): 1
LogDevObjectVersion:   Dev-AnimPhys (29E575DD-E0A3-4627-9D10-D276232CDCEA): 3
LogInit: Compiled (64-bit): May 31 2017 02:03:30
LogInit: Compiled with Visual C++: 19.00.24215.01
LogInit: Build Configuration: Development
LogInit: Branch Name: ++UE4+Release-4.16
LogInit: Command line:  
LogInit: Base directory: C:/Program Files/Epic Games/UE_4.16/Engine/Binaries/Win64/
LogInit: Installed Engine Build: 1
LogInit: Presizing for max 8388607 objects, including 0 objects not considered by GC, pre-allocating 0 bytes for permanent pool.
LogInit: Object subsystem initialized
[2017.11.02-17.26.36:725][  0]LogInit: Selected Device Profile: [Windows]
[2017.11.02-17.26.36:725][  0]LogInit: Applying CVar settings loaded from the selected device profile: [Windows]
[2017.11.02-17.26.36:754][  0]LogInit: Computer: T250-3
[2017.11.02-17.26.36:754][  0]LogInit: User: student
[2017.11.02-17.26.36:754][  0]LogInit: CPU Page size=4096, Cores=6
[2017.11.02-17.26.36:754][  0]LogInit: High frequency timer resolution =3.312695 MHz
[2017.11.02-17.26.36:755][  0]LogMemory: Memory total: Physical=31.9GB (32GB approx)
[2017.11.02-17.26.36:755][  0]LogMemory: Platform Memory Stats for Windows
[2017.11.02-17.26.36:755][  0]LogMemory: Process Physical Memory: 276.44 MB used, 276.44 MB peak
[2017.11.02-17.26.36:755][  0]LogMemory: Process Virtual Memory: 264.97 MB used, 264.97 MB peak
[2017.11.02-17.26.36:755][  0]LogMemory: Physical Memory: 5586.45 MB used,  27071.55 MB free, 32658.01 MB total
[2017.11.02-17.26.36:755][  0]LogMemory: Virtual Memory: 625.24 MB used,  27071.55 MB free, 8388608.00 MB total
[2017.11.02-17.26.36:841][  0]LogInit: Using OS detected language (en-US).
[2017.11.02-17.26.36:841][  0]LogInit: Using OS detected locale (en-US).
[2017.11.02-17.26.36:844][  0]LogTextLocalizationManager: No specific localization for 'en-US' exists, so the 'en' localization will be used.
[2017.11.02-17.26.37:670][  0]LogD3D11RHI: D3D11 adapters:
[2017.11.02-17.26.37:696][  0]LogD3D11RHI:    0. 'NVIDIA GeForce GTX 1070' (Feature Level 11_0)
[2017.11.02-17.26.37:696][  0]LogD3D11RHI:       8085/0/16073 MB DedicatedVideo/DedicatedSystem/SharedSystem, Outputs:1, VendorId:0x10de
[2017.11.02-17.26.37:696][  0]LogD3D11RHI: Chosen D3D11 Adapter: 0
[2017.11.02-17.26.37:699][  0]LogD3D11RHI: Creating new Direct3DDevice
[2017.11.02-17.26.37:699][  0]LogD3D11RHI:     GPU DeviceId: 0x1b81 (for the marketing name, search the web for "GPU Device Id")
[2017.11.02-17.26.37:699][  0]LogWindows: EnumDisplayDevices:
[2017.11.02-17.26.37:700][  0]LogWindows:    0. 'NVIDIA GeForce GTX 1070' (P:1 D:1)
[2017.11.02-17.26.37:700][  0]LogWindows:    1. 'NVIDIA GeForce GTX 1070' (P:0 D:0)
[2017.11.02-17.26.37:700][  0]LogWindows:    2. 'NVIDIA GeForce GTX 1070' (P:0 D:0)
[2017.11.02-17.26.37:700][  0]LogWindows:    3. 'NVIDIA GeForce GTX 1070' (P:0 D:0)
[2017.11.02-17.26.37:700][  0]LogWindows:    4. 'RDPDD Chained DD' (P:0 D:0)
[2017.11.02-17.26.37:700][  0]LogWindows:    5. 'RDP Encoder Mirror Driver' (P:0 D:0)
[2017.11.02-17.26.37:700][  0]LogWindows:    6. 'RDP Reflector Display Driver' (P:0 D:0)
[2017.11.02-17.26.37:700][  0]LogWindows: DebugString: GetVideoDriverDetailsInvalid PrimaryIsNotTheChoosenAdapter GetVideoDriverDetailsInvalid PrimaryIsNotTheChoosenAdapter GetVideoDriverDetailsInvalid PrimaryIsNotTheChoosenAdapter FoundDriverCount:4 
[2017.11.02-17.26.37:700][  0]LogD3D11RHI:     Adapter Name: NVIDIA GeForce GTX 1070
[2017.11.02-17.26.37:700][  0]LogD3D11RHI:   Driver Version: 382.33 (internal:22.21.13.8233, unified:382.33)
[2017.11.02-17.26.37:700][  0]LogD3D11RHI:      Driver Date: 5-17-2017
[2017.11.02-17.26.37:700][  0]LogRHI: Texture pool is 1361 MB (70% of 1945 MB)
[2017.11.02-17.26.37:709][  0]LogD3D11RHI: Async texture creation enabled
[2017.11.02-17.26.37:723][  0]LogD3D11RHI: GPU Timing Frequency: 1000.000000 (Debug: 2 2)
[2017.11.02-17.26.37:772][  0]LogShaderCompilers: Guid format shader working directory is 2 characters bigger than the processId version (D:/iStepable/ProjectBossFight/ProjectBossFight/Intermediate/Shaders/WorkingDirectory/8088/).
[2017.11.02-17.26.37:772][  0]LogShaderCompilers: Cleaned the shader compiler working directory 'C:/Users/student/AppData/Local/Temp/UnrealShaderWorkingDir/6C61412349D500B0EDDD75AF1986E548/'.
[2017.11.02-17.26.37:772][  0]LogShaderCompilers:Display: Using Local Shader Compiler.
[2017.11.02-17.26.38:750][  0]LogTemp:Display: Loaded TP AllDesktopTargetPlatform
[2017.11.02-17.26.38:801][  0]LogTemp:Display: Loaded TP MacClientTargetPlatform
[2017.11.02-17.26.38:843][  0]LogTemp:Display: Loaded TP MacNoEditorTargetPlatform
[2017.11.02-17.26.38:886][  0]LogTemp:Display: Loaded TP MacServerTargetPlatform
[2017.11.02-17.26.38:928][  0]LogTemp:Display: Loaded TP MacTargetPlatform
[2017.11.02-17.26.38:976][  0]LogTemp:Display: Loaded TP WindowsClientTargetPlatform
[2017.11.02-17.26.39:015][  0]LogTemp:Display: Loaded TP WindowsNoEditorTargetPlatform
[2017.11.02-17.26.39:058][  0]LogTemp:Display: Loaded TP WindowsServerTargetPlatform
[2017.11.02-17.26.39:093][  0]LogTemp:Display: Loaded TP WindowsTargetPlatform
[2017.11.02-17.26.39:140][  0]LogTemp:Display: Loaded TP AndroidTargetPlatform
[2017.11.02-17.26.39:188][  0]LogTemp:Display: Loaded TP Android_ASTCTargetPlatform
[2017.11.02-17.26.39:234][  0]LogTemp:Display: Loaded TP Android_ATCTargetPlatform
[2017.11.02-17.26.39:274][  0]LogTemp:Display: Loaded TP Android_DXTTargetPlatform
[2017.11.02-17.26.39:319][  0]LogTemp:Display: Loaded TP Android_ETC1TargetPlatform
[2017.11.02-17.26.39:361][  0]LogTemp:Display: Loaded TP Android_ETC2TargetPlatform
[2017.11.02-17.26.39:465][  0]LogTemp:Display: Loaded TP Android_MultiTargetPlatform
[2017.11.02-17.26.39:465][  0]LogTemp:Display: Loaded TP Android_PVRTCTargetPlatform
[2017.11.02-17.26.39:497][  0]LogTemp:Display: Loaded TP HTML5TargetPlatform
[2017.11.02-17.26.39:573][  0]LogTemp:Display: Loaded TP IOSTargetPlatform
[2017.11.02-17.26.39:597][  0]LogTemp:Display: Loaded TP TVOSTargetPlatform
[2017.11.02-17.26.39:643][  0]LogTemp:Display: Loaded TP LinuxClientTargetPlatform
[2017.11.02-17.26.39:688][  0]LogTemp:Display: Loaded TP LinuxNoEditorTargetPlatform
[2017.11.02-17.26.39:729][  0]LogTemp:Display: Loaded TP LinuxServerTargetPlatform
[2017.11.02-17.26.39:772][  0]LogTemp:Display: Loaded TP LinuxTargetPlatform
[2017.11.02-17.26.39:772][  0]LogTargetPlatformManager:Display: Building Assets For Windows
[2017.11.02-17.26.40:167][  0]LogDerivedDataCache:Display: Max Cache Size: 512 MB
[2017.11.02-17.26.40:262][  0]LogDerivedDataCache: Loaded boot cache 0.09s 90MB C:/Users/student/AppData/Local/UnrealEngine/4.16/DerivedDataCache/Boot.ddc.
[2017.11.02-17.26.40:262][  0]LogDerivedDataCache:Display: Loaded Boot cache: C:/Users/student/AppData/Local/UnrealEngine/4.16/DerivedDataCache/Boot.ddc
[2017.11.02-17.26.40:262][  0]LogDerivedDataCache: FDerivedDataBackendGraph:  Pak pak cache file D:/iStepable/ProjectBossFight/ProjectBossFight/DerivedDataCache/DDC.ddp not found, will not use a pak cache.
[2017.11.02-17.26.40:262][  0]LogDerivedDataCache: Unable to find inner node Pak for hierarchical cache Hierarchy.
[2017.11.02-17.26.40:262][  0]LogDerivedDataCache: FDerivedDataBackendGraph:  CompressedPak pak cache file D:/iStepable/ProjectBossFight/ProjectBossFight/DerivedDataCache/Compressed.ddp not found, will not use a pak cache.
[2017.11.02-17.26.40:262][  0]LogDerivedDataCache: Unable to find inner node CompressedPak for hierarchical cache Hierarchy.
[2017.11.02-17.26.40:277][  0]LogDerivedDataCache:Display: Pak cache opened for reading ../../../Engine/DerivedDataCache/Compressed.ddp.
[2017.11.02-17.26.40:288][  0]LogDerivedDataCache: Using Local data cache path C:/Users/student/AppData/Local/UnrealEngine/Common/DerivedDataCache: Writable
[2017.11.02-17.26.40:296][  0]LogMaterial: Verifying Global Shaders for PCD3D_SM5
[2017.11.02-17.26.40:297][  0]LogSlate: Using Freetype 2.6.0
[2017.11.02-17.26.40:297][  0]LogSlate: SlateFontCache - WITH_FREETYPE: 1, WITH_HARFBUZZ: 1
[2017.11.02-17.26.40:297][  0]LogSlate: SlateFontCache - WITH_FREETYPE: 1, WITH_HARFBUZZ: 1
[2017.11.02-17.26.40:651][  0]LogInit: Selected Device Profile: [Windows]
[2017.11.02-17.26.40:655][  0]LogContentStreaming: Texture pool size is 0.00 MB
[2017.11.02-17.26.40:866][  0]LogMeshUtilities: Using QuadricMeshReduction for automatic static mesh reduction
[2017.11.02-17.26.40:898][  0]LogSimplygon: Simplygon DLL not present - disabling.
[2017.11.02-17.26.40:935][  0]LogMeshUtilities: Using SimplygonSwarm for distributed automatic mesh merging
[2017.11.02-17.26.40:935][  0]LogMeshUtilities: No automatic skeletal mesh reduction module available
[2017.11.02-17.26.40:935][  0]LogMeshUtilities: No automatic mesh merging module available
[2017.11.02-17.26.41:386][  0]LogNetVersion: ProjectBossFight , NetCL: 3452394, EngineNetVer: 2, GameNetVer: 0 (Checksum: 351899695)
[2017.11.02-17.26.41:451][  0]LogAssetRegistry: FAssetRegistry took 0.0265 seconds to start up
[2017.11.02-17.26.41:517][  0]LogPackageLocalizationCache: Processed 4 localized package path(s) for 2 prioritized culture(s) in 0.049676 seconds
[2017.11.02-17.26.41:521][  0]LogUObjectArray: 34194 objects as part of root set at end of initial load.
[2017.11.02-17.26.41:521][  0]LogUObjectAllocator: 7260424 out of 0 bytes used by permanent object pool.
[2017.11.02-17.26.41:521][  0]LogUObjectArray: CloseDisregardForGC: 0/0 objects in disregard for GC pool
[2017.11.02-17.26.41:571][  0]LogInit: WinSock: version 1.1 (2.2), MaxSocks=32767, MaxUdp=65467
[2017.11.02-17.26.43:549][  0]LogTcpMessaging: Initializing TcpMessaging bridge
[2017.11.02-17.26.43:578][  0]LogUdpMessaging: Initializing bridge on interface 0.0.0.0:0 to multicast group 230.0.0.1:6666.
[2017.11.02-17.26.43:990][  0]LogMaterial: Uniform references updated for custom material expression Custom.
[2017.11.02-17.26.44:353][  0]SourceControl: Info Source control is disabled
[2017.11.02-17.26.44:353][  0]SourceControl: Info Source control is disabled
[2017.11.02-17.26.44:387][  0]SourceControl: Info Source control is disabled
[2017.11.02-17.26.44:424][  0]SourceControl: Info Source control is disabled
[2017.11.02-17.26.44:925][  0]LogAndroidPermission: UAndroidPermissionCallbackProxy::GetInstance
[2017.11.02-17.26.45:451][  0]LogEngine: Initializing Engine...
[2017.11.02-17.26.45:452][  0]LogHMD: Failed to initialize OpenVR with code 110
[2017.11.02-17.26.45:683][  0]LogStats: UGameplayTagsManager::ConstructGameplayTagTree: Construct from data asset -  0.000 s
[2017.11.02-17.26.45:683][  0]LogStats: UGameplayTagsManager::ConstructGameplayTagTree: GameplayTagTreeChangedEvent.Broadcast -  0.000 s
[2017.11.02-17.26.45:781][  0]LogAIModule: Creating AISystem for world Untitled
[2017.11.02-17.26.45:794][  0]LogInit: XAudio2 using 'Speakers (Sound Blaster Recon3Di)' : 2 channels at 48 kHz using 32 bits per sample (channel mask 0x3)
[2017.11.02-17.26.45:802][  0]LogInit: FAudioDevice initialized.
[2017.11.02-17.26.45:839][  0]LogDerivedDataCache: Saved boot cache 0.04s 90MB C:/Users/student/AppData/Local/UnrealEngine/4.16/DerivedDataCache/Boot.ddc.
[2017.11.02-17.26.45:848][  0]LogInit: Texture streaming: Enabled
[2017.11.02-17.26.45:911][  0]LogEngineSessionManager: EngineSessionManager initialized
[2017.11.02-17.26.46:089][  0]LogInit: Transaction tracking system initialized
[2017.11.02-17.26.46:320][  0]BlueprintLog: New page: Editor Load
[2017.11.02-17.26.46:998][  0]LocalizationService: Info Localization service is disabled
[2017.11.02-17.26.47:509][  0]LogConsoleResponse:Display: 
[2017.11.02-17.26.47:655][  0]LogCook:Display: Max memory allowance for cook 16384mb min free memory 0mb
[2017.11.02-17.26.47:655][  0]LogCook:Display: Mobile HDR setting 1
[2017.11.02-17.26.48:582][  0]LogFileCache: Scanning file cache for directory 'D:/iStepable/ProjectBossFight/ProjectBossFight/Content/' took 0.02s
[2017.11.02-17.26.48:582][  0]SourceControl: Info Source control is disabled
[2017.11.02-17.26.48:582][  0]Cmd: MAP LOAD FILE="D:/iStepable/ProjectBossFight/ProjectBossFight/Content/ThirdPersonBP/Maps/ThirdPersonExampleMap.umap" TEMPLATE=0 SHOWPROGRESS=1 FEATURELEVEL=3
[2017.11.02-17.26.48:582][  0]LightingResults: New page: Lighting Build
[2017.11.02-17.26.48:637][  0]MapCheck: New page: Map Check
[2017.11.02-17.26.48:637][  0]LightingResults: New page: Lighting Build
[2017.11.02-17.26.49:536][  0]LogTexture:Display: Building textures: HQ_Lightmap0_1 (AutoDXT, 1024X1024)
[2017.11.02-17.26.49:688][  0]LogTexture:Display: Building textures: HQ_Lightmap0_2 (AutoDXT, 512X512)
[2017.11.02-17.26.49:722][  0]LogTexture:Display: Building textures: HQ_Lightmap0_3 (AutoDXT, 64X64)
[2017.11.02-17.26.49:735][  0]LogTexture:Display: Building textures: LQ_Lightmap_0_1 (DXT1, 1024X1024)
[2017.11.02-17.26.49:799][  0]LogTexture:Display: Building textures: LQ_Lightmap_0_2 (DXT1, 512X512)
[2017.11.02-17.26.49:815][  0]LogTexture:Display: Building textures: LQ_Lightmap_0_3 (DXT1, 64X64)
[2017.11.02-17.26.49:825][  0]LogTexture:Display: Building textures: SkyOcclusion0_1 (AutoDXT, 1024X512)
[2017.11.02-17.26.49:889][  0]LogTexture:Display: Building textures: SkyOcclusion0_2 (AutoDXT, 512X256)
[2017.11.02-17.26.49:908][  0]LogTexture:Display: Building textures: SkyOcclusion0_3 (AutoDXT, 64X32)
[2017.11.02-17.26.50:036][  0]LogAIModule: Creating AISystem for world ThirdPersonExampleMap
[2017.11.02-17.26.50:053][  0]LogEditorServer: Finished looking for orphan Actors (0.000 secs)
[2017.11.02-17.26.50:082][  0]Cmd: MAP CHECKDEP NOCLEARLOG
[2017.11.02-17.26.50:126][  0]MapCheck: Info Map check complete: 0 Error(s), 0 Warning(s), took 43.335ms to complete.
[2017.11.02-17.26.50:126][  0]LogFileHelpers: Loading map 'ThirdPersonExampleMap' took 1.544
[2017.11.02-17.26.50:341][  0]LogCollectionManager: Loaded 0 collections in 0.003071 seconds
[2017.11.02-17.26.50:472][  0]LogFileCache: Scanning file cache for directory 'D:/iStepable/ProjectBossFight/ProjectBossFight/Saved/Collections/' took 0.01s
[2017.11.02-17.26.50:472][  0]LogFileCache: Scanning file cache for directory 'D:/iStepable/ProjectBossFight/ProjectBossFight/Content/Developers/student/Collections/' took 0.01s
[2017.11.02-17.26.50:472][  0]LogFileCache: Scanning file cache for directory 'D:/iStepable/ProjectBossFight/ProjectBossFight/Content/Collections/' took 0.01s
[2017.11.02-17.26.50:472][  0]LogCollectionManager: Rebuilt the GUID cache for 0 collections in 0.000003 seconds
[2017.11.02-17.26.50:493][  0]LogContentBrowser: Native class hierarchy populated in 0.0215 seconds. Added 2329 classes and 491 folders.
[2017.11.02-17.26.50:620][  0]LogContentBrowser: Native class hierarchy updated for 'WidgetCarousel' in 0.0006 seconds. Added 0 classes and 0 folders.
[2017.11.02-17.26.50:670][  0]LogContentBrowser: Native class hierarchy updated for 'AddContentDialog' in 0.0012 seconds. Added 0 classes and 0 folders.
[2017.11.02-17.26.50:724][  0]LogContentBrowser: Native class hierarchy updated for 'SceneOutliner' in 0.0005 seconds. Added 1 classes and 2 folders.
[2017.11.02-17.26.50:773][  0]LogCrashTracker: Crashtracker disabled due to settings.
[2017.11.02-17.26.50:854][  0]LogContentBrowser: Native class hierarchy updated for 'HierarchicalLODOutliner' in 0.0005 seconds. Added 1 classes and 2 folders.
[2017.11.02-17.26.50:854][  0]LogLoad: (Engine Initialization) Total time: 15.72 seconds
[2017.11.02-17.26.50:854][  0]LogLoad: (Engine Initialization) Total Blueprint compile time: 0.26 seconds
[2017.11.02-17.26.50:854][  0]LogExternalProfiler: Found external profiler: VSPerf
[2017.11.02-17.26.50:854][  0]LogExternalProfiler: Using external profiler: VSPerf
[2017.11.02-17.26.51:193][  0]LogOcInput: OculusInput pre-init called
[2017.11.02-17.26.51:193][  0]LogHMD: Starting GearVRController plugin
[2017.11.02-17.26.51:221][  0]LogContentStreaming: Texture pool size now 1000 MB
[2017.11.02-17.26.51:223][  0]LogSlate: Took 0.000376 seconds to synchronously load lazily loaded font '../../../Engine/Content/Slate/Fonts/Roboto-Regular.ttf' (155K)
[2017.11.02-17.26.51:228][  0]LogSlate: Took 0.000318 seconds to synchronously load lazily loaded font '../../../Engine/Content/Slate/Fonts/Roboto-Bold.ttf' (160K)
[2017.11.02-17.26.51:239][  0]LogSlate: Took 0.000312 seconds to synchronously load lazily loaded font '../../../Engine/Content/Editor/Slate/Fonts/FontAwesome.ttf' (139K)
[2017.11.02-17.26.51:412][  0]LogSlate: Took 0.000177 seconds to synchronously load lazily loaded font '../../../Engine/Content/Slate/Fonts/Roboto-Light.ttf' (159K)
[2017.11.02-17.26.51:542][  1]LogRenderer: Reallocating scene render targets to support 1204x564 NumSamples 1 (Frame:1).
[2017.11.02-17.26.51:542][  1]LogAssetRegistry: Asset discovery search completed in 10.1106 seconds
[2017.11.02-17.26.51:544][  1]LogCollectionManager: Rebuilt the object cache for 0 collections in 0.000001 seconds (found 0 objects)
[2017.11.02-17.26.51:544][  1]LogCollectionManager: Fixed up redirectors for 0 collections in 0.000030 seconds (updated 0 objects)
[2017.11.02-17.26.52:198][  3]LogSlate: Took 0.000534 seconds to synchronously load lazily loaded font '../../../Engine/Content/Slate/Fonts/Roboto-Light.ttf' (159K)
[2017.11.02-17.27.34:724][659]LogRenderer: Reallocating scene render targets to support 1616x576 NumSamples 1 (Frame:4604).
[2017.11.02-17.27.44:968][816]LogSlate: Took 0.000139 seconds to synchronously load lazily loaded font '../../../Engine/Content/Slate/Fonts/Roboto-Light.ttf' (159K)
[2017.11.02-17.27.45:574][816]LogContentBrowser: Native class hierarchy updated for 'BlueprintGraph' in 0.0009 seconds. Added 112 classes and 0 folders.
[2017.11.02-17.27.46:378][816]LogSlate: Took 0.000281 seconds to synchronously load lazily loaded font '../../../Engine/Content/Slate/Fonts/Roboto-Regular.ttf' (155K)
[2017.11.02-17.27.46:561][816]LogSlate: Took 0.007644 seconds to synchronously load lazily loaded font '../../../Engine/Content/Editor/Slate/Fonts/Roboto-BoldCondensed.ttf' (158K)
[2017.11.02-17.27.46:775][817]LogSlate: Took 0.005076 seconds to synchronously load lazily loaded font '../../../Engine/Content/Editor/Slate/Fonts/Roboto-Italic.ttf' (157K)
[2017.11.02-17.28.00:381][322]LogBlueprint:Error: [Compiler ] Error  Event Target Lock ON  cannot be placed in function graph
[2017.11.02-17.28.00:381][322]BlueprintLog: New page: Collapse to Function
[2017.11.02-17.28.00:381][322]BlueprintLog:Error: Error  Event Target Lock ON  cannot be placed in function graph
[2017.11.02-17.28.00:393][322]LogBlueprint:Warning: [Compiler ] Warning [0085.26] Compile of  failed. 1 Fatal Issue(s) 0 Warning(s) [in 8 ms] ()
[2017.11.02-17.28.04:919][811]LogEditorViewport: Clicking on Actor (LMB): ThirdPersonCharacter_C (ThirdPersonCharacter)
[2017.11.02-17.28.20:154][405]LogBlueprint:Error: [Compiler ] Error  Timeline_0  cannot be placed in function graph
[2017.11.02-17.28.20:154][405]BlueprintLog: New page: Collapse to Function
[2017.11.02-17.28.20:154][405]BlueprintLog:Error: Error  Timeline_0  cannot be placed in function graph
[2017.11.02-17.28.20:172][405]LogBlueprint:Warning: [Compiler ] Warning [0105.04] Compile of  failed. 1 Fatal Issue(s) 0 Warning(s) [in 14 ms] ()
[2017.11.02-17.28.45:861][261]BlueprintLog: New page: Compile ThirdPersonCharacter
[2017.11.02-17.28.48:882][502]LogSavePackage: Save=131.01ms
[2017.11.02-17.28.48:883][502]LogSavePackage: Moving 'D:/iStepable/ProjectBossFight/ProjectBossFight/Saved/ThirdPersonExampleMap978C8A6E4F70BDF508353FA7D728FD77.tmp' to 'D:/iStepable/ProjectBossFight/ProjectBossFight/Content/ThirdPersonBP/Maps/ThirdPersonExampleMap.umap'
[2017.11.02-17.28.48:885][502]LogSavePackage:Display: Finished SavePackage D:/iStepable/ProjectBossFight/ProjectBossFight/Content/ThirdPersonBP/Maps/ThirdPersonExampleMap.umap
[2017.11.02-17.28.48:918][502]LogFileHelpers: Saving map 'ThirdPersonExampleMap' took 0.236
[2017.11.02-17.28.48:952][502]Cmd: OBJ SAVEPACKAGE PACKAGE="/Game/Blueprints/Enemy_BP" FILE="D:/iStepable/ProjectBossFight/ProjectBossFight/Content/Blueprints/Enemy_BP.uasset" SILENT=true
[2017.11.02-17.28.49:021][502]LogSavePackage: Save=64.79ms
[2017.11.02-17.28.49:021][502]LogSavePackage: Moving 'D:/iStepable/ProjectBossFight/ProjectBossFight/Saved/Enemy_BP05D071AA46EF40722896438E392242F3.tmp' to 'D:/iStepable/ProjectBossFight/ProjectBossFight/Content/Blueprints/Enemy_BP.uasset'
[2017.11.02-17.28.49:022][502]LogSavePackage:Display: Finished SavePackage D:/iStepable/ProjectBossFight/ProjectBossFight/Content/Blueprints/Enemy_BP.uasset
[2017.11.02-17.28.49:249][502]LogSavePackage: Save=187.03ms
[2017.11.02-17.28.49:249][502]LogSavePackage: Moving 'D:/iStepable/ProjectBossFight/ProjectBossFight/Saved/ThirdPersonCharacter308967394A846128D57EBEA44BF2C3D0.tmp' to 'D:/iStepable/ProjectBossFight/ProjectBossFight/Content/ThirdPersonBP/Blueprints/ThirdPersonCharacter.uasset'
[2017.11.02-17.28.49:250][502]LogSavePackage:Display: Finished SavePackage D:/iStepable/ProjectBossFight/ProjectBossFight/Content/ThirdPersonBP/Blueprints/ThirdPersonCharacter.uasset
[2017.11.02-17.28.49:528][528]LogRenderer: Reallocating scene render targets to support 1616x900 NumSamples 1 (Frame:1).
[2017.11.02-17.29.13:771][170]LogBlueprint:Error: [Compiler ] Error  Lockon  cannot be placed in function graph
[2017.11.02-17.29.13:771][170]BlueprintLog: New page: Collapse to Function
[2017.11.02-17.29.13:771][170]BlueprintLog:Error: Error  Lockon  cannot be placed in function graph
[2017.11.02-17.29.13:788][170]LogBlueprint:Warning: [Compiler ] Warning [0158.65] Compile of  failed. 1 Fatal Issue(s) 0 Warning(s) [in 14 ms] ()
[2017.11.02-17.29.56:666][901]BlueprintLog: New page: Compile ThirdPersonCharacter
[2017.11.02-17.30.01:183][392]BlueprintLog: New page: Compile ThirdPersonCharacter
[2017.11.02-17.30.44:448][346]LogEditorTransaction: Undo Move Node
[2017.11.02-17.30.45:024][363]LogEditorTransaction: Undo Resize Node
[2017.11.02-17.31.11:860][279]BlueprintLog: New page: Collapse to Function
[2017.11.02-17.31.41:119][725]BlueprintLog: New page: Collapse to Function
[2017.11.02-17.31.54:778][312]BlueprintLog: New page: Compile ThirdPersonCharacter
[2017.11.02-17.32.27:706][ 79]BlueprintLog: New page: Compile ThirdPersonCharacter
[2017.11.02-17.32.46:560][882]BlueprintLog: New page: Collapse to Function
[2017.11.02-17.32.56:562][900]BlueprintLog: New page: Compile ThirdPersonCharacter
[2017.11.02-17.32.58:238][993]LogSavePackage: Save=135.55ms
[2017.11.02-17.32.58:238][993]LogSavePackage: Moving 'D:/iStepable/ProjectBossFight/ProjectBossFight/Saved/ThirdPersonExampleMap890819BA4F0168F95BB7D09E6CAF55AD.tmp' to 'D:/iStepable/ProjectBossFight/ProjectBossFight/Content/ThirdPersonBP/Maps/ThirdPersonExampleMap.umap'
[2017.11.02-17.32.58:241][993]LogSavePackage:Display: Finished SavePackage D:/iStepable/ProjectBossFight/ProjectBossFight/Content/ThirdPersonBP/Maps/ThirdPersonExampleMap.umap
[2017.11.02-17.32.58:274][993]LogFileHelpers: Saving map 'ThirdPersonExampleMap' took 0.260
[2017.11.02-17.32.58:534][993]LogSavePackage: Save=223.23ms
[2017.11.02-17.32.58:534][993]LogSavePackage: Moving 'D:/iStepable/ProjectBossFight/ProjectBossFight/Saved/ThirdPersonCharacter9BF464CD465C59FCB608B98E6F7BA331.tmp' to 'D:/iStepable/ProjectBossFight/ProjectBossFight/Content/ThirdPersonBP/Blueprints/ThirdPersonCharacter.uasset'
[2017.11.02-17.32.58:536][993]LogSavePackage:Display: Finished SavePackage D:/iStepable/ProjectBossFight/ProjectBossFight/Content/ThirdPersonBP/Blueprints/ThirdPersonCharacter.uasset
[2017.11.02-17.33.31:036][253]BlueprintLog: New page: Compile ThirdPersonCharacter
[2017.11.02-17.33.32:352][315]LogSavePackage: Save=131.03ms
[2017.11.02-17.33.32:352][315]LogSavePackage: Moving 'D:/iStepable/ProjectBossFight/ProjectBossFight/Saved/ThirdPersonExampleMapA5C2305E4053BF50B06B6780A27016D2.tmp' to 'D:/iStepable/ProjectBossFight/ProjectBossFight/Content/ThirdPersonBP/Maps/ThirdPersonExampleMap.umap'
[2017.11.02-17.33.32:354][315]LogSavePackage:Display: Finished SavePackage D:/iStepable/ProjectBossFight/ProjectBossFight/Content/ThirdPersonBP/Maps/ThirdPersonExampleMap.umap
[2017.11.02-17.33.32:384][315]LogFileHelpers: Saving map 'ThirdPersonExampleMap' took 0.238
[2017.11.02-17.33.32:637][315]LogSavePackage: Save=225.14ms
[2017.11.02-17.33.32:637][315]LogSavePackage: Moving 'D:/iStepable/ProjectBossFight/ProjectBossFight/Saved/ThirdPersonCharacterA88912624CB9A72B1E0088A42C5A7354.tmp' to 'D:/iStepable/ProjectBossFight/ProjectBossFight/Content/ThirdPersonBP/Blueprints/ThirdPersonCharacter.uasset'
[2017.11.02-17.33.32:639][315]LogSavePackage:Display: Finished SavePackage D:/iStepable/ProjectBossFight/ProjectBossFight/Content/ThirdPersonBP/Blueprints/ThirdPersonCharacter.uasset
[2017.11.02-17.34.43:354][456]LogSavePackage: Save=131.53ms
[2017.11.02-17.34.43:354][456]LogSavePackage: Moving 'D:/iStepable/ProjectBossFight/ProjectBossFight/Saved/ThirdPersonExampleMap3B3B83014FE84C5F1064248D9A568235.tmp' to 'D:/iStepable/ProjectBossFight/ProjectBossFight/Content/ThirdPersonBP/Maps/ThirdPersonExampleMap.umap'
[2017.11.02-17.34.43:356][456]LogSavePackage:Display: Finished SavePackage D:/iStepable/ProjectBossFight/ProjectBossFight/Content/ThirdPersonBP/Maps/ThirdPersonExampleMap.umap
[2017.11.02-17.34.43:393][456]LogFileHelpers: Saving map 'ThirdPersonExampleMap' took 0.247
[2017.11.02-17.34.43:638][456]LogSavePackage: Save=223.21ms
[2017.11.02-17.34.43:638][456]LogSavePackage: Moving 'D:/iStepable/ProjectBossFight/ProjectBossFight/Saved/ThirdPersonCharacter867BBEC04EB1929D5E6297868EEBB51D.tmp' to 'D:/iStepable/ProjectBossFight/ProjectBossFight/Content/ThirdPersonBP/Blueprints/ThirdPersonCharacter.uasset'
[2017.11.02-17.34.43:640][456]LogSavePackage:Display: Finished SavePackage D:/iStepable/ProjectBossFight/ProjectBossFight/Content/ThirdPersonBP/Blueprints/ThirdPersonCharacter.uasset
[2017.11.02-17.34.43:762][468]BlueprintLog: New page: Compile ThirdPersonCharacter
[2017.11.02-17.34.54:004][476]LogSavePackage: Save=130.80ms
[2017.11.02-17.34.54:004][476]LogSavePackage: Moving 'D:/iStepable/ProjectBossFight/ProjectBossFight/Saved/ThirdPersonExampleMapB2C2FF2947187852819478A9F96BAA19.tmp' to 'D:/iStepable/ProjectBossFight/ProjectBossFight/Content/ThirdPersonBP/Maps/ThirdPersonExampleMap.umap'
[2017.11.02-17.34.54:007][476]LogSavePackage:Display: Finished SavePackage D:/iStepable/ProjectBossFight/ProjectBossFight/Content/ThirdPersonBP/Maps/ThirdPersonExampleMap.umap
[2017.11.02-17.34.54:044][476]LogFileHelpers: Saving map 'ThirdPersonExampleMap' took 0.247
[2017.11.02-17.34.58:122][951]LogTemp: Repeting last play command: Selected Viewport
[2017.11.02-17.34.58:223][951]LogBlueprintUserMessages: Early PlayInEditor Detection: Level '/Game/ThirdPersonBP/Maps/ThirdPersonExampleMap.ThirdPersonExampleMap:PersistentLevel' has LevelScriptBlueprint '/Game/ThirdPersonBP/Maps/ThirdPersonExampleMap.ThirdPersonExampleMap:PersistentLevel.ThirdPersonExampleMap' with GeneratedClass '/Game/ThirdPersonBP/Maps/ThirdPersonExampleMap.ThirdPersonExampleMap_C' with ClassGeneratedBy '/Game/ThirdPersonBP/Maps/ThirdPersonExampleMap.ThirdPersonExampleMap:PersistentLevel.ThirdPersonExampleMap'
[2017.11.02-17.34.58:223][951]LogPlayLevel: PlayLevel: No blueprints needed recompiling
[2017.11.02-17.34.58:224][951]PIE: New page: PIE session: ThirdPersonExampleMap (Nov 2, 2017, 7:34:58 AM)
[2017.11.02-17.34.58:224][951]LogPlayLevel: Creating play world package: /Game/ThirdPersonBP/Maps/UEDPIE_0_ThirdPersonExampleMap
[2017.11.02-17.34.58:241][951]LogPlayLevel: PIE: StaticDuplicateObject took: (0.016155s)
[2017.11.02-17.34.58:241][951]LogAIModule: Creating AISystem for world ThirdPersonExampleMap
[2017.11.02-17.34.58:241][951]LogPlayLevel: PIE: World Init took: (0.000580s)
[2017.11.02-17.34.58:241][951]LogPlayLevel: PIE: Created PIE world by copying editor world from /Game/ThirdPersonBP/Maps/ThirdPersonExampleMap.ThirdPersonExampleMap to /Game/ThirdPersonBP/Maps/UEDPIE_0_ThirdPersonExampleMap.ThirdPersonExampleMap (0.016935s)
[2017.11.02-17.34.58:291][951]LogInit: XAudio2 using 'Speakers (Sound Blaster Recon3Di)' : 2 channels at 48 kHz using 32 bits per sample (channel mask 0x3)
[2017.11.02-17.34.58:306][951]LogInit: FAudioDevice initialized.
[2017.11.02-17.34.58:358][951]LogLoad: Game class is 'ThirdPersonGameMode_C'
[2017.11.02-17.34.58:365][951]LogWorld: Bringing World /Game/ThirdPersonBP/Maps/UEDPIE_0_ThirdPersonExampleMap.ThirdPersonExampleMap up for play (max tick rate 0) at 2017.11.02-12.34.58
[2017.11.02-17.34.58:368][951]LogWorld: Bringing up level for play took: 0.006136
[2017.11.02-17.34.58:411][951]LogContentBrowser: Native class hierarchy updated for 'MovieSceneCapture' in 0.0005 seconds. Added 11 classes and 0 folders.
[2017.11.02-17.34.58:413][951]PIE: Info Play in editor start time for /Game/ThirdPersonBP/Maps/UEDPIE_0_ThirdPersonExampleMap -0.193
[2017.11.02-17.34.58:413][951]LogBlueprintUserMessages: Late PlayInEditor Detection: Level '/Game/ThirdPersonBP/Maps/ThirdPersonExampleMap.ThirdPersonExampleMap:PersistentLevel' has LevelScriptBlueprint '/Game/ThirdPersonBP/Maps/ThirdPersonExampleMap.ThirdPersonExampleMap:PersistentLevel.ThirdPersonExampleMap' with GeneratedClass '/Game/ThirdPersonBP/Maps/ThirdPersonExampleMap.ThirdPersonExampleMap_C' with ClassGeneratedBy '/Game/ThirdPersonBP/Maps/ThirdPersonExampleMap.ThirdPersonExampleMap:PersistentLevel.ThirdPersonExampleMap'
[2017.11.02-17.35.13:553][763]LogBlueprintUserMessages: Early EndPlayMap Detection: Level '/Game/ThirdPersonBP/Maps/ThirdPersonExampleMap.ThirdPersonExampleMap:PersistentLevel' has LevelScriptBlueprint '/Game/ThirdPersonBP/Maps/ThirdPersonExampleMap.ThirdPersonExampleMap:PersistentLevel.ThirdPersonExampleMap' with GeneratedClass '/Game/ThirdPersonBP/Maps/ThirdPersonExampleMap.ThirdPersonExampleMap_C' with ClassGeneratedBy '/Game/ThirdPersonBP/Maps/ThirdPersonExampleMap.ThirdPersonExampleMap:PersistentLevel.ThirdPersonExampleMap'
[2017.11.02-17.35.13:624][763]LogBlueprintUserMessages: Late EndPlayMap Detection: Level '/Game/ThirdPersonBP/Maps/ThirdPersonExampleMap.ThirdPersonExampleMap:PersistentLevel' has LevelScriptBlueprint '/Game/ThirdPersonBP/Maps/ThirdPersonExampleMap.ThirdPersonExampleMap:PersistentLevel.ThirdPersonExampleMap' with GeneratedClass '/Game/ThirdPersonBP/Maps/ThirdPersonExampleMap.ThirdPersonExampleMap_C' with ClassGeneratedBy '/Game/ThirdPersonBP/Maps/ThirdPersonExampleMap.ThirdPersonExampleMap:PersistentLevel.ThirdPersonExampleMap'
[2017.11.02-17.35.25:471][ 75]LogSavePackage: Save=222.23ms
[2017.11.02-17.35.25:471][ 75]LogSavePackage: Moving 'D:/iStepable/ProjectBossFight/ProjectBossFight/Saved/ThirdPersonCharacterFAD357004ED813332784C5BA7DD32739.tmp' to 'D:/iStepable/ProjectBossFight/ProjectBossFight/Content/ThirdPersonBP/Blueprints/ThirdPersonCharacter.uasset'
[2017.11.02-17.35.25:472][ 75]LogSavePackage:Display: Finished SavePackage D:/iStepable/ProjectBossFight/ProjectBossFight/Content/ThirdPersonBP/Blueprints/ThirdPersonCharacter.uasset
[2017.11.02-17.35.44:872][228]LogBlueprint:Error: [Compiler ] Error  Event Target Lock ON  cannot be placed in function graph
[2017.11.02-17.35.44:872][228]BlueprintLog: New page: Collapse to Function
[2017.11.02-17.35.44:873][228]BlueprintLog:Error: Error  Event Target Lock ON  cannot be placed in function graph
[2017.11.02-17.35.44:884][228]LogBlueprint:Warning: [Compiler ] Warning [0549.74] Compile of  failed. 1 Fatal Issue(s) 0 Warning(s) [in 8 ms] ()
[2017.11.02-17.35.48:712][657]LogBlueprint:Error: [Compiler ] Error  Event Target Lock ON  cannot be placed in function graph
[2017.11.02-17.35.48:712][657]BlueprintLog: New page: Collapse to Function
[2017.11.02-17.35.48:712][657]BlueprintLog:Error: Error  Event Target Lock ON  cannot be placed in function graph
[2017.11.02-17.35.48:723][657]LogBlueprint:Warning: [Compiler ] Warning [0553.58] Compile of  failed. 1 Fatal Issue(s) 0 Warning(s) [in 8 ms] ()
[2017.11.02-17.36.06:038][678]BlueprintLog: New page: Compile Enemy_BP
[2017.11.02-17.36.08:108][833]LogSavePackage: Save=132.68ms
[2017.11.02-17.36.08:108][833]LogSavePackage: Moving 'D:/iStepable/ProjectBossFight/ProjectBossFight/Saved/ThirdPersonExampleMap9FA0C65B4A34C633DC75A5BCB293872B.tmp' to 'D:/iStepable/ProjectBossFight/ProjectBossFight/Content/ThirdPersonBP/Maps/ThirdPersonExampleMap.umap'
[2017.11.02-17.36.08:111][833]LogSavePackage:Display: Finished SavePackage D:/iStepable/ProjectBossFight/ProjectBossFight/Content/ThirdPersonBP/Maps/ThirdPersonExampleMap.umap
[2017.11.02-17.36.08:147][833]LogFileHelpers: Saving map 'ThirdPersonExampleMap' took 0.250
[2017.11.02-17.36.08:179][833]Cmd: OBJ SAVEPACKAGE PACKAGE="/Game/Blueprints/Enemy_BP" FILE="D:/iStepable/ProjectBossFight/ProjectBossFight/Content/Blueprints/Enemy_BP.uasset" SILENT=true
[2017.11.02-17.36.08:262][833]LogSavePackage: Save=71.08ms
[2017.11.02-17.36.08:262][833]LogSavePackage: Moving 'D:/iStepable/ProjectBossFight/ProjectBossFight/Saved/Enemy_BP248989364E41FD6E9B508BA4140B3547.tmp' to 'D:/iStepable/ProjectBossFight/ProjectBossFight/Content/Blueprints/Enemy_BP.uasset'
[2017.11.02-17.36.08:264][833]LogSavePackage:Display: Finished SavePackage D:/iStepable/ProjectBossFight/ProjectBossFight/Content/Blueprints/Enemy_BP.uasset
[2017.11.02-17.36.10:688][ 81]LogActorComponent: UnregisterComponent: (/Engine/Transient.EditorFloorComp) Not registered. Aborting.
[2017.11.02-17.36.10:957][ 82]Cmd: QUIT_EDITOR
[2017.11.02-17.36.11:047][ 82]LogExit: Preparing to exit.
[2017.11.02-17.36.11:794][ 82]LogExit: Editor shut down
[2017.11.02-17.36.11:799][ 82]LogExit: Transaction tracking system shut down
[2017.11.02-17.36.11:893][ 82]LogObj: Freed 0b from 0 cluster array pools.
[2017.11.02-17.36.11:893][ 82]LogExit: Object subsystem successfully closed.
[2017.11.02-17.36.11:921][ 82]LogD3D11RHI: Shutdown
[2017.11.02-17.36.11:921][ 82]LogD3D11RHI: CleanupD3DDevice
[2017.11.02-17.36.12:076][ 82]LogD3D11RHI: ~FD3D11DynamicRHI
[2017.11.02-17.36.12:087][ 82]LogModuleManager: Shutting down and abandoning module MovieSceneCapture (530)
[2017.11.02-17.36.12:087][ 82]LogModuleManager: Shutting down and abandoning module BlueprintGraph (528)
[2017.11.02-17.36.12:087][ 82]LogModuleManager: Shutting down and abandoning module BlueprintProfiler (526)
[2017.11.02-17.36.12:087][ 82]LogModuleManager: Shutting down and abandoning module HierarchicalLODOutliner (524)
[2017.11.02-17.36.12:087][ 82]LogModuleManager: Shutting down and abandoning module CrashTracker (522)
[2017.11.02-17.36.12:087][ 82]LogModuleManager: Shutting down and abandoning module SceneOutliner (520)
[2017.11.02-17.36.12:087][ 82]LogModuleManager: Shutting down and abandoning module AddContentDialog (518)
[2017.11.02-17.36.12:087][ 82]LogDirectoryWatcher: A directory notification for 'C:/Program Files/Epic Games/UE_4.16/FeaturePacks/' was aborted.
[2017.11.02-17.36.12:088][ 82]LogModuleManager: Shutting down and abandoning module WidgetCarousel (517)
[2017.11.02-17.36.12:088][ 82]LogModuleManager: Shutting down and abandoning module EditorWidgets (514)
[2017.11.02-17.36.12:088][ 82]LogModuleManager: Shutting down and abandoning module CollectionManager (512)
[2017.11.02-17.36.12:088][ 82]LogDirectoryWatcher: A directory notification for 'D:/iStepable/ProjectBossFight/ProjectBossFight/Content/Collections/' was aborted.
[2017.11.02-17.36.12:088][ 82]LogDirectoryWatcher: A directory notification for 'D:/iStepable/ProjectBossFight/ProjectBossFight/Content/Developers/student/Collections/' was aborted.
[2017.11.02-17.36.12:088][ 82]LogDirectoryWatcher: A directory notification for 'D:/iStepable/ProjectBossFight/ProjectBossFight/Saved/Collections/' was aborted.
[2017.11.02-17.36.12:088][ 82]LogModuleManager: Shutting down and abandoning module StatsViewer (510)
[2017.11.02-17.36.12:088][ 82]LogModuleManager: Shutting down and abandoning module FoliageEdit (508)
[2017.11.02-17.36.12:088][ 82]LogModuleManager: Shutting down and abandoning module LandscapeEditor (506)
[2017.11.02-17.36.12:088][ 82]LogModuleManager: Shutting down and abandoning module MeshPaintMode (504)
[2017.11.02-17.36.12:088][ 82]LogModuleManager: Shutting down and abandoning module SceneDepthPickerMode (502)
[2017.11.02-17.36.12:088][ 82]LogModuleManager: Shutting down and abandoning module ActorPickerMode (500)
[2017.11.02-17.36.12:088][ 82]LogModuleManager: Shutting down and abandoning module GeometryMode (498)
[2017.11.02-17.36.12:088][ 82]LogModuleManager: Shutting down and abandoning module TextureAlignMode (496)
[2017.11.02-17.36.12:088][ 82]LogModuleManager: Shutting down and abandoning module BspMode (494)
[2017.11.02-17.36.12:088][ 82]LogModuleManager: Shutting down and abandoning module HardwareSurvey (492)
[2017.11.02-17.36.12:088][ 82]LogModuleManager: Shutting down and abandoning module SequenceRecorderSections (490)
[2017.11.02-17.36.12:088][ 82]LogModuleManager: Shutting down and abandoning module AutomationWorker (488)
[2017.11.02-17.36.12:088][ 82]LogModuleManager: Shutting down and abandoning module MatineeToLevelSequence (486)
[2017.11.02-17.36.12:088][ 82]LogModuleManager: Shutting down and abandoning module LevelSequenceEditor (484)
[2017.11.02-17.36.12:088][ 82]LogModuleManager: Shutting down and abandoning module PlacementMode (483)
[2017.11.02-17.36.12:088][ 82]LogModuleManager: Shutting down and abandoning module WmfMediaFactory (480)
[2017.11.02-17.36.12:088][ 82]LogModuleManager: Shutting down and abandoning module WmfMediaEditor (478)
[2017.11.02-17.36.12:088][ 82]LogModuleManager: Shutting down and abandoning module AvfMediaFactory (476)
[2017.11.02-17.36.12:088][ 82]LogModuleManager: Shutting down and abandoning module AvfMediaEditor (474)
[2017.11.02-17.36.12:088][ 82]LogModuleManager: Shutting down and abandoning module AndroidMediaFactory (472)
[2017.11.02-17.36.12:088][ 82]LogModuleManager: Shutting down and abandoning module Media (471)
[2017.11.02-17.36.12:088][ 82]LogModuleManager: Shutting down and abandoning module AndroidMediaEditor (468)
[2017.11.02-17.36.12:088][ 82]LogModuleManager: Shutting down and abandoning module CharacterAI (466)
[2017.11.02-17.36.12:088][ 82]LogModuleManager: Shutting down and abandoning module AudioCapture (464)
[2017.11.02-17.36.12:088][ 82]LogModuleManager: Shutting down and abandoning module SequenceRecorder (463)
[2017.11.02-17.36.12:088][ 82]LogModuleManager: Shutting down and abandoning module SmartSnapping (460)
[2017.11.02-17.36.12:088][ 82]LogModuleManager: Shutting down and abandoning module SessionServices (458)
[2017.11.02-17.36.12:088][ 82]LogModuleManager: Shutting down and abandoning module ViewportSnapping (456)
[2017.11.02-17.36.12:088][ 82]LogModuleManager: Shutting down and abandoning module ViewportInteraction (454)
[2017.11.02-17.36.12:088][ 82]LogModuleManager: Shutting down and abandoning module ClothPainter (452)
[2017.11.02-17.36.12:088][ 82]LogModuleManager: Shutting down and abandoning module LogVisualizer (450)
[2017.11.02-17.36.12:089][ 82]LogModuleManager: Shutting down and abandoning module IntroTutorials (448)
[2017.11.02-17.36.12:089][ 82]LogModuleManager: Shutting down and abandoning module GameProjectGeneration (447)
[2017.11.02-17.36.12:089][ 82]LogModuleManager: Shutting down and abandoning module EditorLiveStreaming (444)
[2017.11.02-17.36.12:089][ 82]LogModuleManager: Shutting down and abandoning module IOSPlatformEditor (442)
[2017.11.02-17.36.12:089][ 82]LogModuleManager: Shutting down and abandoning module HTML5PlatformEditor (440)
[2017.11.02-17.36.12:089][ 82]LogModuleManager: Shutting down and abandoning module AndroidPlatformEditor (438)
[2017.11.02-17.36.12:089][ 82]LogModuleManager: Shutting down and abandoning module AndroidDeviceDetection (437)
[2017.11.02-17.36.12:379][ 82]LogModuleManager: Shutting down and abandoning module IOSRuntimeSettings (434)
[2017.11.02-17.36.12:379][ 82]LogModuleManager: Shutting down and abandoning module AndroidRuntimeSettings (432)
[2017.11.02-17.36.12:380][ 82]LogModuleManager: Shutting down and abandoning module InputBindingEditor (430)
[2017.11.02-17.36.12:380][ 82]LogModuleManager: Shutting down and abandoning module MergeActors (428)
[2017.11.02-17.36.12:380][ 82]LogModuleManager: Shutting down and abandoning module SizeMap (426)
[2017.11.02-17.36.12:380][ 82]LogModuleManager: Shutting down and abandoning module TreeMap (424)
[2017.11.02-17.36.12:380][ 82]LogModuleManager: Shutting down and abandoning module ReferenceViewer (422)
[2017.11.02-17.36.12:380][ 82]LogModuleManager: Shutting down and abandoning module LocalizationDashboard (420)
[2017.11.02-17.36.12:380][ 82]LogModuleManager: Shutting down and abandoning module LocalizationService (419)
[2017.11.02-17.36.12:380][ 82]LogModuleManager: Shutting down and abandoning module HardwareTargeting (416)
[2017.11.02-17.36.12:380][ 82]LogModuleManager: Shutting down and abandoning module DeviceProfileEditor (414)
[2017.11.02-17.36.12:380][ 82]LogModuleManager: Shutting down and abandoning module UndoHistory (412)
[2017.11.02-17.36.12:380][ 82]LogModuleManager: Shutting down and abandoning module UserFeedback (410)
[2017.11.02-17.36.12:380][ 82]LogModuleManager: Shutting down and abandoning module XmlParser (408)
[2017.11.02-17.36.12:380][ 82]LogModuleManager: Shutting down and abandoning module Blutility (406)
[2017.11.02-17.36.12:380][ 82]LogModuleManager: Shutting down and abandoning module ProjectSettingsViewer (404)
[2017.11.02-17.36.12:380][ 82]LogModuleManager: Shutting down and abandoning module ProjectTargetPlatformEditor (403)
[2017.11.02-17.36.12:380][ 82]LogModuleManager: Shutting down and abandoning module EditorSettingsViewer (400)
[2017.11.02-17.36.12:380][ 82]LogModuleManager: Shutting down and abandoning module SettingsEditor (398)
[2017.11.02-17.36.12:380][ 82]LogModuleManager: Shutting down and abandoning module ProjectLauncher (396)
[2017.11.02-17.36.12:380][ 82]LogModuleManager: Shutting down and abandoning module SessionFrontend (394)
[2017.11.02-17.36.12:380][ 82]LogModuleManager: Shutting down and abandoning module ProfilerClient (392)
[2017.11.02-17.36.12:380][ 82]LogModuleManager: Shutting down and abandoning module DeviceManager (390)
[2017.11.02-17.36.12:380][ 82]LogModuleManager: Shutting down and abandoning module TargetDeviceServices (389)
[2017.11.02-17.36.12:431][ 82]LogModuleManager: Shutting down and abandoning module AutomationController (386)
[2017.11.02-17.36.12:431][ 82]LogModuleManager: Shutting down and abandoning module AutomationWindow (384)
[2017.11.02-17.36.12:431][ 82]LogModuleManager: Shutting down and abandoning module Layers (382)
[2017.11.02-17.36.12:431][ 82]LogModuleManager: Shutting down and abandoning module ComponentVisualizers (380)
[2017.11.02-17.36.12:431][ 82]LogModuleManager: Shutting down and abandoning module DetailCustomizations (378)
[2017.11.02-17.36.12:431][ 82]LogModuleManager: Shutting down and abandoning module PackagesDialog (376)
[2017.11.02-17.36.12:431][ 82]LogModuleManager: Shutting down and abandoning module Persona (374)
[2017.11.02-17.36.12:431][ 82]LogModuleManager: Shutting down and abandoning module AdvancedPreviewScene (373)
[2017.11.02-17.36.12:431][ 82]LogModuleManager: Shutting down and abandoning module AnimGraph (371)
[2017.11.02-17.36.12:431][ 82]LogModuleManager: Shutting down and abandoning module Kismet (368)
[2017.11.02-17.36.12:446][ 82]LogModuleManager: Shutting down and abandoning module ClassViewer (366)
[2017.11.02-17.36.12:446][ 82]LogModuleManager: Shutting down and abandoning module Toolbox (364)
[2017.11.02-17.36.12:446][ 82]LogModuleManager: Shutting down and abandoning module ModuleUI (362)
[2017.11.02-17.36.12:446][ 82]LogModuleManager: Shutting down and abandoning module MovieSceneTools (360)
[2017.11.02-17.36.12:446][ 82]LogModuleManager: Shutting down and abandoning module OutputLog (358)
[2017.11.02-17.36.12:446][ 82]LogModuleManager: Shutting down and abandoning module GammaUI (356)
[2017.11.02-17.36.12:446][ 82]LogModuleManager: Shutting down and abandoning module Documentation (354)
[2017.11.02-17.36.12:446][ 82]LogModuleManager: Shutting down and abandoning module MovieSceneTracks (352)
[2017.11.02-17.36.12:446][ 82]LogModuleManager: Shutting down and abandoning module MovieScene (350)
[2017.11.02-17.36.12:446][ 82]LogModuleManager: Shutting down and abandoning module Niagara (348)
[2017.11.02-17.36.12:446][ 82]LogModuleManager: Shutting down and abandoning module NiagaraEditor (347)
[2017.11.02-17.36.12:446][ 82]LogModuleManager: Shutting down and abandoning module StreamingPauseRendering (344)
[2017.11.02-17.36.12:446][ 82]LogModuleManager: Shutting down and abandoning module AnalyticsET (342)
[2017.11.02-17.36.12:446][ 82]LogModuleManager: Shutting down and abandoning module PortalServices (340)
[2017.11.02-17.36.12:446][ 82]LogModuleManager: Shutting down and abandoning module PortalRpc (338)
[2017.11.02-17.36.12:446][ 82]LogModuleManager: Shutting down and abandoning module MessagingRpc (336)
[2017.11.02-17.36.12:446][ 82]LogModuleManager: Shutting down and abandoning module AIModule (334)
[2017.11.02-17.36.12:446][ 82]LogModuleManager: Shutting down and abandoning module GameplayDebugger (333)
[2017.11.02-17.36.12:446][ 82]LogModuleManager: Shutting down and abandoning module AITestSuite (331)
[2017.11.02-17.36.12:446][ 82]LogModuleManager: Shutting down and abandoning module ProfilerService (328)
[2017.11.02-17.36.12:687][ 82]LogModuleManager: Shutting down and abandoning module TaskGraph (326)
[2017.11.02-17.36.12:687][ 82]LogModuleManager: Shutting down and abandoning module SteamVRController (324)
[2017.11.02-17.36.12:687][ 82]LogModuleManager: Shutting down and abandoning module SteamVR (322)
[2017.11.02-17.36.12:687][ 82]LogModuleManager: Shutting down and abandoning module ProceduralMeshComponentEditor (320)
[2017.11.02-17.36.12:687][ 82]LogModuleManager: Shutting down and abandoning module ProceduralMeshComponent (318)
[2017.11.02-17.36.12:687][ 82]LogModuleManager: Shutting down and abandoning module OculusLibrary (316)
[2017.11.02-17.36.12:687][ 82]LogModuleManager: Shutting down and abandoning module OculusInput (314)
[2017.11.02-17.36.12:687][ 82]LogModuleManager: Shutting down and abandoning module MobilePatchingUtils (312)
[2017.11.02-17.36.12:687][ 82]LogModuleManager: Shutting down and abandoning module CustomMeshComponent (310)
[2017.11.02-17.36.12:687][ 82]LogModuleManager: Shutting down and abandoning module CableComponent (308)
[2017.11.02-17.36.12:687][ 82]LogModuleManager: Shutting down and abandoning module ArchVisCharacter (306)
[2017.11.02-17.36.12:687][ 82]LogModuleManager: Shutting down and abandoning module AndroidPermission (304)
[2017.11.02-17.36.12:687][ 82]LogModuleManager: Shutting down and abandoning module MediaPlayerEditor (300)
[2017.11.02-17.36.12:687][ 82]LogModuleManager: Shutting down and abandoning module HTML5Networking (298)
[2017.11.02-17.36.12:687][ 82]LogModuleManager: Shutting down and abandoning module AlembicImporter (296)
[2017.11.02-17.36.12:687][ 82]LogModuleManager: Shutting down and abandoning module AlembicLibrary (295)
[2017.11.02-17.36.12:687][ 82]LogModuleManager: Shutting down and abandoning module GeometryCache (294)
[2017.11.02-17.36.12:687][ 82]LogModuleManager: Shutting down and abandoning module GeometryCacheEd (293)
[2017.11.02-17.36.12:687][ 82]LogModuleManager: Shutting down and abandoning module SuperSearchEditor (288)
[2017.11.02-17.36.12:687][ 82]LogModuleManager: Shutting down and abandoning module SuperSearch (287)
[2017.11.02-17.36.12:687][ 82]LogModuleManager: Shutting down and abandoning module SpeedTreeImporter (284)
[2017.11.02-17.36.12:687][ 82]LogModuleManager: Shutting down and abandoning module PluginBrowser (282)
[2017.11.02-17.36.12:687][ 82]LogModuleManager: Shutting down and abandoning module MobileLauncherProfileWizard (280)
[2017.11.02-17.36.12:687][ 82]LogModuleManager: Shutting down and abandoning module VisualStudioSourceCodeAccess (278)
[2017.11.02-17.36.12:687][ 82]LogModuleManager: Shutting down and abandoning module DesktopPlatform (277)
[2017.11.02-17.36.12:687][ 82]LogModuleManager: Shutting down and abandoning module UObjectPlugin (274)
[2017.11.02-17.36.12:687][ 82]LogModuleManager: Shutting down and abandoning module SubversionSourceControl (272)
[2017.11.02-17.36.12:687][ 82]LogModuleManager: Shutting down and abandoning module PerforceSourceControl (270)
[2017.11.02-17.36.12:687][ 82]LogModuleManager: Shutting down and abandoning module GitSourceControl (268)
[2017.11.02-17.36.12:687][ 82]LogModuleManager: Shutting down and abandoning module SourceControl (267)
[2017.11.02-17.36.12:687][ 82]LogModuleManager: Shutting down and abandoning module LightPropagationVolumeEditor (264)
[2017.11.02-17.36.12:687][ 82]LogModuleManager: Shutting down and abandoning module PaperTiledImporter (262)
[2017.11.02-17.36.12:688][ 82]LogModuleManager: Shutting down and abandoning module PaperSpriteSheetImporter (260)
[2017.11.02-17.36.12:688][ 82]LogModuleManager: Shutting down and abandoning module Paper2DEditor (258)
[2017.11.02-17.36.12:688][ 82]LogModuleManager: Shutting down and abandoning module MeshPaint (257)
[2017.11.02-17.36.12:688][ 82]LogModuleManager: Shutting down and abandoning module LevelEditor (255)
[2017.11.02-17.36.12:689][ 82]LogModuleManager: Shutting down and abandoning module PixelInspectorModule (254)
[2017.11.02-17.36.12:689][ 82]LogModuleManager: Shutting down and abandoning module MainFrame (252)
[2017.11.02-17.36.12:689][ 82]LogModuleManager: Shutting down and abandoning module HotReload (251)
[2017.11.02-17.36.12:691][ 82]LogModuleManager: Shutting down and abandoning module PhysXVehiclesEditor (246)
[2017.11.02-17.36.12:691][ 82]LogModuleManager: Shutting down and abandoning module PhysXVehicles (244)
[2017.11.02-17.36.12:691][ 82]LogModuleManager: Shutting down and abandoning module LocationServicesBPLibrary (242)
[2017.11.02-17.36.12:691][ 82]LogModuleManager: Shutting down and abandoning module ImmediatePhysicsEditor (240)
[2017.11.02-17.36.12:691][ 82]LogModuleManager: Shutting down and abandoning module ImmediatePhysics (238)
[2017.11.02-17.36.12:691][ 82]LogModuleManager: Shutting down and abandoning module UdpMessaging (236)
[2017.11.02-17.36.12:791][ 82]LogModuleManager: Shutting down and abandoning module TcpMessaging (234)
[2017.11.02-17.36.12:891][ 82]LogModuleManager: Shutting down and abandoning module GameplayTagsEditor (232)
[2017.11.02-17.36.12:891][ 82]LogModuleManager: Shutting down and abandoning module FacialAnimationEditor (230)
[2017.11.02-17.36.12:891][ 82]LogModuleManager: Shutting down and abandoning module FacialAnimation (228)
[2017.11.02-17.36.12:891][ 82]LogModuleManager: Shutting down and abandoning module AssetManagerEditor (226)
[2017.11.02-17.36.12:891][ 82]LogModuleManager: Shutting down and abandoning module GraphEditor (225)
[2017.11.02-17.36.12:891][ 82]LogModuleManager: Shutting down and abandoning module ContentBrowser (223)
[2017.11.02-17.36.12:893][ 82]LogModuleManager: Shutting down and abandoning module LightPropagationVolumeRuntime (220)
[2017.11.02-17.36.12:893][ 82]LogModuleManager: Shutting down and abandoning module Paper2D (218)
[2017.11.02-17.36.12:893][ 82]LogModuleManager: Shutting down and abandoning module WindowsMoviePlayer (216)
[2017.11.02-17.36.12:893][ 82]LogModuleManager: Shutting down and abandoning module WmfMedia (214)
[2017.11.02-17.36.12:893][ 82]LogModuleManager: Shutting down and abandoning module ClothingSystemEditor (212)
[2017.11.02-17.36.12:893][ 82]LogModuleManager: Shutting down and abandoning module ClothingSystemRuntime (210)
[2017.11.02-17.36.12:895][ 82]LogModuleManager: Shutting down and abandoning module MediaAssets (208)
[2017.11.02-17.36.12:895][ 82]LogModuleManager: Shutting down and abandoning module GameLiveStreaming (206)
[2017.11.02-17.36.12:895][ 82]LogModuleManager: Shutting down and abandoning module VREditor (204)
[2017.11.02-17.36.12:895][ 82]LogModuleManager: Shutting down and abandoning module StringTableEditor (202)
[2017.11.02-17.36.12:895][ 82]LogModuleManager: Shutting down and abandoning module GameplayTasksEditor (200)
[2017.11.02-17.36.12:895][ 82]LogModuleManager: Shutting down and abandoning module BehaviorTreeEditor (198)
[2017.11.02-17.36.12:895][ 82]LogModuleManager: Shutting down and abandoning module FunctionalTesting (196)
[2017.11.02-17.36.12:895][ 82]LogModuleManager: Shutting down and abandoning module CollisionAnalyzer (194)
[2017.11.02-17.36.12:895][ 82]LogModuleManager: Shutting down and abandoning module UMG (192)
[2017.11.02-17.36.12:895][ 82]LogModuleManager: Shutting down and abandoning module UMGEditor (191)
[2017.11.02-17.36.12:895][ 82]LogModuleManager: Shutting down and abandoning module Sequencer (190)
[2017.11.02-17.36.12:895][ 82]LogModuleManager: Shutting down and abandoning module AssetTools (188)
[2017.11.02-17.36.12:895][ 82]LogModuleManager: Shutting down and abandoning module MessageLog (187)
[2017.11.02-17.36.12:896][ 82]LogModuleManager: Shutting down and abandoning module WorkspaceMenuStructure (186)
[2017.11.02-17.36.12:896][ 82]LogModuleManager: Shutting down and abandoning module SlateReflector (180)
[2017.11.02-17.36.12:896][ 82]LogModuleManager: Shutting down and abandoning module Slate (178)
[2017.11.02-17.36.12:896][ 82]LogModuleManager: Shutting down and abandoning module EditorStyle (176)
[2017.11.02-17.36.12:901][ 82]LogModuleManager: Shutting down and abandoning module SourceCodeAccess (174)
[2017.11.02-17.36.12:901][ 82]LogModuleManager: Shutting down and abandoning module HeadMountedDisplay (172)
[2017.11.02-17.36.12:901][ 82]LogModuleManager: Shutting down and abandoning module XAudio2 (170)
[2017.11.02-17.36.12:901][ 82]LogModuleManager: Shutting down and abandoning module Networking (168)
[2017.11.02-17.36.12:901][ 82]LogModuleManager: Shutting down and abandoning module Core (164)
[2017.11.02-17.36.12:901][ 82]LogModuleManager: Shutting down and abandoning module AssetRegistry (162)
[2017.11.02-17.36.13:151][ 82]LogDirectoryWatcher: A directory notification for '../../../Engine/Content/' was aborted.
[2017.11.02-17.36.13:151][ 82]LogDirectoryWatcher: A directory notification for 'D:/iStepable/ProjectBossFight/ProjectBossFight/Content/' was aborted.
[2017.11.02-17.36.13:151][ 82]LogDirectoryWatcher: A directory notification for '../../../Engine/Plugins/2D/Paper2D/Content/' was aborted.
[2017.11.02-17.36.13:151][ 82]LogDirectoryWatcher: A directory notification for '../../../Engine/Plugins/Runtime/GearVR/Content/' was aborted.
[2017.11.02-17.36.13:157][ 82]LogModuleManager: Shutting down and abandoning module DirectoryWatcher (161)
[2017.11.02-17.36.13:157][ 82]LogModuleManager: Shutting down and abandoning module KismetCompiler (158)
[2017.11.02-17.36.13:157][ 82]LogModuleManager: Shutting down and abandoning module PhysXFormats (156)
[2017.11.02-17.36.13:157][ 82]LogModuleManager: Shutting down and abandoning module MeshUtilities (154)
[2017.11.02-17.36.13:157][ 82]LogModuleManager: Shutting down and abandoning module SimplygonSwarm (153)
[2017.11.02-17.36.13:157][ 82]LogModuleManager: Shutting down and abandoning module SimplygonMeshReduction (151)
[2017.11.02-17.36.13:157][ 82]LogModuleManager: Shutting down and abandoning module QuadricMeshReduction (149)
[2017.11.02-17.36.13:158][ 82]LogModuleManager: Shutting down and abandoning module LevelSequence (146)
[2017.11.02-17.36.13:158][ 82]LogModuleManager: Shutting down and abandoning module DerivedDataCache (144)
[2017.11.02-17.36.13:167][ 82]LogDerivedDataCache: Shutdown
[2017.11.02-17.36.13:168][ 82]LogModuleManager: Shutting down and abandoning module TargetPlatform (142)
[2017.11.02-17.36.13:168][ 82]LogModuleManager: Shutting down and abandoning module VulkanShaderFormat (141)
[2017.11.02-17.36.13:168][ 82]LogModuleManager: Shutting down and abandoning module ShaderFormatVectorVM (139)
[2017.11.02-17.36.13:168][ 82]LogModuleManager: Shutting down and abandoning module ShaderFormatOpenGL (137)
[2017.11.02-17.36.13:168][ 82]LogModuleManager: Shutting down and abandoning module ShaderFormatD3D (135)
[2017.11.02-17.36.13:168][ 82]LogModuleManager: Shutting down and abandoning module MetalShaderFormat (133)
[2017.11.02-17.36.13:168][ 82]LogModuleManager: Shutting down and abandoning module TextureFormatUncompressed (131)
[2017.11.02-17.36.13:168][ 82]LogModuleManager: Shutting down and abandoning module TextureFormatPVR (129)
[2017.11.02-17.36.13:168][ 82]LogModuleManager: Shutting down and abandoning module TextureFormatDXT (127)
[2017.11.02-17.36.13:168][ 82]LogModuleManager: Shutting down and abandoning module TextureFormatIntelISPCTexComp (125)
[2017.11.02-17.36.13:168][ 82]LogModuleManager: Shutting down and abandoning module TextureFormatASTC (123)
[2017.11.02-17.36.13:168][ 82]LogModuleManager: Shutting down and abandoning module ImageWrapper (122)
[2017.11.02-17.36.13:168][ 82]LogModuleManager: Shutting down and abandoning module TextureFormatAndroid (119)
[2017.11.02-17.36.13:168][ 82]LogModuleManager: Shutting down and abandoning module AudioFormatOpus (117)
[2017.11.02-17.36.13:168][ 82]LogModuleManager: Shutting down and abandoning module AudioFormatOgg (115)
[2017.11.02-17.36.13:168][ 82]LogModuleManager: Shutting down and abandoning module AudioFormatADPCM (113)
[2017.11.02-17.36.13:168][ 82]LogModuleManager: Shutting down and abandoning module LinuxTargetPlatform (111)
[2017.11.02-17.36.13:168][ 82]LogModuleManager: Shutting down and abandoning module LinuxServerTargetPlatform (109)
[2017.11.02-17.36.13:168][ 82]LogModuleManager: Shutting down and abandoning module LinuxNoEditorTargetPlatform (107)
[2017.11.02-17.36.13:168][ 82]LogModuleManager: Shutting down and abandoning module LinuxClientTargetPlatform (105)
[2017.11.02-17.36.13:168][ 82]LogModuleManager: Shutting down and abandoning module TVOSTargetPlatform (103)
[2017.11.02-17.36.13:168][ 82]LogModuleManager: Shutting down and abandoning module Messaging (101)
[2017.11.02-17.36.13:168][ 82]LogModuleManager: Shutting down and abandoning module IOSTargetPlatform (99)
[2017.11.02-17.36.13:168][ 82]LogModuleManager: Shutting down and abandoning module HTML5TargetPlatform (97)
[2017.11.02-17.36.13:168][ 82]LogModuleManager: Shutting down and abandoning module Android_PVRTCTargetPlatform (95)
[2017.11.02-17.36.13:168][ 82]LogModuleManager: Shutting down and abandoning module Android_MultiTargetPlatform (93)
[2017.11.02-17.36.13:168][ 82]LogModuleManager: Shutting down and abandoning module Android_ETC2TargetPlatform (91)
[2017.11.02-17.36.13:168][ 82]LogModuleManager: Shutting down and abandoning module Android_ETC1TargetPlatform (89)
[2017.11.02-17.36.13:168][ 82]LogModuleManager: Shutting down and abandoning module Android_DXTTargetPlatform (87)
[2017.11.02-17.36.13:168][ 82]LogModuleManager: Shutting down and abandoning module Android_ATCTargetPlatform (85)
[2017.11.02-17.36.13:168][ 82]LogModuleManager: Shutting down and abandoning module Android_ASTCTargetPlatform (83)
[2017.11.02-17.36.13:168][ 82]LogModuleManager: Shutting down and abandoning module AndroidTargetPlatform (81)
[2017.11.02-17.36.13:168][ 82]LogModuleManager: Shutting down and abandoning module WindowsTargetPlatform (79)
[2017.11.02-17.36.13:168][ 82]LogModuleManager: Shutting down and abandoning module WindowsServerTargetPlatform (77)
[2017.11.02-17.36.13:168][ 82]LogModuleManager: Shutting down and abandoning module WindowsNoEditorTargetPlatform (75)
[2017.11.02-17.36.13:168][ 82]LogModuleManager: Shutting down and abandoning module WindowsClientTargetPlatform (73)
[2017.11.02-17.36.13:168][ 82]LogModuleManager: Shutting down and abandoning module MacTargetPlatform (71)
[2017.11.02-17.36.13:168][ 82]LogModuleManager: Shutting down and abandoning module MacServerTargetPlatform (69)
[2017.11.02-17.36.13:168][ 82]LogModuleManager: Shutting down and abandoning module MacNoEditorTargetPlatform (67)
[2017.11.02-17.36.13:169][ 82]LogModuleManager: Shutting down and abandoning module MacClientTargetPlatform (65)
[2017.11.02-17.36.13:169][ 82]LogModuleManager: Shutting down and abandoning module AllDesktopTargetPlatform (63)
[2017.11.02-17.36.13:169][ 82]LogModuleManager: Shutting down and abandoning module InputCore (60)
[2017.11.02-17.36.13:169][ 82]LogModuleManager: Shutting down and abandoning module Settings (58)
[2017.11.02-17.36.13:169][ 82]LogModuleManager: Shutting down and abandoning module OculusRift (56)
[2017.11.02-17.36.13:169][ 82]LogModuleManager: Shutting down and abandoning module GearVRController (54)
[2017.11.02-17.36.13:169][ 82]LogModuleManager: Shutting down and abandoning module GearVR (52)
[2017.11.02-17.36.13:169][ 82]LogModuleManager: Shutting down and abandoning module ExampleDeviceProfileSelector (50)
[2017.11.02-17.36.13:169][ 82]LogModuleManager: Shutting down and abandoning module OnlineBlueprintSupport (48)
[2017.11.02-17.36.13:169][ 82]LogModuleManager: Shutting down and abandoning module OnlineSubsystem (44)
[2017.11.02-17.36.13:169][ 82]LogOnline:Display: Unloading online subsystem: NULL
[2017.11.02-17.36.13:169][ 82]LogModuleManager: Shutting down and abandoning module XMPP (43)
[2017.11.02-17.36.13:169][ 82]LogModuleManager: Shutting down and abandoning module HTTP (41)
[2017.11.02-17.36.13:169][ 82]LogHttp:Display: Http module shutting down, but needs to wait on 1 outstanding Http requests:
[2017.11.02-17.36.13:169][ 82]LogHttp:Display: 	verb=[POST] url=[https://datarouter.ol.epicgames.com/datarouter/api/v1/public/data?SessionID=%7BA4FED22E-4749-7945-E8E9-1DA04A92C31C%7D&AppID=UEEditor.Rocket.Release&AppVersion=4.16.1-3466753%2B%2B%2BUE4%2BRelease-4.16&UserID=1151f1be43a692b902ed169b396b4e98%7Ce67724c06ae34bcab9b8bfae92f27281%7C0d795e83-8b02-4b75-a048-1a5d25071ed2&AppEnvironment=datacollector-binary&UploadType=eteventstream] status=Processing
[2017.11.02-17.36.13:186][ 82]LogModuleManager: Shutting down and abandoning module SSL (40)
[2017.11.02-17.36.13:188][ 82]LogModuleManager: Shutting down and abandoning module HTTPChunkInstaller (36)
[2017.11.02-17.36.13:188][ 82]LogModuleManager: Shutting down and abandoning module AnimationModifiers (34)
[2017.11.02-17.36.13:188][ 82]LogModuleManager: Shutting down and abandoning module PropertyEditor (33)
[2017.11.02-17.36.13:188][ 82]LogModuleManager: Shutting down and abandoning module AudioEditor (30)
[2017.11.02-17.36.13:188][ 82]LogModuleManager: Shutting down and abandoning module TextureCompressor (28)
[2017.11.02-17.36.13:188][ 82]LogModuleManager: Shutting down and abandoning module ShaderCore (26)
[2017.11.02-17.36.13:188][ 82]LogModuleManager: Shutting down and abandoning module Landscape (24)
[2017.11.02-17.36.13:188][ 82]LogModuleManager: Shutting down and abandoning module SlateRHIRenderer (22)
[2017.11.02-17.36.13:190][ 82]LogModuleManager: Shutting down and abandoning module OpenGLDrv (20)
[2017.11.02-17.36.13:190][ 82]LogModuleManager: Shutting down and abandoning module D3D11RHI (18)
[2017.11.02-17.36.13:190][ 82]LogModuleManager: Shutting down and abandoning module AnimGraphRuntime (16)
[2017.11.02-17.36.13:190][ 82]LogModuleManager: Shutting down and abandoning module Renderer (14)
[2017.11.02-17.36.13:190][ 82]LogModuleManager: Shutting down and abandoning module Engine (12)
[2017.11.02-17.36.13:190][ 82]LogModuleManager: Shutting down and abandoning module CoreUObject (10)
[2017.11.02-17.36.13:190][ 82]LogModuleManager: Shutting down and abandoning module NetworkFile (8)
[2017.11.02-17.36.13:190][ 82]LogModuleManager: Shutting down and abandoning module StreamingFile (6)
[2017.11.02-17.36.13:190][ 82]LogModuleManager: Shutting down and abandoning module SandboxFile (4)
[2017.11.02-17.36.13:190][ 82]LogModuleManager: Shutting down and abandoning module PakFile (2)
[2017.11.02-17.36.13:195][ 82]LogExit: Exiting.
[2017.11.02-17.36.13:221][ 82]Log file closed, 11/02/17 12:36:13
