Log file open, 09/22/17 10:31:46
LogInit:Display: Running engine for game: ProjectBossFight
LogPlatformFile: Not using cached read wrapper
LogInit:Display: RandInit(-247635704) SRandInit(-247635704).
LogTaskGraph: Started task graph with 5 named threads and 10 total threads with 1 sets of task threads.
LogStats: Stats thread started at 0.113512
LogInit: Using libcurl 7.47.1
LogInit:  - built for x86_64-pc-win32
LogInit:  - supports SSL with OpenSSL/1.0.2g
LogInit:  - supports HTTP deflate (compression) using libz 1.2.8
LogInit:  - other features:
LogInit:      CURL_VERSION_SSL
LogInit:      CURL_VERSION_LIBZ
LogInit:      CURL_VERSION_IPV6
LogInit:      CURL_VERSION_ASYNCHDNS
LogInit:      CURL_VERSION_LARGEFILE
LogInit:      CURL_VERSION_IDN
LogInit:  CurlRequestOptions (configurable via config and command line):
LogInit:  - bVerifyPeer = false  - Libcurl will NOT verify peer certificate
LogInit:  - bUseHttpProxy = false  - Libcurl will NOT use HTTP proxy
LogInit:  - bDontReuseConnections = false  - Libcurl will reuse connections
LogInit:  - CertBundlePath = nullptr  - Libcurl will use whatever was configured at build time.
LogInit: Build: ++UE4+Release-4.16-CL-3466753
LogInit: Engine Version: 4.16.1-3466753+++UE4+Release-4.16
LogInit: Compatible Engine Version: 4.16.0-3452394+++UE4+Release-4.16
LogInit: Net CL: 3452394
LogDevObjectVersion: Number of dev versions registered: 16
LogDevObjectVersion:   Dev-Blueprints (B0D832E4-1F89-4F0D-ACCF-7EB736FD4AA2): 9
LogDevObjectVersion:   Dev-Build (E1C64328-A22C-4D53-A36C-8E866417BD8C): 0
LogDevObjectVersion:   Dev-Core (375EC13C-06E4-48FB-B500-84F0262A717E): 2
LogDevObjectVersion:   Dev-Editor (E4B068ED-F494-42E9-A231-DA0B2E46BB41): 17
LogDevObjectVersion:   Dev-Framework (CFFC743F-43B0-4480-9391-14DF171D2073): 23
LogDevObjectVersion:   Dev-Mobile (B02B49B5-BB20-44E9-A304-32B752E40360): 0
LogDevObjectVersion:   Dev-Networking (A4E4105C-59A1-49B5-A7C5-40C4547EDFEE): 0
LogDevObjectVersion:   Dev-Online (39C831C9-5AE6-47DC-9A44-9C173E1C8E7C): 0
LogDevObjectVersion:   Dev-Physics (78F01B33-EBEA-4F98-B9B4-84EACCB95AA2): 0
LogDevObjectVersion:   Dev-Platform (6631380F-2D4D-43E0-8009-CF276956A95A): 0
LogDevObjectVersion:   Dev-Rendering (12F88B9F-8875-4AFC-A67C-D90C383ABD29): 15
LogDevObjectVersion:   Dev-Sequencer (7B5AE74C-D270-4C10-A958-57980B212A5A): 4
LogDevObjectVersion:   Dev-VR (D7296918-1DD6-4BDD-9DE2-64A83CC13884): 0
LogDevObjectVersion:   Dev-LoadTimes (C2A15278-BFE7-4AFE-6C17-90FF531DF755): 1
LogDevObjectVersion:   Private-Geometry (6EACA3D4-40EC-4CC1-B786-8BED09428FC5): 1
LogDevObjectVersion:   Dev-AnimPhys (29E575DD-E0A3-4627-9D10-D276232CDCEA): 3
LogInit: Compiled (64-bit): May 31 2017 02:03:30
LogInit: Compiled with Visual C++: 19.00.24215.01
LogInit: Build Configuration: Development
LogInit: Branch Name: ++UE4+Release-4.16
LogInit: Command line:  
LogInit: Base directory: C:/Program Files/Epic Games/UE_4.16/Engine/Binaries/Win64/
LogInit: Installed Engine Build: 1
LogInit: Presizing for max 8388607 objects, including 0 objects not considered by GC, pre-allocating 0 bytes for permanent pool.
LogInit: Object subsystem initialized
[2017.09.22-15.31.46:984][  0]LogInit: Selected Device Profile: [Windows]
[2017.09.22-15.31.46:984][  0]LogInit: Applying CVar settings loaded from the selected device profile: [Windows]
[2017.09.22-15.31.47:008][  0]LogInit: Computer: T250-12
[2017.09.22-15.31.47:008][  0]LogInit: User: student
[2017.09.22-15.31.47:008][  0]LogInit: CPU Page size=4096, Cores=6
[2017.09.22-15.31.47:008][  0]LogInit: High frequency timer resolution =3.312685 MHz
[2017.09.22-15.31.47:009][  0]LogMemory: Memory total: Physical=23.9GB (24GB approx)
[2017.09.22-15.31.47:009][  0]LogMemory: Platform Memory Stats for Windows
[2017.09.22-15.31.47:009][  0]LogMemory: Process Physical Memory: 277.08 MB used, 277.08 MB peak
[2017.09.22-15.31.47:009][  0]LogMemory: Process Virtual Memory: 271.11 MB used, 271.11 MB peak
[2017.09.22-15.31.47:009][  0]LogMemory: Physical Memory: 5345.50 MB used,  19120.51 MB free, 24466.01 MB total
[2017.09.22-15.31.47:009][  0]LogMemory: Virtual Memory: 631.18 MB used,  19120.51 MB free, 8388608.00 MB total
[2017.09.22-15.31.47:098][  0]LogInit: Using OS detected language (en-US).
[2017.09.22-15.31.47:098][  0]LogInit: Using OS detected locale (en-US).
[2017.09.22-15.31.47:103][  0]LogTextLocalizationManager: No specific localization for 'en-US' exists, so the 'en' localization will be used.
[2017.09.22-15.31.48:096][  0]LogD3D11RHI: D3D11 adapters:
[2017.09.22-15.31.48:134][  0]LogD3D11RHI:    0. 'NVIDIA GeForce GTX 1070' (Feature Level 11_0)
[2017.09.22-15.31.48:134][  0]LogD3D11RHI:       8085/0/11977 MB DedicatedVideo/DedicatedSystem/SharedSystem, Outputs:1, VendorId:0x10de
[2017.09.22-15.31.48:134][  0]LogD3D11RHI: Chosen D3D11 Adapter: 0
[2017.09.22-15.31.48:139][  0]LogD3D11RHI: Creating new Direct3DDevice
[2017.09.22-15.31.48:139][  0]LogD3D11RHI:     GPU DeviceId: 0x1b81 (for the marketing name, search the web for "GPU Device Id")
[2017.09.22-15.31.48:139][  0]LogWindows: EnumDisplayDevices:
[2017.09.22-15.31.48:140][  0]LogWindows:    0. 'NVIDIA GeForce GTX 1070' (P:1 D:1)
[2017.09.22-15.31.48:140][  0]LogWindows:    1. 'NVIDIA GeForce GTX 1070' (P:0 D:0)
[2017.09.22-15.31.48:140][  0]LogWindows:    2. 'NVIDIA GeForce GTX 1070' (P:0 D:0)
[2017.09.22-15.31.48:140][  0]LogWindows:    3. 'NVIDIA GeForce GTX 1070' (P:0 D:0)
[2017.09.22-15.31.48:140][  0]LogWindows:    4. 'RDPDD Chained DD' (P:0 D:0)
[2017.09.22-15.31.48:140][  0]LogWindows:    5. 'RDP Encoder Mirror Driver' (P:0 D:0)
[2017.09.22-15.31.48:140][  0]LogWindows:    6. 'RDP Reflector Display Driver' (P:0 D:0)
[2017.09.22-15.31.48:140][  0]LogWindows: DebugString: GetVideoDriverDetailsInvalid PrimaryIsNotTheChoosenAdapter GetVideoDriverDetailsInvalid PrimaryIsNotTheChoosenAdapter GetVideoDriverDetailsInvalid PrimaryIsNotTheChoosenAdapter FoundDriverCount:4 
[2017.09.22-15.31.48:140][  0]LogD3D11RHI:     Adapter Name: NVIDIA GeForce GTX 1070
[2017.09.22-15.31.48:140][  0]LogD3D11RHI:   Driver Version: 382.33 (internal:22.21.13.8233, unified:382.33)
[2017.09.22-15.31.48:140][  0]LogD3D11RHI:      Driver Date: 5-17-2017
[2017.09.22-15.31.48:140][  0]LogRHI: Texture pool is 1361 MB (70% of 1945 MB)
[2017.09.22-15.31.48:153][  0]LogD3D11RHI: Async texture creation enabled
[2017.09.22-15.31.48:167][  0]LogD3D11RHI: GPU Timing Frequency: 1000.000000 (Debug: 2 2)
[2017.09.22-15.31.48:215][  0]LogShaderCompilers: Guid format shader working directory is -9 characters bigger than the processId version (D:/iStepable/ProjectDev/ProjectBossFight/ProjectBossFight/Intermediate/Shaders/WorkingDirectory/4320/).
[2017.09.22-15.31.48:215][  0]LogShaderCompilers: Cleaned the shader compiler working directory 'C:/Users/student/AppData/Local/Temp/UnrealShaderWorkingDir/AD90BDBA4BA3405AE561DCB8E62047DC/'.
[2017.09.22-15.31.48:215][  0]LogShaderCompilers:Display: Using Local Shader Compiler.
[2017.09.22-15.31.49:392][  0]LogTemp:Display: Loaded TP AllDesktopTargetPlatform
[2017.09.22-15.31.49:430][  0]LogTemp:Display: Loaded TP MacClientTargetPlatform
[2017.09.22-15.31.49:468][  0]LogTemp:Display: Loaded TP MacNoEditorTargetPlatform
[2017.09.22-15.31.49:506][  0]LogTemp:Display: Loaded TP MacServerTargetPlatform
[2017.09.22-15.31.49:546][  0]LogTemp:Display: Loaded TP MacTargetPlatform
[2017.09.22-15.31.49:617][  0]LogTemp:Display: Loaded TP WindowsClientTargetPlatform
[2017.09.22-15.31.49:722][  0]LogTemp:Display: Loaded TP WindowsNoEditorTargetPlatform
[2017.09.22-15.31.49:786][  0]LogTemp:Display: Loaded TP WindowsServerTargetPlatform
[2017.09.22-15.31.49:830][  0]LogTemp:Display: Loaded TP WindowsTargetPlatform
[2017.09.22-15.31.49:879][  0]LogTemp:Display: Loaded TP AndroidTargetPlatform
[2017.09.22-15.31.49:937][  0]LogTemp:Display: Loaded TP Android_ASTCTargetPlatform
[2017.09.22-15.31.49:988][  0]LogTemp:Display: Loaded TP Android_ATCTargetPlatform
[2017.09.22-15.31.50:043][  0]LogTemp:Display: Loaded TP Android_DXTTargetPlatform
[2017.09.22-15.31.50:082][  0]LogTemp:Display: Loaded TP Android_ETC1TargetPlatform
[2017.09.22-15.31.50:124][  0]LogTemp:Display: Loaded TP Android_ETC2TargetPlatform
[2017.09.22-15.31.50:201][  0]LogTemp:Display: Loaded TP Android_MultiTargetPlatform
[2017.09.22-15.31.50:201][  0]LogTemp:Display: Loaded TP Android_PVRTCTargetPlatform
[2017.09.22-15.31.50:231][  0]LogTemp:Display: Loaded TP HTML5TargetPlatform
[2017.09.22-15.31.50:305][  0]LogTemp:Display: Loaded TP IOSTargetPlatform
[2017.09.22-15.31.50:328][  0]LogTemp:Display: Loaded TP TVOSTargetPlatform
[2017.09.22-15.31.50:405][  0]LogTemp:Display: Loaded TP LinuxClientTargetPlatform
[2017.09.22-15.31.50:469][  0]LogTemp:Display: Loaded TP LinuxNoEditorTargetPlatform
[2017.09.22-15.31.50:522][  0]LogTemp:Display: Loaded TP LinuxServerTargetPlatform
[2017.09.22-15.31.50:566][  0]LogTemp:Display: Loaded TP LinuxTargetPlatform
[2017.09.22-15.31.50:566][  0]LogTargetPlatformManager:Display: Building Assets For Windows
[2017.09.22-15.31.51:006][  0]LogDerivedDataCache:Display: Max Cache Size: 512 MB
[2017.09.22-15.31.51:136][  0]LogDerivedDataCache: Loaded boot cache 0.13s 90MB C:/Users/student/AppData/Local/UnrealEngine/4.16/DerivedDataCache/Boot.ddc.
[2017.09.22-15.31.51:136][  0]LogDerivedDataCache:Display: Loaded Boot cache: C:/Users/student/AppData/Local/UnrealEngine/4.16/DerivedDataCache/Boot.ddc
[2017.09.22-15.31.51:136][  0]LogDerivedDataCache: FDerivedDataBackendGraph:  Pak pak cache file D:/iStepable/ProjectDev/ProjectBossFight/ProjectBossFight/DerivedDataCache/DDC.ddp not found, will not use a pak cache.
[2017.09.22-15.31.51:136][  0]LogDerivedDataCache: Unable to find inner node Pak for hierarchical cache Hierarchy.
[2017.09.22-15.31.51:136][  0]LogDerivedDataCache: FDerivedDataBackendGraph:  CompressedPak pak cache file D:/iStepable/ProjectDev/ProjectBossFight/ProjectBossFight/DerivedDataCache/Compressed.ddp not found, will not use a pak cache.
[2017.09.22-15.31.51:136][  0]LogDerivedDataCache: Unable to find inner node CompressedPak for hierarchical cache Hierarchy.
[2017.09.22-15.31.51:152][  0]LogDerivedDataCache:Display: Pak cache opened for reading ../../../Engine/DerivedDataCache/Compressed.ddp.
[2017.09.22-15.31.51:163][  0]LogDerivedDataCache: Using Local data cache path C:/Users/student/AppData/Local/UnrealEngine/Common/DerivedDataCache: Writable
[2017.09.22-15.31.51:176][  0]LogMaterial: Verifying Global Shaders for PCD3D_SM5
[2017.09.22-15.31.51:176][  0]LogSlate: Using Freetype 2.6.0
[2017.09.22-15.31.51:176][  0]LogSlate: SlateFontCache - WITH_FREETYPE: 1, WITH_HARFBUZZ: 1
[2017.09.22-15.31.51:176][  0]LogSlate: SlateFontCache - WITH_FREETYPE: 1, WITH_HARFBUZZ: 1
[2017.09.22-15.31.51:539][  0]LogInit: Selected Device Profile: [Windows]
[2017.09.22-15.31.51:543][  0]LogContentStreaming: Texture pool size is 0.00 MB
[2017.09.22-15.31.51:800][  0]LogMeshUtilities: Using QuadricMeshReduction for automatic static mesh reduction
[2017.09.22-15.31.51:835][  0]LogSimplygon: Simplygon DLL not present - disabling.
[2017.09.22-15.31.51:870][  0]LogMeshUtilities: Using SimplygonSwarm for distributed automatic mesh merging
[2017.09.22-15.31.51:870][  0]LogMeshUtilities: No automatic skeletal mesh reduction module available
[2017.09.22-15.31.51:870][  0]LogMeshUtilities: No automatic mesh merging module available
[2017.09.22-15.31.52:515][  0]LogNetVersion: ProjectBossFight , NetCL: 3452394, EngineNetVer: 2, GameNetVer: 0 (Checksum: 351899695)
[2017.09.22-15.31.52:582][  0]LogAssetRegistry: FAssetRegistry took 0.0254 seconds to start up
[2017.09.22-15.31.52:623][  0]LogPackageLocalizationCache: Processed 4 localized package path(s) for 2 prioritized culture(s) in 0.024041 seconds
[2017.09.22-15.31.52:628][  0]LogUObjectArray: 34194 objects as part of root set at end of initial load.
[2017.09.22-15.31.52:628][  0]LogUObjectAllocator: 7260424 out of 0 bytes used by permanent object pool.
[2017.09.22-15.31.52:628][  0]LogUObjectArray: CloseDisregardForGC: 0/0 objects in disregard for GC pool
[2017.09.22-15.31.52:679][  0]LogInit: WinSock: version 1.1 (2.2), MaxSocks=32767, MaxUdp=65467
[2017.09.22-15.31.55:025][  0]LogTcpMessaging: Initializing TcpMessaging bridge
[2017.09.22-15.31.55:059][  0]LogUdpMessaging: Initializing bridge on interface 0.0.0.0:0 to multicast group 230.0.0.1:6666.
[2017.09.22-15.31.55:598][  0]LogMaterial: Uniform references updated for custom material expression Custom.
[2017.09.22-15.31.56:002][  0]SourceControl: Info Source control is disabled
[2017.09.22-15.31.56:002][  0]SourceControl: Info Source control is disabled
[2017.09.22-15.31.56:057][  0]SourceControl: Info Source control is disabled
[2017.09.22-15.31.56:091][  0]SourceControl: Info Source control is disabled
[2017.09.22-15.31.56:663][  0]LogAndroidPermission: UAndroidPermissionCallbackProxy::GetInstance
[2017.09.22-15.31.57:255][  0]LogEngine: Initializing Engine...
[2017.09.22-15.31.57:256][  0]LogHMD: Failed to initialize OpenVR with code 110
[2017.09.22-15.31.57:654][  0]LogStats: UGameplayTagsManager::ConstructGameplayTagTree: Construct from data asset -  0.000 s
[2017.09.22-15.31.57:654][  0]LogStats: UGameplayTagsManager::ConstructGameplayTagTree: GameplayTagTreeChangedEvent.Broadcast -  0.000 s
[2017.09.22-15.31.57:797][  0]LogAIModule: Creating AISystem for world Untitled
[2017.09.22-15.31.57:812][  0]LogInit: XAudio2 using 'Speakers (Sound Blaster Recon3Di)' : 2 channels at 48 kHz using 32 bits per sample (channel mask 0x3)
[2017.09.22-15.31.57:841][  0]LogInit: FAudioDevice initialized.
[2017.09.22-15.31.57:899][  0]LogDerivedDataCache: Saved boot cache 0.06s 90MB C:/Users/student/AppData/Local/UnrealEngine/4.16/DerivedDataCache/Boot.ddc.
[2017.09.22-15.31.57:918][  0]LogInit: Texture streaming: Enabled
[2017.09.22-15.31.58:002][  0]LogEngineSessionManager: EngineSessionManager initialized
[2017.09.22-15.31.58:288][  0]LogInit: Transaction tracking system initialized
[2017.09.22-15.31.58:684][  0]BlueprintLog: New page: Editor Load
[2017.09.22-15.31.59:514][  0]LocalizationService: Info Localization service is disabled
[2017.09.22-15.32.00:163][  0]LogConsoleResponse:Display: 
[2017.09.22-15.32.00:345][  0]LogCook:Display: Max memory allowance for cook 16384mb min free memory 0mb
[2017.09.22-15.32.00:345][  0]LogCook:Display: Mobile HDR setting 1
[2017.09.22-15.32.00:471][  0]LogFileCache: Scanning file cache for directory 'D:/iStepable/ProjectDev/ProjectBossFight/ProjectBossFight/Content/' took 0.01s
[2017.09.22-15.32.01:350][  0]SourceControl: Info Source control is disabled
[2017.09.22-15.32.01:350][  0]Cmd: MAP LOAD FILE="D:/iStepable/ProjectDev/ProjectBossFight/ProjectBossFight/Content/ThirdPersonBP/Maps/ThirdPersonExampleMap.umap" TEMPLATE=0 SHOWPROGRESS=1 FEATURELEVEL=3
[2017.09.22-15.32.01:351][  0]LightingResults: New page: Lighting Build
[2017.09.22-15.32.01:416][  0]MapCheck: New page: Map Check
[2017.09.22-15.32.01:416][  0]LightingResults: New page: Lighting Build
[2017.09.22-15.32.02:018][  0]LogAIModule: Creating AISystem for world ThirdPersonExampleMap
[2017.09.22-15.32.02:034][  0]LogEditorServer: Finished looking for orphan Actors (0.000 secs)
[2017.09.22-15.32.02:054][  0]Cmd: MAP CHECKDEP NOCLEARLOG
[2017.09.22-15.32.02:100][  0]MapCheck: Info Map check complete: 0 Error(s), 0 Warning(s), took 46.558ms to complete.
[2017.09.22-15.32.02:100][  0]LogFileHelpers: Loading map 'ThirdPersonExampleMap' took 0.750
[2017.09.22-15.32.02:286][  0]LogCollectionManager: Loaded 0 collections in 0.001175 seconds
[2017.09.22-15.32.02:393][  0]LogFileCache: Scanning file cache for directory 'D:/iStepable/ProjectDev/ProjectBossFight/ProjectBossFight/Saved/Collections/' took 0.01s
[2017.09.22-15.32.02:393][  0]LogFileCache: Scanning file cache for directory 'D:/iStepable/ProjectDev/ProjectBossFight/ProjectBossFight/Content/Developers/student/Collections/' took 0.01s
[2017.09.22-15.32.02:393][  0]LogFileCache: Scanning file cache for directory 'D:/iStepable/ProjectDev/ProjectBossFight/ProjectBossFight/Content/Collections/' took 0.01s
[2017.09.22-15.32.02:393][  0]LogCollectionManager: Rebuilt the GUID cache for 0 collections in 0.000003 seconds
[2017.09.22-15.32.02:410][  0]LogContentBrowser: Native class hierarchy populated in 0.0169 seconds. Added 2329 classes and 491 folders.
[2017.09.22-15.32.02:467][  0]LogContentBrowser: Native class hierarchy updated for 'WidgetCarousel' in 0.0005 seconds. Added 0 classes and 0 folders.
[2017.09.22-15.32.02:522][  0]LogContentBrowser: Native class hierarchy updated for 'AddContentDialog' in 0.0012 seconds. Added 0 classes and 0 folders.
[2017.09.22-15.32.02:575][  0]LogContentBrowser: Native class hierarchy updated for 'SceneOutliner' in 0.0005 seconds. Added 1 classes and 2 folders.
[2017.09.22-15.32.02:604][  0]LogCrashTracker: Crashtracker disabled due to settings.
[2017.09.22-15.32.02:742][  0]LogContentBrowser: Native class hierarchy updated for 'HierarchicalLODOutliner' in 0.0012 seconds. Added 1 classes and 2 folders.
[2017.09.22-15.32.02:742][  0]LogLoad: (Engine Initialization) Total time: 17.63 seconds
[2017.09.22-15.32.02:742][  0]LogLoad: (Engine Initialization) Total Blueprint compile time: 0.17 seconds
[2017.09.22-15.32.02:742][  0]LogExternalProfiler: Found external profiler: VSPerf
[2017.09.22-15.32.02:742][  0]LogExternalProfiler: Using external profiler: VSPerf
[2017.09.22-15.32.03:081][  0]LogOcInput: OculusInput pre-init called
[2017.09.22-15.32.03:081][  0]LogHMD: Starting GearVRController plugin
[2017.09.22-15.32.03:107][  0]LogContentStreaming: Texture pool size now 1000 MB
[2017.09.22-15.32.03:109][  0]LogSlate: Took 0.000413 seconds to synchronously load lazily loaded font '../../../Engine/Content/Slate/Fonts/Roboto-Regular.ttf' (155K)
[2017.09.22-15.32.03:113][  0]LogSlate: Took 0.000322 seconds to synchronously load lazily loaded font '../../../Engine/Content/Slate/Fonts/Roboto-Bold.ttf' (160K)
[2017.09.22-15.32.03:123][  0]LogSlate: Took 0.000224 seconds to synchronously load lazily loaded font '../../../Engine/Content/Editor/Slate/Fonts/FontAwesome.ttf' (139K)
[2017.09.22-15.32.03:462][  2]LogRenderer: Reallocating scene render targets to support 1072x372 NumSamples 1 (Frame:1).
[2017.09.22-15.32.03:760][  2]LogAssetRegistry: Asset discovery search completed in 11.1981 seconds
[2017.09.22-15.32.03:765][  2]LogCollectionManager: Rebuilt the object cache for 0 collections in 0.000001 seconds (found 0 objects)
[2017.09.22-15.32.03:765][  2]LogCollectionManager: Fixed up redirectors for 0 collections in 0.000052 seconds (updated 0 objects)
[2017.09.22-15.32.04:101][  3]LogSlate: Took 0.000434 seconds to synchronously load lazily loaded font '../../../Engine/Content/Slate/Fonts/Roboto-Light.ttf' (159K)
[2017.09.22-15.32.16:451][218]LogRenderer: Reallocating scene render targets to support 1076x796 NumSamples 1 (Frame:163).
[2017.09.22-15.32.19:501][557]LogSlate: Took 0.000130 seconds to synchronously load lazily loaded font '../../../Engine/Content/Slate/Fonts/Roboto-Light.ttf' (159K)
[2017.09.22-15.32.19:530][557]LogAIModule: Creating AISystem for world Menu
[2017.09.22-15.32.19:550][557]Cmd: MAP LOAD FILE="D:/iStepable/ProjectDev/ProjectBossFight/ProjectBossFight/Content/Levels/Menu.umap" TEMPLATE=0 SHOWPROGRESS=1 FEATURELEVEL=3
[2017.09.22-15.32.19:550][557]LightingResults: New page: Lighting Build
[2017.09.22-15.32.19:551][557]LoadErrors: New page: Loading map: Menu.umap
[2017.09.22-15.32.19:552][557]MapCheck: New page: Map Check
[2017.09.22-15.32.19:552][557]LightingResults: New page: Lighting Build
[2017.09.22-15.32.19:569][557]LogEditorServer: Finished looking for orphan Actors (0.000 secs)
[2017.09.22-15.32.19:607][557]Cmd: MAP CHECKDEP NOCLEARLOG
[2017.09.22-15.32.19:650][557]MapCheck: Info Map check complete: 0 Error(s), 0 Warning(s), took 43.318ms to complete.
[2017.09.22-15.32.19:651][557]LogFileHelpers: Loading map 'Menu' took 0.101
[2017.09.22-15.32.22:054][757]LogContentBrowser: Native class hierarchy updated for 'BlueprintGraph' in 0.0008 seconds. Added 112 classes and 0 folders.
[2017.09.22-15.32.22:595][757]LogSlate: Took 0.000295 seconds to synchronously load lazily loaded font '../../../Engine/Content/Editor/Slate/Fonts/Roboto-BoldCondensed.ttf' (158K)
[2017.09.22-15.32.22:642][758]LogSlate: Took 0.000318 seconds to synchronously load lazily loaded font '../../../Engine/Content/Editor/Slate/Fonts/Roboto-Italic.ttf' (157K)
[2017.09.22-15.32.57:561][621]BlueprintLog: New page: Compile MainMenu
[2017.09.22-15.32.57:718][621]BlueprintEditorCompileResults: Info Fast Template Successfully Created.
[2017.09.22-15.32.58:333][694]LogTemp: Repeting last play command: Selected Viewport
[2017.09.22-15.32.58:392][694]LogBlueprintUserMessages: Early PlayInEditor Detection: Level '/Game/Levels/Menu.Menu:PersistentLevel' has LevelScriptBlueprint '/Game/Levels/Menu.Menu:PersistentLevel.Menu' with GeneratedClass '/Game/Levels/Menu.Menu_C' with ClassGeneratedBy '/Game/Levels/Menu.Menu:PersistentLevel.Menu'
[2017.09.22-15.32.58:392][694]LogPlayLevel: PlayLevel: No blueprints needed recompiling
[2017.09.22-15.32.58:393][694]PIE: New page: PIE session: Menu (Sep 22, 2017, 5:32:58 AM)
[2017.09.22-15.32.58:393][694]LogPlayLevel: Creating play world package: /Game/Levels/UEDPIE_0_Menu
[2017.09.22-15.32.58:393][694]LogPlayLevel: PIE: StaticDuplicateObject took: (0.000768s)
[2017.09.22-15.32.58:394][694]LogAIModule: Creating AISystem for world Menu
[2017.09.22-15.32.58:394][694]LogPlayLevel: PIE: World Init took: (0.000525s)
[2017.09.22-15.32.58:394][694]LogPlayLevel: PIE: Created PIE world by copying editor world from /Game/Levels/Menu.Menu to /Game/Levels/UEDPIE_0_Menu.Menu (0.001436s)
[2017.09.22-15.32.58:429][694]LogInit: XAudio2 using 'Speakers (Sound Blaster Recon3Di)' : 2 channels at 48 kHz using 32 bits per sample (channel mask 0x3)
[2017.09.22-15.32.58:441][694]LogInit: FAudioDevice initialized.
[2017.09.22-15.32.58:497][694]LogLoad: Game class is 'ThirdPersonGameMode_C'
[2017.09.22-15.32.58:500][694]LogWorld: Bringing World /Game/Levels/UEDPIE_0_Menu.Menu up for play (max tick rate 0) at 2017.09.22-10.32.58
[2017.09.22-15.32.58:500][694]LogWorld: Bringing up level for play took: 0.001374
[2017.09.22-15.32.58:501][694]LogGameMode: FindPlayerStart: PATHS NOT DEFINED or NO PLAYERSTART with positive rating
[2017.09.22-15.32.58:574][694]LogContentBrowser: Native class hierarchy updated for 'MovieSceneCapture' in 0.0008 seconds. Added 11 classes and 0 folders.
[2017.09.22-15.32.58:579][694]PIE: Info Play in editor start time for /Game/Levels/UEDPIE_0_Menu -0.738
[2017.09.22-15.32.58:579][694]LogBlueprintUserMessages: Late PlayInEditor Detection: Level '/Game/Levels/Menu.Menu:PersistentLevel' has LevelScriptBlueprint '/Game/Levels/Menu.Menu:PersistentLevel.Menu' with GeneratedClass '/Game/Levels/Menu.Menu_C' with ClassGeneratedBy '/Game/Levels/Menu.Menu:PersistentLevel.Menu'
[2017.09.22-15.32.58:602][694]LogRenderer: Reallocating scene render targets to support 1292x796 NumSamples 1 (Frame:1).
[2017.09.22-15.32.59:914][838]LogNet: Browse: /Game/ThirdPersonBP/Maps/ThirdPersonExampleMap
[2017.09.22-15.32.59:914][838]LogLoad: LoadMap: /Game/ThirdPersonBP/Maps/ThirdPersonExampleMap
[2017.09.22-15.32.59:945][838]Cmd: MEM
[2017.09.22-15.32.59:966][838]LogMemory: Platform Memory Stats for Windows
[2017.09.22-15.32.59:966][838]LogMemory: Process Physical Memory: 1328.41 MB used, 1331.91 MB peak
[2017.09.22-15.32.59:966][838]LogMemory: Process Virtual Memory: 1978.77 MB used, 2181.42 MB peak
[2017.09.22-15.32.59:966][838]LogMemory: Physical Memory: 6342.59 MB used,  18123.42 MB free, 24466.01 MB total
[2017.09.22-15.32.59:966][838]LogMemory: Virtual Memory: 2678.70 MB used,  18123.42 MB free, 8388608.00 MB total
[2017.09.22-15.32.59:966][838]LogMemory: 
[2017.09.22-15.32.59:966][838]Allocator Stats for TBB: (not implemented)
[2017.09.22-15.33.00:501][838]LogAIModule: Creating AISystem for world ThirdPersonExampleMap
[2017.09.22-15.33.00:502][838]LogLoad: Game class is 'ThirdPersonGameMode_C'
[2017.09.22-15.33.00:506][838]LogWorld: Bringing World /Game/ThirdPersonBP/Maps/UEDPIE_0_ThirdPersonExampleMap.ThirdPersonExampleMap up for play (max tick rate 0) at 2017.09.22-10.33.00
[2017.09.22-15.33.00:506][838]LogWorld: Bringing up level for play took: 0.002981
[2017.09.22-15.33.00:507][838]LogLoad: Took 0.592647 seconds to LoadMap(/Game/ThirdPersonBP/Maps/ThirdPersonExampleMap)
[2017.09.22-15.33.01:821][978]LogBlueprintUserMessages: Early EndPlayMap Detection: Level '/Game/Levels/Menu.Menu:PersistentLevel' has LevelScriptBlueprint '/Game/Levels/Menu.Menu:PersistentLevel.Menu' with GeneratedClass '/Game/Levels/Menu.Menu_C' with ClassGeneratedBy '/Game/Levels/Menu.Menu:PersistentLevel.Menu'
[2017.09.22-15.33.01:866][978]LogBlueprintUserMessages: Late EndPlayMap Detection: Level '/Game/Levels/Menu.Menu:PersistentLevel' has LevelScriptBlueprint '/Game/Levels/Menu.Menu:PersistentLevel.Menu' with GeneratedClass '/Game/Levels/Menu.Menu_C' with ClassGeneratedBy '/Game/Levels/Menu.Menu:PersistentLevel.Menu'
[2017.09.22-15.33.11:785][159]BlueprintLog: New page: Compile MainMenu
[2017.09.22-15.33.11:797][159]LogBlueprint:Error: [Compiler MainMenu] Error This blueprint (self) is not a PlayerController, therefore ' Target ' must have a connection.
[2017.09.22-15.33.11:797][159]LogBlueprint:Error: [Compiler MainMenu] Error Variable node  Set bShowMouseCursor  uses an invalid target.  It may depend on a node that is not connected to the execution chain, and got purged.
[2017.09.22-15.33.11:981][159]BlueprintEditorCompileResults:Error: Error This blueprint (self) is not a PlayerController, therefore ' Target ' must have a connection.
[2017.09.22-15.33.11:981][159]BlueprintEditorCompileResults:Error: Error Variable node  Set bShowMouseCursor  uses an invalid target.  It may depend on a node that is not connected to the execution chain, and got purged.
[2017.09.22-15.33.11:981][159]BlueprintEditorCompileResults: Info Fast Template Successfully Created.
[2017.09.22-15.33.11:981][159]LogBlueprint:Warning: [Compiler MainMenu] Warning [0086.86] Compile of MainMenu failed. 2 Fatal Issue(s) 0 Warning(s) [in 196 ms] (/Game/Widgets/MainMenu.MainMenu)
[2017.09.22-15.33.16:961][745]BlueprintLog: New page: Compile MainMenu
[2017.09.22-15.33.17:070][745]BlueprintEditorCompileResults: Info Fast Template Successfully Created.
[2017.09.22-15.33.27:142][932]Cmd: OBJ SAVEPACKAGE PACKAGE="/Game/Widgets/MainMenu" FILE="D:/iStepable/ProjectDev/ProjectBossFight/ProjectBossFight/Content/Widgets/MainMenu.uasset" SILENT=true
[2017.09.22-15.33.27:200][932]LogSavePackage: Save=48.27ms
[2017.09.22-15.33.27:200][932]LogSavePackage: Moving 'D:/iStepable/ProjectDev/ProjectBossFight/ProjectBossFight/Saved/MainMenu266E06E74C2C95C24F48A981BA9CF870.tmp' to 'D:/iStepable/ProjectDev/ProjectBossFight/ProjectBossFight/Content/Widgets/MainMenu.uasset'
[2017.09.22-15.33.27:202][932]LogSavePackage:Display: Finished SavePackage D:/iStepable/ProjectDev/ProjectBossFight/ProjectBossFight/Content/Widgets/MainMenu.uasset
[2017.09.22-15.34.08:729][163]Cmd: OBJ SAVEPACKAGE PACKAGE="/Game/Widgets/MainMenu" FILE="D:/iStepable/ProjectDev/ProjectBossFight/ProjectBossFight/Content/Widgets/MainMenu.uasset" SILENT=true
[2017.09.22-15.34.08:762][163]LogSavePackage: Save=30.19ms
[2017.09.22-15.34.08:762][163]LogSavePackage: Moving 'D:/iStepable/ProjectDev/ProjectBossFight/ProjectBossFight/Saved/MainMenu4AD9AECB4EF0B0D59C2A64B902A4B4AD.tmp' to 'D:/iStepable/ProjectDev/ProjectBossFight/ProjectBossFight/Content/Widgets/MainMenu.uasset'
[2017.09.22-15.34.08:764][163]LogSavePackage:Display: Finished SavePackage D:/iStepable/ProjectDev/ProjectBossFight/ProjectBossFight/Content/Widgets/MainMenu.uasset
[2017.09.22-15.34.09:066][198]BlueprintLog: New page: Compile MainMenu
[2017.09.22-15.34.09:173][198]BlueprintEditorCompileResults: Info Fast Template Successfully Created.
[2017.09.22-15.34.10:085][304]LogTemp: Repeting last play command: Selected Viewport
[2017.09.22-15.34.10:105][304]LogBlueprintUserMessages: Early PlayInEditor Detection: Level '/Game/Levels/Menu.Menu:PersistentLevel' has LevelScriptBlueprint '/Game/Levels/Menu.Menu:PersistentLevel.Menu' with GeneratedClass '/Game/Levels/Menu.Menu_C' with ClassGeneratedBy '/Game/Levels/Menu.Menu:PersistentLevel.Menu'
[2017.09.22-15.34.10:105][304]LogPlayLevel: PlayLevel: No blueprints needed recompiling
[2017.09.22-15.34.10:106][304]PIE: New page: PIE session: Menu (Sep 22, 2017, 5:34:10 AM)
[2017.09.22-15.34.10:106][304]LogPlayLevel: Creating play world package: /Game/Levels/UEDPIE_0_Menu
[2017.09.22-15.34.10:106][304]LogPlayLevel: PIE: StaticDuplicateObject took: (0.000782s)
[2017.09.22-15.34.10:107][304]LogAIModule: Creating AISystem for world Menu
[2017.09.22-15.34.10:107][304]LogPlayLevel: PIE: World Init took: (0.000511s)
[2017.09.22-15.34.10:107][304]LogPlayLevel: PIE: Created PIE world by copying editor world from /Game/Levels/Menu.Menu to /Game/Levels/UEDPIE_0_Menu.Menu (0.001430s)
[2017.09.22-15.34.10:137][304]LogInit: XAudio2 using 'Speakers (Sound Blaster Recon3Di)' : 2 channels at 48 kHz using 32 bits per sample (channel mask 0x3)
[2017.09.22-15.34.10:148][304]LogInit: FAudioDevice initialized.
[2017.09.22-15.34.10:185][304]LogLoad: Game class is 'ThirdPersonGameMode_C'
[2017.09.22-15.34.10:187][304]LogWorld: Bringing World /Game/Levels/UEDPIE_0_Menu.Menu up for play (max tick rate 0) at 2017.09.22-10.34.10
[2017.09.22-15.34.10:187][304]LogWorld: Bringing up level for play took: 0.000709
[2017.09.22-15.34.10:187][304]LogGameMode: FindPlayerStart: PATHS NOT DEFINED or NO PLAYERSTART with positive rating
[2017.09.22-15.34.10:193][304]PIE: Info Play in editor start time for /Game/Levels/UEDPIE_0_Menu 0.876
[2017.09.22-15.34.10:194][304]LogBlueprintUserMessages: Late PlayInEditor Detection: Level '/Game/Levels/Menu.Menu:PersistentLevel' has LevelScriptBlueprint '/Game/Levels/Menu.Menu:PersistentLevel.Menu' with GeneratedClass '/Game/Levels/Menu.Menu_C' with ClassGeneratedBy '/Game/Levels/Menu.Menu:PersistentLevel.Menu'
[2017.09.22-15.34.11:782][487]LogNet: Browse: /Game/ThirdPersonBP/Maps/ThirdPersonExampleMap
[2017.09.22-15.34.11:782][487]LogLoad: LoadMap: /Game/ThirdPersonBP/Maps/ThirdPersonExampleMap
[2017.09.22-15.34.11:812][487]Cmd: MEM
[2017.09.22-15.34.11:834][487]LogMemory: Platform Memory Stats for Windows
[2017.09.22-15.34.11:834][487]LogMemory: Process Physical Memory: 1547.50 MB used, 1551.18 MB peak
[2017.09.22-15.34.11:834][487]LogMemory: Process Virtual Memory: 2269.10 MB used, 2285.09 MB peak
[2017.09.22-15.34.11:834][487]LogMemory: Physical Memory: 6505.63 MB used,  17960.39 MB free, 24466.01 MB total
[2017.09.22-15.34.11:834][487]LogMemory: Virtual Memory: 2977.49 MB used,  17960.39 MB free, 8388608.00 MB total
[2017.09.22-15.34.11:834][487]LogMemory: 
[2017.09.22-15.34.11:834][487]Allocator Stats for TBB: (not implemented)
[2017.09.22-15.34.11:951][487]LogAIModule: Creating AISystem for world ThirdPersonExampleMap
[2017.09.22-15.34.11:952][487]LogLoad: Game class is 'ThirdPersonGameMode_C'
[2017.09.22-15.34.11:956][487]LogWorld: Bringing World /Game/ThirdPersonBP/Maps/UEDPIE_0_ThirdPersonExampleMap.ThirdPersonExampleMap up for play (max tick rate 0) at 2017.09.22-10.34.11
[2017.09.22-15.34.11:956][487]LogWorld: Bringing up level for play took: 0.002540
[2017.09.22-15.34.11:956][487]LogLoad: Took 0.174096 seconds to LoadMap(/Game/ThirdPersonBP/Maps/ThirdPersonExampleMap)
[2017.09.22-15.34.16:568][ 30]LogBlueprintUserMessages: Early EndPlayMap Detection: Level '/Game/Levels/Menu.Menu:PersistentLevel' has LevelScriptBlueprint '/Game/Levels/Menu.Menu:PersistentLevel.Menu' with GeneratedClass '/Game/Levels/Menu.Menu_C' with ClassGeneratedBy '/Game/Levels/Menu.Menu:PersistentLevel.Menu'
[2017.09.22-15.34.16:624][ 30]LogBlueprintUserMessages: Late EndPlayMap Detection: Level '/Game/Levels/Menu.Menu:PersistentLevel' has LevelScriptBlueprint '/Game/Levels/Menu.Menu:PersistentLevel.Menu' with GeneratedClass '/Game/Levels/Menu.Menu_C' with ClassGeneratedBy '/Game/Levels/Menu.Menu:PersistentLevel.Menu'
[2017.09.22-15.34.45:517][411]LogAIModule: Creating AISystem for world ThirdPersonExampleMap
[2017.09.22-15.34.45:558][411]Cmd: MAP LOAD FILE="D:/iStepable/ProjectDev/ProjectBossFight/ProjectBossFight/Content/ThirdPersonBP/Maps/ThirdPersonExampleMap.umap" TEMPLATE=0 SHOWPROGRESS=1 FEATURELEVEL=3
[2017.09.22-15.34.45:559][411]LightingResults: New page: Lighting Build
[2017.09.22-15.34.45:560][411]LoadErrors: New page: Loading map: ThirdPersonExampleMap.umap
[2017.09.22-15.34.45:560][411]MapCheck: New page: Map Check
[2017.09.22-15.34.45:560][411]LightingResults: New page: Lighting Build
[2017.09.22-15.34.45:582][411]LogEditorServer: Finished looking for orphan Actors (0.000 secs)
[2017.09.22-15.34.45:632][411]Cmd: MAP CHECKDEP NOCLEARLOG
[2017.09.22-15.34.45:676][411]MapCheck: Info Map check complete: 0 Error(s), 0 Warning(s), took 44.346ms to complete.
[2017.09.22-15.34.45:676][411]LogFileHelpers: Loading map 'ThirdPersonExampleMap' took 0.120
[2017.09.22-15.35.43:098][808]LogEditorViewport: Clicking on Actor (context menu): StaticMeshActor (Floor)
[2017.09.22-15.35.43:769][851]LogEditorViewport: Clicking on Actor (LMB): StaticMeshActor (Floor)
[2017.09.22-15.35.46:906][140]LogEditorViewport: Clicking on Actor (LMB): StaticMeshActor (Floor)
[2017.09.22-15.35.47:345][188]LogEditorViewport: Clicking on Actor (LMB): ThirdPersonCharacter_C (ThirdPersonCharacter)
[2017.09.22-15.35.49:996][455]LogSavePackage: Save=146.53ms
[2017.09.22-15.35.49:996][455]LogSavePackage: Moving 'D:/iStepable/ProjectDev/ProjectBossFight/ProjectBossFight/Saved/ThirdPersonExampleMap667DF0F1433AA5A46E35A8A2B6ADDB55.tmp' to 'D:/iStepable/ProjectDev/ProjectBossFight/ProjectBossFight/Content/ThirdPersonBP/Maps/ThirdPersonExampleMap.umap'
[2017.09.22-15.35.49:998][455]LogSavePackage:Display: Finished SavePackage D:/iStepable/ProjectDev/ProjectBossFight/ProjectBossFight/Content/ThirdPersonBP/Maps/ThirdPersonExampleMap.umap
[2017.09.22-15.35.50:142][455]LogSavePackage: Save=107.59ms
[2017.09.22-15.35.50:142][455]LogSavePackage: Moving 'D:/iStepable/ProjectDev/ProjectBossFight/ProjectBossFight/Saved/ThirdPersonExampleMap_BuiltData442B901249B5125472399BA5CFA3F414.tmp' to 'D:/iStepable/ProjectDev/ProjectBossFight/ProjectBossFight/Content/ThirdPersonBP/Maps/ThirdPersonExampleMap_BuiltData.uasset'
[2017.09.22-15.35.50:143][455]LogSavePackage:Display: Finished SavePackage D:/iStepable/ProjectDev/ProjectBossFight/ProjectBossFight/Content/ThirdPersonBP/Maps/ThirdPersonExampleMap_BuiltData.uasset
[2017.09.22-15.36.07:637][122]LogRenderer: Reallocating scene render targets to support 1332x796 NumSamples 1 (Frame:1).
[2017.09.22-15.36.57:427][899]BlueprintLog: New page: Compile Checkpoint
[2017.09.22-15.38.09:010][234]BlueprintLog: New page: Compile Checkpoint
[2017.09.22-15.38.19:540][ 26]BlueprintLog: New page: Compile Checkpoint
[2017.09.22-15.38.21:062][186]Cmd: OBJ SAVEPACKAGE PACKAGE="/Game/Blueprints/Checkpoint" FILE="D:/iStepable/ProjectDev/ProjectBossFight/ProjectBossFight/Content/Blueprints/Checkpoint.uasset" SILENT=true
[2017.09.22-15.38.21:080][186]LogSavePackage: Save=15.95ms
[2017.09.22-15.38.21:080][186]LogSavePackage: Moving 'D:/iStepable/ProjectDev/ProjectBossFight/ProjectBossFight/Saved/Checkpoint948CDF774050D12F4C0D7681F50128BF.tmp' to 'D:/iStepable/ProjectDev/ProjectBossFight/ProjectBossFight/Content/Blueprints/Checkpoint.uasset'
[2017.09.22-15.38.21:085][186]LogSavePackage:Display: Finished SavePackage D:/iStepable/ProjectDev/ProjectBossFight/ProjectBossFight/Content/Blueprints/Checkpoint.uasset
[2017.09.22-15.38.44:142][426]LogSavePackage: Save=137.83ms
[2017.09.22-15.38.44:142][426]LogSavePackage: Moving 'D:/iStepable/ProjectDev/ProjectBossFight/ProjectBossFight/Saved/ThirdPersonExampleMap50BCB5984287ABDA6C6DDAA79A5F465B.tmp' to 'D:/iStepable/ProjectDev/ProjectBossFight/ProjectBossFight/Content/ThirdPersonBP/Maps/ThirdPersonExampleMap.umap'
[2017.09.22-15.38.44:144][426]LogSavePackage:Display: Finished SavePackage D:/iStepable/ProjectDev/ProjectBossFight/ProjectBossFight/Content/ThirdPersonBP/Maps/ThirdPersonExampleMap.umap
[2017.09.22-15.38.44:290][426]LogSavePackage: Save=113.38ms
[2017.09.22-15.38.44:290][426]LogSavePackage: Moving 'D:/iStepable/ProjectDev/ProjectBossFight/ProjectBossFight/Saved/ThirdPersonExampleMap_BuiltData992575BB4A63E8F08C8BB2A0E8304E74.tmp' to 'D:/iStepable/ProjectDev/ProjectBossFight/ProjectBossFight/Content/ThirdPersonBP/Maps/ThirdPersonExampleMap_BuiltData.uasset'
[2017.09.22-15.38.44:290][426]LogSavePackage:Display: Finished SavePackage D:/iStepable/ProjectDev/ProjectBossFight/ProjectBossFight/Content/ThirdPersonBP/Maps/ThirdPersonExampleMap_BuiltData.uasset
[2017.09.22-15.38.58:919][802]LogRenderer: Reallocating scene render targets to support 1332x984 NumSamples 1 (Frame:8419).
[2017.09.22-15.39.03:193][299]LogEditorViewport: Clicking on Actor (LMB): ThirdPersonCharacter_C (ThirdPersonCharacter)
[2017.09.22-15.39.20:364][284]LogSlate: Took 0.008863 seconds to synchronously load lazily loaded font '../../../Engine/Content/Editor/Slate/Fonts/Roboto-BoldCondensedItalic.ttf' (160K)
[2017.09.22-15.39.31:691][616]LogSlate:Warning: Prevented a slow task dialog from being summoned while a context menu was open
[2017.09.22-15.39.55:667][324]BlueprintLog: New page: Compile ThirdPersonCharacter
[2017.09.22-15.42.49:616][747]BlueprintLog: New page: Compile ThirdPersonCharacter
[2017.09.22-15.45.52:137][219]BlueprintLog: New page: Compile Checkpoint
[2017.09.22-15.45.52:143][219]LogBlueprint:Error: [Compiler Checkpoint] Error The type of  Object  is undetermined.  Connect something to  Cast To ThirdPersonCharacter  to imply a specific type.
[2017.09.22-15.45.52:143][219]LogBlueprint:Error: [Compiler Checkpoint] Error The current value of the ' Object ' pin is invalid: Unsupported type Object Wildcard on pin Object
[2017.09.22-15.45.52:377][219]BlueprintEditorCompileResults:Error: Error The type of  Object  is undetermined.  Connect something to  Cast To ThirdPersonCharacter  to imply a specific type.
[2017.09.22-15.45.52:378][219]BlueprintEditorCompileResults:Error: Error The current value of the ' Object ' pin is invalid: Unsupported type Object Wildcard on pin Object
[2017.09.22-15.45.52:378][219]LogBlueprint:Warning: [Compiler Checkpoint] Warning [0847.25] Compile of Checkpoint failed. 2 Fatal Issue(s) 0 Warning(s) [in 240 ms] (/Game/Blueprints/Checkpoint.Checkpoint)
[2017.09.22-15.46.00:245][149]BlueprintLog: New page: Compile Checkpoint
[2017.09.22-15.46.02:877][394]LogSavePackage: Save=144.16ms
[2017.09.22-15.46.02:877][394]LogSavePackage: Moving 'D:/iStepable/ProjectDev/ProjectBossFight/ProjectBossFight/Saved/ThirdPersonExampleMap84957B9142324EF801546C9B4F018254.tmp' to 'D:/iStepable/ProjectDev/ProjectBossFight/ProjectBossFight/Content/ThirdPersonBP/Maps/ThirdPersonExampleMap.umap'
[2017.09.22-15.46.02:879][394]LogSavePackage:Display: Finished SavePackage D:/iStepable/ProjectDev/ProjectBossFight/ProjectBossFight/Content/ThirdPersonBP/Maps/ThirdPersonExampleMap.umap
[2017.09.22-15.46.02:909][394]LogFileHelpers: Saving map 'ThirdPersonExampleMap' took 0.286
[2017.09.22-15.46.03:046][394]LogSavePackage: Save=88.90ms
[2017.09.22-15.46.03:046][394]LogSavePackage: Moving 'D:/iStepable/ProjectDev/ProjectBossFight/ProjectBossFight/Saved/ThirdPersonCharacter48C624F24C9B0D4CAC96619A8A2D5D77.tmp' to 'D:/iStepable/ProjectDev/ProjectBossFight/ProjectBossFight/Content/ThirdPersonBP/Blueprints/ThirdPersonCharacter.uasset'
[2017.09.22-15.46.03:048][394]LogSavePackage:Display: Finished SavePackage D:/iStepable/ProjectDev/ProjectBossFight/ProjectBossFight/Content/ThirdPersonBP/Blueprints/ThirdPersonCharacter.uasset
[2017.09.22-15.46.03:079][394]Cmd: OBJ SAVEPACKAGE PACKAGE="/Game/Blueprints/Checkpoint" FILE="D:/iStepable/ProjectDev/ProjectBossFight/ProjectBossFight/Content/Blueprints/Checkpoint.uasset" SILENT=true
[2017.09.22-15.46.03:122][394]LogSavePackage: Save=32.27ms
[2017.09.22-15.46.03:122][394]LogSavePackage: Moving 'D:/iStepable/ProjectDev/ProjectBossFight/ProjectBossFight/Saved/CheckpointF1BF7DFC47199B5F6885BBB174E7AC8A.tmp' to 'D:/iStepable/ProjectDev/ProjectBossFight/ProjectBossFight/Content/Blueprints/Checkpoint.uasset'
[2017.09.22-15.46.03:124][394]LogSavePackage:Display: Finished SavePackage D:/iStepable/ProjectDev/ProjectBossFight/ProjectBossFight/Content/Blueprints/Checkpoint.uasset
[2017.09.22-15.56.58:606][338]LogTemp: Repeting last play command: Selected Viewport
[2017.09.22-15.56.58:626][338]LogBlueprintUserMessages: Early PlayInEditor Detection: Level '/Game/ThirdPersonBP/Maps/ThirdPersonExampleMap.ThirdPersonExampleMap:PersistentLevel' has LevelScriptBlueprint '/Game/ThirdPersonBP/Maps/ThirdPersonExampleMap.ThirdPersonExampleMap:PersistentLevel.ThirdPersonExampleMap' with GeneratedClass '/Game/ThirdPersonBP/Maps/ThirdPersonExampleMap.ThirdPersonExampleMap_C' with ClassGeneratedBy '/Game/ThirdPersonBP/Maps/ThirdPersonExampleMap.ThirdPersonExampleMap:PersistentLevel.ThirdPersonExampleMap'
[2017.09.22-15.56.58:626][338]LogPlayLevel: PlayLevel: No blueprints needed recompiling
[2017.09.22-15.56.58:626][338]PIE: New page: PIE session: ThirdPersonExampleMap (Sep 22, 2017, 5:56:58 AM)
[2017.09.22-15.56.58:626][338]LogPlayLevel: Creating play world package: /Game/ThirdPersonBP/Maps/UEDPIE_0_ThirdPersonExampleMap
[2017.09.22-15.56.58:645][338]LogPlayLevel: PIE: StaticDuplicateObject took: (0.018816s)
[2017.09.22-15.56.58:646][338]LogAIModule: Creating AISystem for world ThirdPersonExampleMap
[2017.09.22-15.56.58:646][338]LogPlayLevel: PIE: World Init took: (0.000670s)
[2017.09.22-15.56.58:646][338]LogPlayLevel: PIE: Created PIE world by copying editor world from /Game/ThirdPersonBP/Maps/ThirdPersonExampleMap.ThirdPersonExampleMap to /Game/ThirdPersonBP/Maps/UEDPIE_0_ThirdPersonExampleMap.ThirdPersonExampleMap (0.019698s)
[2017.09.22-15.56.58:697][338]LogInit: XAudio2 using 'Speakers (Sound Blaster Recon3Di)' : 2 channels at 48 kHz using 32 bits per sample (channel mask 0x3)
[2017.09.22-15.56.58:707][338]LogInit: FAudioDevice initialized.
[2017.09.22-15.56.58:745][338]LogLoad: Game class is 'ThirdPersonGameMode_C'
[2017.09.22-15.56.58:749][338]LogWorld: Bringing World /Game/ThirdPersonBP/Maps/UEDPIE_0_ThirdPersonExampleMap.ThirdPersonExampleMap up for play (max tick rate 0) at 2017.09.22-10.56.58
[2017.09.22-15.56.58:749][338]LogWorld: Bringing up level for play took: 0.001961
[2017.09.22-15.56.58:751][338]PIE: Info Play in editor start time for /Game/ThirdPersonBP/Maps/UEDPIE_0_ThirdPersonExampleMap -0.584
[2017.09.22-15.56.58:751][338]LogBlueprintUserMessages: Late PlayInEditor Detection: Level '/Game/ThirdPersonBP/Maps/ThirdPersonExampleMap.ThirdPersonExampleMap:PersistentLevel' has LevelScriptBlueprint '/Game/ThirdPersonBP/Maps/ThirdPersonExampleMap.ThirdPersonExampleMap:PersistentLevel.ThirdPersonExampleMap' with GeneratedClass '/Game/ThirdPersonBP/Maps/ThirdPersonExampleMap.ThirdPersonExampleMap_C' with ClassGeneratedBy '/Game/ThirdPersonBP/Maps/ThirdPersonExampleMap.ThirdPersonExampleMap:PersistentLevel.ThirdPersonExampleMap'
[2017.09.22-15.56.59:980][471]LogBlueprintUserMessages: Early EndPlayMap Detection: Level '/Game/ThirdPersonBP/Maps/ThirdPersonExampleMap.ThirdPersonExampleMap:PersistentLevel' has LevelScriptBlueprint '/Game/ThirdPersonBP/Maps/ThirdPersonExampleMap.ThirdPersonExampleMap:PersistentLevel.ThirdPersonExampleMap' with GeneratedClass '/Game/ThirdPersonBP/Maps/ThirdPersonExampleMap.ThirdPersonExampleMap_C' with ClassGeneratedBy '/Game/ThirdPersonBP/Maps/ThirdPersonExampleMap.ThirdPersonExampleMap:PersistentLevel.ThirdPersonExampleMap'
[2017.09.22-15.57.00:067][471]LogBlueprintUserMessages: Late EndPlayMap Detection: Level '/Game/ThirdPersonBP/Maps/ThirdPersonExampleMap.ThirdPersonExampleMap:PersistentLevel' has LevelScriptBlueprint '/Game/ThirdPersonBP/Maps/ThirdPersonExampleMap.ThirdPersonExampleMap:PersistentLevel.ThirdPersonExampleMap' with GeneratedClass '/Game/ThirdPersonBP/Maps/ThirdPersonExampleMap.ThirdPersonExampleMap_C' with ClassGeneratedBy '/Game/ThirdPersonBP/Maps/ThirdPersonExampleMap.ThirdPersonExampleMap:PersistentLevel.ThirdPersonExampleMap'
[2017.09.22-15.57.18:353][427]BlueprintLog: New page: Compile Checkpoint
[2017.09.22-15.57.19:209][510]Cmd: OBJ SAVEPACKAGE PACKAGE="/Game/Blueprints/Checkpoint" FILE="D:/iStepable/ProjectDev/ProjectBossFight/ProjectBossFight/Content/Blueprints/Checkpoint.uasset" SILENT=true
[2017.09.22-15.57.19:254][510]LogSavePackage: Save=34.01ms
[2017.09.22-15.57.19:254][510]LogSavePackage: Moving 'D:/iStepable/ProjectDev/ProjectBossFight/ProjectBossFight/Saved/Checkpoint73596C7B48687E66AD95C4B281EA85DD.tmp' to 'D:/iStepable/ProjectDev/ProjectBossFight/ProjectBossFight/Content/Blueprints/Checkpoint.uasset'
[2017.09.22-15.57.19:256][510]LogSavePackage:Display: Finished SavePackage D:/iStepable/ProjectDev/ProjectBossFight/ProjectBossFight/Content/Blueprints/Checkpoint.uasset
[2017.09.22-15.57.19:938][591]LogTemp: Repeting last play command: Selected Viewport
[2017.09.22-15.57.19:954][591]LogBlueprintUserMessages: Early PlayInEditor Detection: Level '/Game/ThirdPersonBP/Maps/ThirdPersonExampleMap.ThirdPersonExampleMap:PersistentLevel' has LevelScriptBlueprint '/Game/ThirdPersonBP/Maps/ThirdPersonExampleMap.ThirdPersonExampleMap:PersistentLevel.ThirdPersonExampleMap' with GeneratedClass '/Game/ThirdPersonBP/Maps/ThirdPersonExampleMap.ThirdPersonExampleMap_C' with ClassGeneratedBy '/Game/ThirdPersonBP/Maps/ThirdPersonExampleMap.ThirdPersonExampleMap:PersistentLevel.ThirdPersonExampleMap'
[2017.09.22-15.57.19:954][591]LogPlayLevel: PlayLevel: No blueprints needed recompiling
[2017.09.22-15.57.19:954][591]PIE: New page: PIE session: ThirdPersonExampleMap (Sep 22, 2017, 5:57:19 AM)
[2017.09.22-15.57.19:954][591]LogPlayLevel: Creating play world package: /Game/ThirdPersonBP/Maps/UEDPIE_0_ThirdPersonExampleMap
[2017.09.22-15.57.19:970][591]LogPlayLevel: PIE: StaticDuplicateObject took: (0.016093s)
[2017.09.22-15.57.19:971][591]LogAIModule: Creating AISystem for world ThirdPersonExampleMap
[2017.09.22-15.57.19:971][591]LogPlayLevel: PIE: World Init took: (0.000608s)
[2017.09.22-15.57.19:971][591]LogPlayLevel: PIE: Created PIE world by copying editor world from /Game/ThirdPersonBP/Maps/ThirdPersonExampleMap.ThirdPersonExampleMap to /Game/ThirdPersonBP/Maps/UEDPIE_0_ThirdPersonExampleMap.ThirdPersonExampleMap (0.016886s)
[2017.09.22-15.57.20:029][591]LogInit: XAudio2 using 'Speakers (Sound Blaster Recon3Di)' : 2 channels at 48 kHz using 32 bits per sample (channel mask 0x3)
[2017.09.22-15.57.20:038][591]LogInit: FAudioDevice initialized.
[2017.09.22-15.57.20:079][591]LogLoad: Game class is 'ThirdPersonGameMode_C'
[2017.09.22-15.57.20:084][591]LogWorld: Bringing World /Game/ThirdPersonBP/Maps/UEDPIE_0_ThirdPersonExampleMap.ThirdPersonExampleMap up for play (max tick rate 0) at 2017.09.22-10.57.20
[2017.09.22-15.57.20:084][591]LogWorld: Bringing up level for play took: 0.003026
[2017.09.22-15.57.20:087][591]PIE: Info Play in editor start time for /Game/ThirdPersonBP/Maps/UEDPIE_0_ThirdPersonExampleMap 0.752
[2017.09.22-15.57.20:088][591]LogBlueprintUserMessages: Late PlayInEditor Detection: Level '/Game/ThirdPersonBP/Maps/ThirdPersonExampleMap.ThirdPersonExampleMap:PersistentLevel' has LevelScriptBlueprint '/Game/ThirdPersonBP/Maps/ThirdPersonExampleMap.ThirdPersonExampleMap:PersistentLevel.ThirdPersonExampleMap' with GeneratedClass '/Game/ThirdPersonBP/Maps/ThirdPersonExampleMap.ThirdPersonExampleMap_C' with ClassGeneratedBy '/Game/ThirdPersonBP/Maps/ThirdPersonExampleMap.ThirdPersonExampleMap:PersistentLevel.ThirdPersonExampleMap'
[2017.09.22-15.57.22:156][824]LogBlueprintUserMessages: [Checkpoint_147] CheckPoint!
[2017.09.22-15.57.31:327][673]LogBlueprintUserMessages: [Checkpoint_147] CheckPoint!
[2017.09.22-15.57.33:211][899]LogBlueprintUserMessages: [Checkpoint_147] CheckPoint!
[2017.09.22-15.57.33:745][963]LogBlueprintUserMessages: [Checkpoint_147] CheckPoint!
[2017.09.22-15.57.36:780][327]LogBlueprintUserMessages: [Checkpoint_147] CheckPoint!
[2017.09.22-15.57.38:655][552]LogBlueprintUserMessages: Early EndPlayMap Detection: Level '/Game/ThirdPersonBP/Maps/ThirdPersonExampleMap.ThirdPersonExampleMap:PersistentLevel' has LevelScriptBlueprint '/Game/ThirdPersonBP/Maps/ThirdPersonExampleMap.ThirdPersonExampleMap:PersistentLevel.ThirdPersonExampleMap' with GeneratedClass '/Game/ThirdPersonBP/Maps/ThirdPersonExampleMap.ThirdPersonExampleMap_C' with ClassGeneratedBy '/Game/ThirdPersonBP/Maps/ThirdPersonExampleMap.ThirdPersonExampleMap:PersistentLevel.ThirdPersonExampleMap'
[2017.09.22-15.57.38:738][552]LogBlueprintUserMessages: Late EndPlayMap Detection: Level '/Game/ThirdPersonBP/Maps/ThirdPersonExampleMap.ThirdPersonExampleMap:PersistentLevel' has LevelScriptBlueprint '/Game/ThirdPersonBP/Maps/ThirdPersonExampleMap.ThirdPersonExampleMap:PersistentLevel.ThirdPersonExampleMap' with GeneratedClass '/Game/ThirdPersonBP/Maps/ThirdPersonExampleMap.ThirdPersonExampleMap_C' with ClassGeneratedBy '/Game/ThirdPersonBP/Maps/ThirdPersonExampleMap.ThirdPersonExampleMap:PersistentLevel.ThirdPersonExampleMap'
[2017.09.22-15.57.42:051][898]LogSavePackage: Save=140.10ms
[2017.09.22-15.57.42:051][898]LogSavePackage: Moving 'D:/iStepable/ProjectDev/ProjectBossFight/ProjectBossFight/Saved/ThirdPersonExampleMapAD5D9B334881D43CE91F4583507BEBFA.tmp' to 'D:/iStepable/ProjectDev/ProjectBossFight/ProjectBossFight/Content/ThirdPersonBP/Maps/ThirdPersonExampleMap.umap'
[2017.09.22-15.57.42:054][898]LogSavePackage:Display: Finished SavePackage D:/iStepable/ProjectDev/ProjectBossFight/ProjectBossFight/Content/ThirdPersonBP/Maps/ThirdPersonExampleMap.umap
[2017.09.22-15.57.42:083][898]LogFileHelpers: Saving map 'ThirdPersonExampleMap' took 0.259
[2017.09.22-15.57.50:660][970]LogActorComponent: UnregisterComponent: (/Engine/Transient.EditorFloorComp) Not registered. Aborting.
[2017.09.22-15.57.50:910][971]Cmd: QUIT_EDITOR
[2017.09.22-15.57.51:005][971]LogExit: Preparing to exit.
